[0.049s] DEBUG:colcon:Command line arguments: ['/usr/bin/colcon', 'build', '--symlink-install', '--parallel-workers', '4']
[0.049s] DEBUG:colcon:Parsed command line arguments: Namespace(log_base=None, log_level=None, verb_name='build', build_base='build', install_base='install', merge_install=False, symlink_install=True, test_result_base=None, continue_on_error=False, executor='parallel', parallel_workers=4, event_handlers=None, ignore_user_meta=False, metas=['./colcon.meta'], base_paths=['.'], packages_ignore=None, packages_ignore_regex=None, paths=None, packages_up_to=None, packages_up_to_regex=None, packages_above=None, packages_above_and_dependencies=None, packages_above_depth=None, packages_select_by_dep=None, packages_skip_by_dep=None, packages_skip_up_to=None, packages_select_build_failed=False, packages_skip_build_finished=False, packages_select_test_failures=False, packages_skip_test_passed=False, packages_select=None, packages_skip=None, packages_select_regex=None, packages_skip_regex=None, packages_start=None, packages_end=None, allow_overriding=[], cmake_args=None, cmake_target=None, cmake_target_skip_unavailable=False, cmake_clean_cache=False, cmake_clean_first=False, cmake_force_configure=False, ament_cmake_args=None, catkin_cmake_args=None, catkin_skip_building_tests=False, verb_parser=<colcon_defaults.argument_parser.defaults.DefaultArgumentsDecorator object at 0x7e401e0580d0>, verb_extension=<colcon_core.verb.build.BuildVerb object at 0x7e401e01bb80>, main=<bound method BuildVerb.main of <colcon_core.verb.build.BuildVerb object at 0x7e401e01bb80>>)
[0.117s] Level 1:colcon.colcon_core.package_discovery:discover_packages(colcon_meta) check parameters
[0.117s] Level 1:colcon.colcon_core.package_discovery:discover_packages(recursive) check parameters
[0.117s] Level 1:colcon.colcon_core.package_discovery:discover_packages(ignore) check parameters
[0.117s] Level 1:colcon.colcon_core.package_discovery:discover_packages(path) check parameters
[0.117s] Level 1:colcon.colcon_core.package_discovery:discover_packages(colcon_meta) discover
[0.117s] Level 1:colcon.colcon_core.package_discovery:discover_packages(recursive) discover
[0.117s] INFO:colcon.colcon_core.package_discovery:Crawling recursively for packages in '/home/xwz/1_fyt01/FYT2024_vision-main'
[0.117s] Level 1:colcon.colcon_core.package_identification:_identify(.) by extensions ['ignore', 'ignore_ament_install']
[0.118s] Level 1:colcon.colcon_core.package_identification:_identify(.) by extension 'ignore'
[0.118s] Level 1:colcon.colcon_core.package_identification:_identify(.) by extension 'ignore_ament_install'
[0.118s] Level 1:colcon.colcon_core.package_identification:_identify(.) by extensions ['colcon_pkg']
[0.118s] Level 1:colcon.colcon_core.package_identification:_identify(.) by extension 'colcon_pkg'
[0.118s] Level 1:colcon.colcon_core.package_identification:_identify(.) by extensions ['colcon_meta']
[0.118s] Level 1:colcon.colcon_core.package_identification:_identify(.) by extension 'colcon_meta'
[0.118s] Level 1:colcon.colcon_core.package_identification:_identify(.) by extensions ['ros']
[0.118s] Level 1:colcon.colcon_core.package_identification:_identify(.) by extension 'ros'
[0.124s] Level 1:colcon.colcon_core.package_identification:_identify(.) by extensions ['cmake', 'python']
[0.124s] Level 1:colcon.colcon_core.package_identification:_identify(.) by extension 'cmake'
[0.124s] Level 1:colcon.colcon_core.package_identification:_identify(.) by extension 'python'
[0.124s] Level 1:colcon.colcon_core.package_identification:_identify(.) by extensions ['python_setup_py']
[0.124s] Level 1:colcon.colcon_core.package_identification:_identify(.) by extension 'python_setup_py'
[0.124s] Level 1:colcon.colcon_core.package_identification:_identify(build) by extensions ['ignore', 'ignore_ament_install']
[0.124s] Level 1:colcon.colcon_core.package_identification:_identify(build) by extension 'ignore'
[0.124s] Level 1:colcon.colcon_core.package_identification:_identify(build) ignored
[0.124s] Level 1:colcon.colcon_core.package_identification:_identify(install) by extensions ['ignore', 'ignore_ament_install']
[0.124s] Level 1:colcon.colcon_core.package_identification:_identify(install) by extension 'ignore'
[0.124s] Level 1:colcon.colcon_core.package_identification:_identify(install) ignored
[0.124s] Level 1:colcon.colcon_core.package_identification:_identify(log) by extensions ['ignore', 'ignore_ament_install']
[0.124s] Level 1:colcon.colcon_core.package_identification:_identify(log) by extension 'ignore'
[0.124s] Level 1:colcon.colcon_core.package_identification:_identify(log) ignored
[0.124s] Level 1:colcon.colcon_core.package_identification:_identify(src) by extensions ['ignore', 'ignore_ament_install']
[0.124s] Level 1:colcon.colcon_core.package_identification:_identify(src) by extension 'ignore'
[0.124s] Level 1:colcon.colcon_core.package_identification:_identify(src) by extension 'ignore_ament_install'
[0.124s] Level 1:colcon.colcon_core.package_identification:_identify(src) by extensions ['colcon_pkg']
[0.124s] Level 1:colcon.colcon_core.package_identification:_identify(src) by extension 'colcon_pkg'
[0.124s] Level 1:colcon.colcon_core.package_identification:_identify(src) by extensions ['colcon_meta']
[0.124s] Level 1:colcon.colcon_core.package_identification:_identify(src) by extension 'colcon_meta'
[0.124s] Level 1:colcon.colcon_core.package_identification:_identify(src) by extensions ['ros']
[0.124s] Level 1:colcon.colcon_core.package_identification:_identify(src) by extension 'ros'
[0.124s] Level 1:colcon.colcon_core.package_identification:_identify(src) by extensions ['cmake', 'python']
[0.124s] Level 1:colcon.colcon_core.package_identification:_identify(src) by extension 'cmake'
[0.124s] Level 1:colcon.colcon_core.package_identification:_identify(src) by extension 'python'
[0.124s] Level 1:colcon.colcon_core.package_identification:_identify(src) by extensions ['python_setup_py']
[0.124s] Level 1:colcon.colcon_core.package_identification:_identify(src) by extension 'python_setup_py'
[0.124s] Level 1:colcon.colcon_core.package_identification:_identify(src/log) by extensions ['ignore', 'ignore_ament_install']
[0.124s] Level 1:colcon.colcon_core.package_identification:_identify(src/log) by extension 'ignore'
[0.124s] Level 1:colcon.colcon_core.package_identification:_identify(src/log) ignored
[0.124s] Level 1:colcon.colcon_core.package_identification:_identify(src/rm_auto_aim) by extensions ['ignore', 'ignore_ament_install']
[0.124s] Level 1:colcon.colcon_core.package_identification:_identify(src/rm_auto_aim) by extension 'ignore'
[0.124s] Level 1:colcon.colcon_core.package_identification:_identify(src/rm_auto_aim) by extension 'ignore_ament_install'
[0.124s] Level 1:colcon.colcon_core.package_identification:_identify(src/rm_auto_aim) by extensions ['colcon_pkg']
[0.125s] Level 1:colcon.colcon_core.package_identification:_identify(src/rm_auto_aim) by extension 'colcon_pkg'
[0.125s] Level 1:colcon.colcon_core.package_identification:_identify(src/rm_auto_aim) by extensions ['colcon_meta']
[0.125s] Level 1:colcon.colcon_core.package_identification:_identify(src/rm_auto_aim) by extension 'colcon_meta'
[0.125s] Level 1:colcon.colcon_core.package_identification:_identify(src/rm_auto_aim) by extensions ['ros']
[0.125s] Level 1:colcon.colcon_core.package_identification:_identify(src/rm_auto_aim) by extension 'ros'
[0.125s] Level 1:colcon.colcon_core.package_identification:_identify(src/rm_auto_aim) by extensions ['cmake', 'python']
[0.125s] Level 1:colcon.colcon_core.package_identification:_identify(src/rm_auto_aim) by extension 'cmake'
[0.125s] Level 1:colcon.colcon_core.package_identification:_identify(src/rm_auto_aim) by extension 'python'
[0.125s] Level 1:colcon.colcon_core.package_identification:_identify(src/rm_auto_aim) by extensions ['python_setup_py']
[0.125s] Level 1:colcon.colcon_core.package_identification:_identify(src/rm_auto_aim) by extension 'python_setup_py'
[0.125s] Level 1:colcon.colcon_core.package_identification:_identify(src/rm_auto_aim/armor_detector) by extensions ['ignore', 'ignore_ament_install']
[0.125s] Level 1:colcon.colcon_core.package_identification:_identify(src/rm_auto_aim/armor_detector) by extension 'ignore'
[0.125s] Level 1:colcon.colcon_core.package_identification:_identify(src/rm_auto_aim/armor_detector) by extension 'ignore_ament_install'
[0.125s] Level 1:colcon.colcon_core.package_identification:_identify(src/rm_auto_aim/armor_detector) by extensions ['colcon_pkg']
[0.125s] Level 1:colcon.colcon_core.package_identification:_identify(src/rm_auto_aim/armor_detector) by extension 'colcon_pkg'
[0.125s] Level 1:colcon.colcon_core.package_identification:_identify(src/rm_auto_aim/armor_detector) by extensions ['colcon_meta']
[0.125s] Level 1:colcon.colcon_core.package_identification:_identify(src/rm_auto_aim/armor_detector) by extension 'colcon_meta'
[0.125s] Level 1:colcon.colcon_core.package_identification:_identify(src/rm_auto_aim/armor_detector) by extensions ['ros']
[0.125s] Level 1:colcon.colcon_core.package_identification:_identify(src/rm_auto_aim/armor_detector) by extension 'ros'
[0.127s] DEBUG:colcon.colcon_core.package_identification:Package 'src/rm_auto_aim/armor_detector' with type 'ros.ament_cmake' and name 'armor_detector'
[0.127s] Level 1:colcon.colcon_core.package_identification:_identify(src/rm_auto_aim/armor_solver) by extensions ['ignore', 'ignore_ament_install']
[0.127s] Level 1:colcon.colcon_core.package_identification:_identify(src/rm_auto_aim/armor_solver) by extension 'ignore'
[0.127s] Level 1:colcon.colcon_core.package_identification:_identify(src/rm_auto_aim/armor_solver) by extension 'ignore_ament_install'
[0.127s] Level 1:colcon.colcon_core.package_identification:_identify(src/rm_auto_aim/armor_solver) by extensions ['colcon_pkg']
[0.127s] Level 1:colcon.colcon_core.package_identification:_identify(src/rm_auto_aim/armor_solver) by extension 'colcon_pkg'
[0.127s] Level 1:colcon.colcon_core.package_identification:_identify(src/rm_auto_aim/armor_solver) by extensions ['colcon_meta']
[0.127s] Level 1:colcon.colcon_core.package_identification:_identify(src/rm_auto_aim/armor_solver) by extension 'colcon_meta'
[0.127s] Level 1:colcon.colcon_core.package_identification:_identify(src/rm_auto_aim/armor_solver) by extensions ['ros']
[0.127s] Level 1:colcon.colcon_core.package_identification:_identify(src/rm_auto_aim/armor_solver) by extension 'ros'
[0.128s] DEBUG:colcon.colcon_core.package_identification:Package 'src/rm_auto_aim/armor_solver' with type 'ros.ament_cmake' and name 'armor_solver'
[0.128s] Level 1:colcon.colcon_core.package_identification:_identify(src/rm_auto_aim/rm_auto_aim) by extensions ['ignore', 'ignore_ament_install']
[0.128s] Level 1:colcon.colcon_core.package_identification:_identify(src/rm_auto_aim/rm_auto_aim) by extension 'ignore'
[0.128s] Level 1:colcon.colcon_core.package_identification:_identify(src/rm_auto_aim/rm_auto_aim) by extension 'ignore_ament_install'
[0.128s] Level 1:colcon.colcon_core.package_identification:_identify(src/rm_auto_aim/rm_auto_aim) by extensions ['colcon_pkg']
[0.128s] Level 1:colcon.colcon_core.package_identification:_identify(src/rm_auto_aim/rm_auto_aim) by extension 'colcon_pkg'
[0.128s] Level 1:colcon.colcon_core.package_identification:_identify(src/rm_auto_aim/rm_auto_aim) by extensions ['colcon_meta']
[0.128s] Level 1:colcon.colcon_core.package_identification:_identify(src/rm_auto_aim/rm_auto_aim) by extension 'colcon_meta'
[0.128s] Level 1:colcon.colcon_core.package_identification:_identify(src/rm_auto_aim/rm_auto_aim) by extensions ['ros']
[0.128s] Level 1:colcon.colcon_core.package_identification:_identify(src/rm_auto_aim/rm_auto_aim) by extension 'ros'
[0.128s] DEBUG:colcon.colcon_core.package_identification:Package 'src/rm_auto_aim/rm_auto_aim' with type 'ros.ament_cmake' and name 'rm_auto_aim'
[0.128s] Level 1:colcon.colcon_core.package_identification:_identify(src/rm_bringup) by extensions ['ignore', 'ignore_ament_install']
[0.128s] Level 1:colcon.colcon_core.package_identification:_identify(src/rm_bringup) by extension 'ignore'
[0.128s] Level 1:colcon.colcon_core.package_identification:_identify(src/rm_bringup) by extension 'ignore_ament_install'
[0.128s] Level 1:colcon.colcon_core.package_identification:_identify(src/rm_bringup) by extensions ['colcon_pkg']
[0.128s] Level 1:colcon.colcon_core.package_identification:_identify(src/rm_bringup) by extension 'colcon_pkg'
[0.128s] Level 1:colcon.colcon_core.package_identification:_identify(src/rm_bringup) by extensions ['colcon_meta']
[0.128s] Level 1:colcon.colcon_core.package_identification:_identify(src/rm_bringup) by extension 'colcon_meta'
[0.128s] Level 1:colcon.colcon_core.package_identification:_identify(src/rm_bringup) by extensions ['ros']
[0.128s] Level 1:colcon.colcon_core.package_identification:_identify(src/rm_bringup) by extension 'ros'
[0.129s] DEBUG:colcon.colcon_core.package_identification:Package 'src/rm_bringup' with type 'ros.ament_cmake' and name 'rm_bringup'
[0.129s] Level 1:colcon.colcon_core.package_identification:_identify(src/rm_hardware_driver) by extensions ['ignore', 'ignore_ament_install']
[0.129s] Level 1:colcon.colcon_core.package_identification:_identify(src/rm_hardware_driver) by extension 'ignore'
[0.129s] Level 1:colcon.colcon_core.package_identification:_identify(src/rm_hardware_driver) by extension 'ignore_ament_install'
[0.129s] Level 1:colcon.colcon_core.package_identification:_identify(src/rm_hardware_driver) by extensions ['colcon_pkg']
[0.129s] Level 1:colcon.colcon_core.package_identification:_identify(src/rm_hardware_driver) by extension 'colcon_pkg'
[0.129s] Level 1:colcon.colcon_core.package_identification:_identify(src/rm_hardware_driver) by extensions ['colcon_meta']
[0.129s] Level 1:colcon.colcon_core.package_identification:_identify(src/rm_hardware_driver) by extension 'colcon_meta'
[0.129s] Level 1:colcon.colcon_core.package_identification:_identify(src/rm_hardware_driver) by extensions ['ros']
[0.129s] Level 1:colcon.colcon_core.package_identification:_identify(src/rm_hardware_driver) by extension 'ros'
[0.129s] Level 1:colcon.colcon_core.package_identification:_identify(src/rm_hardware_driver) by extensions ['cmake', 'python']
[0.129s] Level 1:colcon.colcon_core.package_identification:_identify(src/rm_hardware_driver) by extension 'cmake'
[0.129s] Level 1:colcon.colcon_core.package_identification:_identify(src/rm_hardware_driver) by extension 'python'
[0.129s] Level 1:colcon.colcon_core.package_identification:_identify(src/rm_hardware_driver) by extensions ['python_setup_py']
[0.129s] Level 1:colcon.colcon_core.package_identification:_identify(src/rm_hardware_driver) by extension 'python_setup_py'
[0.129s] Level 1:colcon.colcon_core.package_identification:_identify(src/rm_hardware_driver/rm_camera_driver) by extensions ['ignore', 'ignore_ament_install']
[0.129s] Level 1:colcon.colcon_core.package_identification:_identify(src/rm_hardware_driver/rm_camera_driver) by extension 'ignore'
[0.129s] Level 1:colcon.colcon_core.package_identification:_identify(src/rm_hardware_driver/rm_camera_driver) by extension 'ignore_ament_install'
[0.129s] Level 1:colcon.colcon_core.package_identification:_identify(src/rm_hardware_driver/rm_camera_driver) by extensions ['colcon_pkg']
[0.129s] Level 1:colcon.colcon_core.package_identification:_identify(src/rm_hardware_driver/rm_camera_driver) by extension 'colcon_pkg'
[0.129s] Level 1:colcon.colcon_core.package_identification:_identify(src/rm_hardware_driver/rm_camera_driver) by extensions ['colcon_meta']
[0.129s] Level 1:colcon.colcon_core.package_identification:_identify(src/rm_hardware_driver/rm_camera_driver) by extension 'colcon_meta'
[0.129s] Level 1:colcon.colcon_core.package_identification:_identify(src/rm_hardware_driver/rm_camera_driver) by extensions ['ros']
[0.129s] Level 1:colcon.colcon_core.package_identification:_identify(src/rm_hardware_driver/rm_camera_driver) by extension 'ros'
[0.130s] DEBUG:colcon.colcon_core.package_identification:Package 'src/rm_hardware_driver/rm_camera_driver' with type 'ros.ament_cmake' and name 'rm_camera_driver'
[0.130s] Level 1:colcon.colcon_core.package_identification:_identify(src/rm_hardware_driver/rm_serial_driver) by extensions ['ignore', 'ignore_ament_install']
[0.130s] Level 1:colcon.colcon_core.package_identification:_identify(src/rm_hardware_driver/rm_serial_driver) by extension 'ignore'
[0.130s] Level 1:colcon.colcon_core.package_identification:_identify(src/rm_hardware_driver/rm_serial_driver) by extension 'ignore_ament_install'
[0.130s] Level 1:colcon.colcon_core.package_identification:_identify(src/rm_hardware_driver/rm_serial_driver) by extensions ['colcon_pkg']
[0.130s] Level 1:colcon.colcon_core.package_identification:_identify(src/rm_hardware_driver/rm_serial_driver) by extension 'colcon_pkg'
[0.130s] Level 1:colcon.colcon_core.package_identification:_identify(src/rm_hardware_driver/rm_serial_driver) by extensions ['colcon_meta']
[0.130s] Level 1:colcon.colcon_core.package_identification:_identify(src/rm_hardware_driver/rm_serial_driver) by extension 'colcon_meta'
[0.130s] Level 1:colcon.colcon_core.package_identification:_identify(src/rm_hardware_driver/rm_serial_driver) by extensions ['ros']
[0.130s] Level 1:colcon.colcon_core.package_identification:_identify(src/rm_hardware_driver/rm_serial_driver) by extension 'ros'
[0.130s] DEBUG:colcon.colcon_core.package_identification:Package 'src/rm_hardware_driver/rm_serial_driver' with type 'ros.ament_cmake' and name 'rm_serial_driver'
[0.130s] Level 1:colcon.colcon_core.package_identification:_identify(src/rm_interfaces) by extensions ['ignore', 'ignore_ament_install']
[0.130s] Level 1:colcon.colcon_core.package_identification:_identify(src/rm_interfaces) by extension 'ignore'
[0.130s] Level 1:colcon.colcon_core.package_identification:_identify(src/rm_interfaces) by extension 'ignore_ament_install'
[0.131s] Level 1:colcon.colcon_core.package_identification:_identify(src/rm_interfaces) by extensions ['colcon_pkg']
[0.131s] Level 1:colcon.colcon_core.package_identification:_identify(src/rm_interfaces) by extension 'colcon_pkg'
[0.131s] Level 1:colcon.colcon_core.package_identification:_identify(src/rm_interfaces) by extensions ['colcon_meta']
[0.131s] Level 1:colcon.colcon_core.package_identification:_identify(src/rm_interfaces) by extension 'colcon_meta'
[0.131s] Level 1:colcon.colcon_core.package_identification:_identify(src/rm_interfaces) by extensions ['ros']
[0.131s] Level 1:colcon.colcon_core.package_identification:_identify(src/rm_interfaces) by extension 'ros'
[0.131s] DEBUG:colcon.colcon_core.package_identification:Package 'src/rm_interfaces' with type 'ros.ament_cmake' and name 'rm_interfaces'
[0.131s] Level 1:colcon.colcon_core.package_identification:_identify(src/rm_robot_description) by extensions ['ignore', 'ignore_ament_install']
[0.131s] Level 1:colcon.colcon_core.package_identification:_identify(src/rm_robot_description) by extension 'ignore'
[0.131s] Level 1:colcon.colcon_core.package_identification:_identify(src/rm_robot_description) by extension 'ignore_ament_install'
[0.131s] Level 1:colcon.colcon_core.package_identification:_identify(src/rm_robot_description) by extensions ['colcon_pkg']
[0.131s] Level 1:colcon.colcon_core.package_identification:_identify(src/rm_robot_description) by extension 'colcon_pkg'
[0.131s] Level 1:colcon.colcon_core.package_identification:_identify(src/rm_robot_description) by extensions ['colcon_meta']
[0.131s] Level 1:colcon.colcon_core.package_identification:_identify(src/rm_robot_description) by extension 'colcon_meta'
[0.131s] Level 1:colcon.colcon_core.package_identification:_identify(src/rm_robot_description) by extensions ['ros']
[0.131s] Level 1:colcon.colcon_core.package_identification:_identify(src/rm_robot_description) by extension 'ros'
[0.131s] DEBUG:colcon.colcon_core.package_identification:Package 'src/rm_robot_description' with type 'ros.ament_cmake' and name 'rm_robot_description'
[0.131s] Level 1:colcon.colcon_core.package_identification:_identify(src/rm_rune) by extensions ['ignore', 'ignore_ament_install']
[0.131s] Level 1:colcon.colcon_core.package_identification:_identify(src/rm_rune) by extension 'ignore'
[0.131s] Level 1:colcon.colcon_core.package_identification:_identify(src/rm_rune) by extension 'ignore_ament_install'
[0.131s] Level 1:colcon.colcon_core.package_identification:_identify(src/rm_rune) by extensions ['colcon_pkg']
[0.131s] Level 1:colcon.colcon_core.package_identification:_identify(src/rm_rune) by extension 'colcon_pkg'
[0.131s] Level 1:colcon.colcon_core.package_identification:_identify(src/rm_rune) by extensions ['colcon_meta']
[0.131s] Level 1:colcon.colcon_core.package_identification:_identify(src/rm_rune) by extension 'colcon_meta'
[0.131s] Level 1:colcon.colcon_core.package_identification:_identify(src/rm_rune) by extensions ['ros']
[0.131s] Level 1:colcon.colcon_core.package_identification:_identify(src/rm_rune) by extension 'ros'
[0.132s] Level 1:colcon.colcon_core.package_identification:_identify(src/rm_rune) by extensions ['cmake', 'python']
[0.132s] Level 1:colcon.colcon_core.package_identification:_identify(src/rm_rune) by extension 'cmake'
[0.132s] Level 1:colcon.colcon_core.package_identification:_identify(src/rm_rune) by extension 'python'
[0.132s] Level 1:colcon.colcon_core.package_identification:_identify(src/rm_rune) by extensions ['python_setup_py']
[0.132s] Level 1:colcon.colcon_core.package_identification:_identify(src/rm_rune) by extension 'python_setup_py'
[0.132s] Level 1:colcon.colcon_core.package_identification:_identify(src/rm_rune/rm_rune) by extensions ['ignore', 'ignore_ament_install']
[0.132s] Level 1:colcon.colcon_core.package_identification:_identify(src/rm_rune/rm_rune) by extension 'ignore'
[0.132s] Level 1:colcon.colcon_core.package_identification:_identify(src/rm_rune/rm_rune) by extension 'ignore_ament_install'
[0.132s] Level 1:colcon.colcon_core.package_identification:_identify(src/rm_rune/rm_rune) by extensions ['colcon_pkg']
[0.132s] Level 1:colcon.colcon_core.package_identification:_identify(src/rm_rune/rm_rune) by extension 'colcon_pkg'
[0.132s] Level 1:colcon.colcon_core.package_identification:_identify(src/rm_rune/rm_rune) by extensions ['colcon_meta']
[0.132s] Level 1:colcon.colcon_core.package_identification:_identify(src/rm_rune/rm_rune) by extension 'colcon_meta'
[0.132s] Level 1:colcon.colcon_core.package_identification:_identify(src/rm_rune/rm_rune) by extensions ['ros']
[0.132s] Level 1:colcon.colcon_core.package_identification:_identify(src/rm_rune/rm_rune) by extension 'ros'
[0.132s] DEBUG:colcon.colcon_core.package_identification:Package 'src/rm_rune/rm_rune' with type 'ros.ament_cmake' and name 'rm_rune'
[0.132s] Level 1:colcon.colcon_core.package_identification:_identify(src/rm_rune/rune_detector) by extensions ['ignore', 'ignore_ament_install']
[0.132s] Level 1:colcon.colcon_core.package_identification:_identify(src/rm_rune/rune_detector) by extension 'ignore'
[0.132s] Level 1:colcon.colcon_core.package_identification:_identify(src/rm_rune/rune_detector) by extension 'ignore_ament_install'
[0.132s] Level 1:colcon.colcon_core.package_identification:_identify(src/rm_rune/rune_detector) by extensions ['colcon_pkg']
[0.132s] Level 1:colcon.colcon_core.package_identification:_identify(src/rm_rune/rune_detector) by extension 'colcon_pkg'
[0.132s] Level 1:colcon.colcon_core.package_identification:_identify(src/rm_rune/rune_detector) by extensions ['colcon_meta']
[0.132s] Level 1:colcon.colcon_core.package_identification:_identify(src/rm_rune/rune_detector) by extension 'colcon_meta'
[0.132s] Level 1:colcon.colcon_core.package_identification:_identify(src/rm_rune/rune_detector) by extensions ['ros']
[0.132s] Level 1:colcon.colcon_core.package_identification:_identify(src/rm_rune/rune_detector) by extension 'ros'
[0.133s] DEBUG:colcon.colcon_core.package_identification:Package 'src/rm_rune/rune_detector' with type 'ros.ament_cmake' and name 'rune_detector'
[0.133s] Level 1:colcon.colcon_core.package_identification:_identify(src/rm_rune/rune_solver) by extensions ['ignore', 'ignore_ament_install']
[0.133s] Level 1:colcon.colcon_core.package_identification:_identify(src/rm_rune/rune_solver) by extension 'ignore'
[0.133s] Level 1:colcon.colcon_core.package_identification:_identify(src/rm_rune/rune_solver) by extension 'ignore_ament_install'
[0.133s] Level 1:colcon.colcon_core.package_identification:_identify(src/rm_rune/rune_solver) by extensions ['colcon_pkg']
[0.133s] Level 1:colcon.colcon_core.package_identification:_identify(src/rm_rune/rune_solver) by extension 'colcon_pkg'
[0.133s] Level 1:colcon.colcon_core.package_identification:_identify(src/rm_rune/rune_solver) by extensions ['colcon_meta']
[0.133s] Level 1:colcon.colcon_core.package_identification:_identify(src/rm_rune/rune_solver) by extension 'colcon_meta'
[0.133s] Level 1:colcon.colcon_core.package_identification:_identify(src/rm_rune/rune_solver) by extensions ['ros']
[0.133s] Level 1:colcon.colcon_core.package_identification:_identify(src/rm_rune/rune_solver) by extension 'ros'
[0.134s] DEBUG:colcon.colcon_core.package_identification:Package 'src/rm_rune/rune_solver' with type 'ros.ament_cmake' and name 'rune_solver'
[0.134s] Level 1:colcon.colcon_core.package_identification:_identify(src/rm_upstart) by extensions ['ignore', 'ignore_ament_install']
[0.134s] Level 1:colcon.colcon_core.package_identification:_identify(src/rm_upstart) by extension 'ignore'
[0.134s] Level 1:colcon.colcon_core.package_identification:_identify(src/rm_upstart) by extension 'ignore_ament_install'
[0.134s] Level 1:colcon.colcon_core.package_identification:_identify(src/rm_upstart) by extensions ['colcon_pkg']
[0.134s] Level 1:colcon.colcon_core.package_identification:_identify(src/rm_upstart) by extension 'colcon_pkg'
[0.134s] Level 1:colcon.colcon_core.package_identification:_identify(src/rm_upstart) by extensions ['colcon_meta']
[0.134s] Level 1:colcon.colcon_core.package_identification:_identify(src/rm_upstart) by extension 'colcon_meta'
[0.134s] Level 1:colcon.colcon_core.package_identification:_identify(src/rm_upstart) by extensions ['ros']
[0.134s] Level 1:colcon.colcon_core.package_identification:_identify(src/rm_upstart) by extension 'ros'
[0.134s] Level 1:colcon.colcon_core.package_identification:_identify(src/rm_upstart) by extensions ['cmake', 'python']
[0.134s] Level 1:colcon.colcon_core.package_identification:_identify(src/rm_upstart) by extension 'cmake'
[0.134s] Level 1:colcon.colcon_core.package_identification:_identify(src/rm_upstart) by extension 'python'
[0.134s] Level 1:colcon.colcon_core.package_identification:_identify(src/rm_upstart) by extensions ['python_setup_py']
[0.134s] Level 1:colcon.colcon_core.package_identification:_identify(src/rm_upstart) by extension 'python_setup_py'
[0.134s] Level 1:colcon.colcon_core.package_identification:_identify(src/rm_utils) by extensions ['ignore', 'ignore_ament_install']
[0.134s] Level 1:colcon.colcon_core.package_identification:_identify(src/rm_utils) by extension 'ignore'
[0.134s] Level 1:colcon.colcon_core.package_identification:_identify(src/rm_utils) by extension 'ignore_ament_install'
[0.134s] Level 1:colcon.colcon_core.package_identification:_identify(src/rm_utils) by extensions ['colcon_pkg']
[0.134s] Level 1:colcon.colcon_core.package_identification:_identify(src/rm_utils) by extension 'colcon_pkg'
[0.134s] Level 1:colcon.colcon_core.package_identification:_identify(src/rm_utils) by extensions ['colcon_meta']
[0.134s] Level 1:colcon.colcon_core.package_identification:_identify(src/rm_utils) by extension 'colcon_meta'
[0.134s] Level 1:colcon.colcon_core.package_identification:_identify(src/rm_utils) by extensions ['ros']
[0.134s] Level 1:colcon.colcon_core.package_identification:_identify(src/rm_utils) by extension 'ros'
[0.135s] DEBUG:colcon.colcon_core.package_identification:Package 'src/rm_utils' with type 'ros.ament_cmake' and name 'rm_utils'
[0.135s] Level 1:colcon.colcon_core.package_discovery:discover_packages(recursive) using defaults
[0.135s] Level 1:colcon.colcon_core.package_discovery:discover_packages(ignore) discover
[0.135s] Level 1:colcon.colcon_core.package_discovery:discover_packages(ignore) using defaults
[0.135s] Level 1:colcon.colcon_core.package_discovery:discover_packages(path) discover
[0.135s] Level 1:colcon.colcon_core.package_discovery:discover_packages(path) using defaults
[0.147s] Level 1:colcon.colcon_core.package_discovery:discover_packages(prefix_path) check parameters
[0.147s] Level 1:colcon.colcon_core.package_discovery:discover_packages(prefix_path) discover
[0.148s] DEBUG:colcon.colcon_installed_package_information.package_discovery:Found 278 installed packages in /opt/ros/humble
[0.153s] Level 1:colcon.colcon_core.package_discovery:discover_packages(prefix_path) using defaults
[0.169s] Level 5:colcon.colcon_core.verb:set package 'rm_interfaces' build argument 'cmake_args' from command line to 'None'
[0.169s] Level 5:colcon.colcon_core.verb:set package 'rm_interfaces' build argument 'cmake_target' from command line to 'None'
[0.169s] Level 5:colcon.colcon_core.verb:set package 'rm_interfaces' build argument 'cmake_target_skip_unavailable' from command line to 'False'
[0.169s] Level 5:colcon.colcon_core.verb:set package 'rm_interfaces' build argument 'cmake_clean_cache' from command line to 'False'
[0.169s] Level 5:colcon.colcon_core.verb:set package 'rm_interfaces' build argument 'cmake_clean_first' from command line to 'False'
[0.169s] Level 5:colcon.colcon_core.verb:set package 'rm_interfaces' build argument 'cmake_force_configure' from command line to 'False'
[0.169s] Level 5:colcon.colcon_core.verb:set package 'rm_interfaces' build argument 'ament_cmake_args' from command line to 'None'
[0.169s] Level 5:colcon.colcon_core.verb:set package 'rm_interfaces' build argument 'catkin_cmake_args' from command line to 'None'
[0.169s] Level 5:colcon.colcon_core.verb:set package 'rm_interfaces' build argument 'catkin_skip_building_tests' from command line to 'False'
[0.169s] DEBUG:colcon.colcon_core.verb:Building package 'rm_interfaces' with the following arguments: {'ament_cmake_args': None, 'build_base': '/home/xwz/1_fyt01/FYT2024_vision-main/build/rm_interfaces', 'catkin_cmake_args': None, 'catkin_skip_building_tests': False, 'cmake_args': None, 'cmake_clean_cache': False, 'cmake_clean_first': False, 'cmake_force_configure': False, 'cmake_target': None, 'cmake_target_skip_unavailable': False, 'install_base': '/home/xwz/1_fyt01/FYT2024_vision-main/install/rm_interfaces', 'merge_install': False, 'path': '/home/xwz/1_fyt01/FYT2024_vision-main/src/rm_interfaces', 'symlink_install': True, 'test_result_base': None}
[0.169s] Level 5:colcon.colcon_core.verb:set package 'rm_robot_description' build argument 'cmake_args' from command line to 'None'
[0.169s] Level 5:colcon.colcon_core.verb:set package 'rm_robot_description' build argument 'cmake_target' from command line to 'None'
[0.169s] Level 5:colcon.colcon_core.verb:set package 'rm_robot_description' build argument 'cmake_target_skip_unavailable' from command line to 'False'
[0.169s] Level 5:colcon.colcon_core.verb:set package 'rm_robot_description' build argument 'cmake_clean_cache' from command line to 'False'
[0.169s] Level 5:colcon.colcon_core.verb:set package 'rm_robot_description' build argument 'cmake_clean_first' from command line to 'False'
[0.169s] Level 5:colcon.colcon_core.verb:set package 'rm_robot_description' build argument 'cmake_force_configure' from command line to 'False'
[0.169s] Level 5:colcon.colcon_core.verb:set package 'rm_robot_description' build argument 'ament_cmake_args' from command line to 'None'
[0.169s] Level 5:colcon.colcon_core.verb:set package 'rm_robot_description' build argument 'catkin_cmake_args' from command line to 'None'
[0.169s] Level 5:colcon.colcon_core.verb:set package 'rm_robot_description' build argument 'catkin_skip_building_tests' from command line to 'False'
[0.169s] DEBUG:colcon.colcon_core.verb:Building package 'rm_robot_description' with the following arguments: {'ament_cmake_args': None, 'build_base': '/home/xwz/1_fyt01/FYT2024_vision-main/build/rm_robot_description', 'catkin_cmake_args': None, 'catkin_skip_building_tests': False, 'cmake_args': None, 'cmake_clean_cache': False, 'cmake_clean_first': False, 'cmake_force_configure': False, 'cmake_target': None, 'cmake_target_skip_unavailable': False, 'install_base': '/home/xwz/1_fyt01/FYT2024_vision-main/install/rm_robot_description', 'merge_install': False, 'path': '/home/xwz/1_fyt01/FYT2024_vision-main/src/rm_robot_description', 'symlink_install': True, 'test_result_base': None}
[0.170s] Level 5:colcon.colcon_core.verb:set package 'rm_utils' build argument 'cmake_args' from command line to 'None'
[0.170s] Level 5:colcon.colcon_core.verb:set package 'rm_utils' build argument 'cmake_target' from command line to 'None'
[0.170s] Level 5:colcon.colcon_core.verb:set package 'rm_utils' build argument 'cmake_target_skip_unavailable' from command line to 'False'
[0.170s] Level 5:colcon.colcon_core.verb:set package 'rm_utils' build argument 'cmake_clean_cache' from command line to 'False'
[0.170s] Level 5:colcon.colcon_core.verb:set package 'rm_utils' build argument 'cmake_clean_first' from command line to 'False'
[0.170s] Level 5:colcon.colcon_core.verb:set package 'rm_utils' build argument 'cmake_force_configure' from command line to 'False'
[0.170s] Level 5:colcon.colcon_core.verb:set package 'rm_utils' build argument 'ament_cmake_args' from command line to 'None'
[0.170s] Level 5:colcon.colcon_core.verb:set package 'rm_utils' build argument 'catkin_cmake_args' from command line to 'None'
[0.170s] Level 5:colcon.colcon_core.verb:set package 'rm_utils' build argument 'catkin_skip_building_tests' from command line to 'False'
[0.170s] DEBUG:colcon.colcon_core.verb:Building package 'rm_utils' with the following arguments: {'ament_cmake_args': None, 'build_base': '/home/xwz/1_fyt01/FYT2024_vision-main/build/rm_utils', 'catkin_cmake_args': None, 'catkin_skip_building_tests': False, 'cmake_args': None, 'cmake_clean_cache': False, 'cmake_clean_first': False, 'cmake_force_configure': False, 'cmake_target': None, 'cmake_target_skip_unavailable': False, 'install_base': '/home/xwz/1_fyt01/FYT2024_vision-main/install/rm_utils', 'merge_install': False, 'path': '/home/xwz/1_fyt01/FYT2024_vision-main/src/rm_utils', 'symlink_install': True, 'test_result_base': None}
[0.170s] Level 5:colcon.colcon_core.verb:set package 'armor_detector' build argument 'cmake_args' from command line to 'None'
[0.170s] Level 5:colcon.colcon_core.verb:set package 'armor_detector' build argument 'cmake_target' from command line to 'None'
[0.170s] Level 5:colcon.colcon_core.verb:set package 'armor_detector' build argument 'cmake_target_skip_unavailable' from command line to 'False'
[0.170s] Level 5:colcon.colcon_core.verb:set package 'armor_detector' build argument 'cmake_clean_cache' from command line to 'False'
[0.170s] Level 5:colcon.colcon_core.verb:set package 'armor_detector' build argument 'cmake_clean_first' from command line to 'False'
[0.170s] Level 5:colcon.colcon_core.verb:set package 'armor_detector' build argument 'cmake_force_configure' from command line to 'False'
[0.170s] Level 5:colcon.colcon_core.verb:set package 'armor_detector' build argument 'ament_cmake_args' from command line to 'None'
[0.170s] Level 5:colcon.colcon_core.verb:set package 'armor_detector' build argument 'catkin_cmake_args' from command line to 'None'
[0.170s] Level 5:colcon.colcon_core.verb:set package 'armor_detector' build argument 'catkin_skip_building_tests' from command line to 'False'
[0.170s] DEBUG:colcon.colcon_core.verb:Building package 'armor_detector' with the following arguments: {'ament_cmake_args': None, 'build_base': '/home/xwz/1_fyt01/FYT2024_vision-main/build/armor_detector', 'catkin_cmake_args': None, 'catkin_skip_building_tests': False, 'cmake_args': None, 'cmake_clean_cache': False, 'cmake_clean_first': False, 'cmake_force_configure': False, 'cmake_target': None, 'cmake_target_skip_unavailable': False, 'install_base': '/home/xwz/1_fyt01/FYT2024_vision-main/install/armor_detector', 'merge_install': False, 'path': '/home/xwz/1_fyt01/FYT2024_vision-main/src/rm_auto_aim/armor_detector', 'symlink_install': True, 'test_result_base': None}
[0.170s] Level 5:colcon.colcon_core.verb:set package 'armor_solver' build argument 'cmake_args' from command line to 'None'
[0.170s] Level 5:colcon.colcon_core.verb:set package 'armor_solver' build argument 'cmake_target' from command line to 'None'
[0.170s] Level 5:colcon.colcon_core.verb:set package 'armor_solver' build argument 'cmake_target_skip_unavailable' from command line to 'False'
[0.170s] Level 5:colcon.colcon_core.verb:set package 'armor_solver' build argument 'cmake_clean_cache' from command line to 'False'
[0.170s] Level 5:colcon.colcon_core.verb:set package 'armor_solver' build argument 'cmake_clean_first' from command line to 'False'
[0.170s] Level 5:colcon.colcon_core.verb:set package 'armor_solver' build argument 'cmake_force_configure' from command line to 'False'
[0.170s] Level 5:colcon.colcon_core.verb:set package 'armor_solver' build argument 'ament_cmake_args' from command line to 'None'
[0.170s] Level 5:colcon.colcon_core.verb:set package 'armor_solver' build argument 'catkin_cmake_args' from command line to 'None'
[0.170s] Level 5:colcon.colcon_core.verb:set package 'armor_solver' build argument 'catkin_skip_building_tests' from command line to 'False'
[0.170s] DEBUG:colcon.colcon_core.verb:Building package 'armor_solver' with the following arguments: {'ament_cmake_args': None, 'build_base': '/home/xwz/1_fyt01/FYT2024_vision-main/build/armor_solver', 'catkin_cmake_args': None, 'catkin_skip_building_tests': False, 'cmake_args': None, 'cmake_clean_cache': False, 'cmake_clean_first': False, 'cmake_force_configure': False, 'cmake_target': None, 'cmake_target_skip_unavailable': False, 'install_base': '/home/xwz/1_fyt01/FYT2024_vision-main/install/armor_solver', 'merge_install': False, 'path': '/home/xwz/1_fyt01/FYT2024_vision-main/src/rm_auto_aim/armor_solver', 'symlink_install': True, 'test_result_base': None}
[0.170s] Level 5:colcon.colcon_core.verb:set package 'rm_camera_driver' build argument 'cmake_args' from command line to 'None'
[0.170s] Level 5:colcon.colcon_core.verb:set package 'rm_camera_driver' build argument 'cmake_target' from command line to 'None'
[0.170s] Level 5:colcon.colcon_core.verb:set package 'rm_camera_driver' build argument 'cmake_target_skip_unavailable' from command line to 'False'
[0.170s] Level 5:colcon.colcon_core.verb:set package 'rm_camera_driver' build argument 'cmake_clean_cache' from command line to 'False'
[0.170s] Level 5:colcon.colcon_core.verb:set package 'rm_camera_driver' build argument 'cmake_clean_first' from command line to 'False'
[0.170s] Level 5:colcon.colcon_core.verb:set package 'rm_camera_driver' build argument 'cmake_force_configure' from command line to 'False'
[0.170s] Level 5:colcon.colcon_core.verb:set package 'rm_camera_driver' build argument 'ament_cmake_args' from command line to 'None'
[0.170s] Level 5:colcon.colcon_core.verb:set package 'rm_camera_driver' build argument 'catkin_cmake_args' from command line to 'None'
[0.170s] Level 5:colcon.colcon_core.verb:set package 'rm_camera_driver' build argument 'catkin_skip_building_tests' from command line to 'False'
[0.170s] DEBUG:colcon.colcon_core.verb:Building package 'rm_camera_driver' with the following arguments: {'ament_cmake_args': None, 'build_base': '/home/xwz/1_fyt01/FYT2024_vision-main/build/rm_camera_driver', 'catkin_cmake_args': None, 'catkin_skip_building_tests': False, 'cmake_args': None, 'cmake_clean_cache': False, 'cmake_clean_first': False, 'cmake_force_configure': False, 'cmake_target': None, 'cmake_target_skip_unavailable': False, 'install_base': '/home/xwz/1_fyt01/FYT2024_vision-main/install/rm_camera_driver', 'merge_install': False, 'path': '/home/xwz/1_fyt01/FYT2024_vision-main/src/rm_hardware_driver/rm_camera_driver', 'symlink_install': True, 'test_result_base': None}
[0.171s] Level 5:colcon.colcon_core.verb:set package 'rm_serial_driver' build argument 'cmake_args' from command line to 'None'
[0.171s] Level 5:colcon.colcon_core.verb:set package 'rm_serial_driver' build argument 'cmake_target' from command line to 'None'
[0.171s] Level 5:colcon.colcon_core.verb:set package 'rm_serial_driver' build argument 'cmake_target_skip_unavailable' from command line to 'False'
[0.171s] Level 5:colcon.colcon_core.verb:set package 'rm_serial_driver' build argument 'cmake_clean_cache' from command line to 'False'
[0.171s] Level 5:colcon.colcon_core.verb:set package 'rm_serial_driver' build argument 'cmake_clean_first' from command line to 'False'
[0.171s] Level 5:colcon.colcon_core.verb:set package 'rm_serial_driver' build argument 'cmake_force_configure' from command line to 'False'
[0.171s] Level 5:colcon.colcon_core.verb:set package 'rm_serial_driver' build argument 'ament_cmake_args' from command line to 'None'
[0.171s] Level 5:colcon.colcon_core.verb:set package 'rm_serial_driver' build argument 'catkin_cmake_args' from command line to 'None'
[0.171s] Level 5:colcon.colcon_core.verb:set package 'rm_serial_driver' build argument 'catkin_skip_building_tests' from command line to 'False'
[0.171s] DEBUG:colcon.colcon_core.verb:Building package 'rm_serial_driver' with the following arguments: {'ament_cmake_args': None, 'build_base': '/home/xwz/1_fyt01/FYT2024_vision-main/build/rm_serial_driver', 'catkin_cmake_args': None, 'catkin_skip_building_tests': False, 'cmake_args': None, 'cmake_clean_cache': False, 'cmake_clean_first': False, 'cmake_force_configure': False, 'cmake_target': None, 'cmake_target_skip_unavailable': False, 'install_base': '/home/xwz/1_fyt01/FYT2024_vision-main/install/rm_serial_driver', 'merge_install': False, 'path': '/home/xwz/1_fyt01/FYT2024_vision-main/src/rm_hardware_driver/rm_serial_driver', 'symlink_install': True, 'test_result_base': None}
[0.171s] Level 5:colcon.colcon_core.verb:set package 'rune_detector' build argument 'cmake_args' from command line to 'None'
[0.171s] Level 5:colcon.colcon_core.verb:set package 'rune_detector' build argument 'cmake_target' from command line to 'None'
[0.171s] Level 5:colcon.colcon_core.verb:set package 'rune_detector' build argument 'cmake_target_skip_unavailable' from command line to 'False'
[0.171s] Level 5:colcon.colcon_core.verb:set package 'rune_detector' build argument 'cmake_clean_cache' from command line to 'False'
[0.171s] Level 5:colcon.colcon_core.verb:set package 'rune_detector' build argument 'cmake_clean_first' from command line to 'False'
[0.171s] Level 5:colcon.colcon_core.verb:set package 'rune_detector' build argument 'cmake_force_configure' from command line to 'False'
[0.171s] Level 5:colcon.colcon_core.verb:set package 'rune_detector' build argument 'ament_cmake_args' from command line to 'None'
[0.171s] Level 5:colcon.colcon_core.verb:set package 'rune_detector' build argument 'catkin_cmake_args' from command line to 'None'
[0.171s] Level 5:colcon.colcon_core.verb:set package 'rune_detector' build argument 'catkin_skip_building_tests' from command line to 'False'
[0.171s] DEBUG:colcon.colcon_core.verb:Building package 'rune_detector' with the following arguments: {'ament_cmake_args': None, 'build_base': '/home/xwz/1_fyt01/FYT2024_vision-main/build/rune_detector', 'catkin_cmake_args': None, 'catkin_skip_building_tests': False, 'cmake_args': None, 'cmake_clean_cache': False, 'cmake_clean_first': False, 'cmake_force_configure': False, 'cmake_target': None, 'cmake_target_skip_unavailable': False, 'install_base': '/home/xwz/1_fyt01/FYT2024_vision-main/install/rune_detector', 'merge_install': False, 'path': '/home/xwz/1_fyt01/FYT2024_vision-main/src/rm_rune/rune_detector', 'symlink_install': True, 'test_result_base': None}
[0.171s] Level 5:colcon.colcon_core.verb:set package 'rune_solver' build argument 'cmake_args' from command line to 'None'
[0.171s] Level 5:colcon.colcon_core.verb:set package 'rune_solver' build argument 'cmake_target' from command line to 'None'
[0.171s] Level 5:colcon.colcon_core.verb:set package 'rune_solver' build argument 'cmake_target_skip_unavailable' from command line to 'False'
[0.171s] Level 5:colcon.colcon_core.verb:set package 'rune_solver' build argument 'cmake_clean_cache' from command line to 'False'
[0.171s] Level 5:colcon.colcon_core.verb:set package 'rune_solver' build argument 'cmake_clean_first' from command line to 'False'
[0.171s] Level 5:colcon.colcon_core.verb:set package 'rune_solver' build argument 'cmake_force_configure' from command line to 'False'
[0.171s] Level 5:colcon.colcon_core.verb:set package 'rune_solver' build argument 'ament_cmake_args' from command line to 'None'
[0.171s] Level 5:colcon.colcon_core.verb:set package 'rune_solver' build argument 'catkin_cmake_args' from command line to 'None'
[0.171s] Level 5:colcon.colcon_core.verb:set package 'rune_solver' build argument 'catkin_skip_building_tests' from command line to 'False'
[0.171s] DEBUG:colcon.colcon_core.verb:Building package 'rune_solver' with the following arguments: {'ament_cmake_args': None, 'build_base': '/home/xwz/1_fyt01/FYT2024_vision-main/build/rune_solver', 'catkin_cmake_args': None, 'catkin_skip_building_tests': False, 'cmake_args': None, 'cmake_clean_cache': False, 'cmake_clean_first': False, 'cmake_force_configure': False, 'cmake_target': None, 'cmake_target_skip_unavailable': False, 'install_base': '/home/xwz/1_fyt01/FYT2024_vision-main/install/rune_solver', 'merge_install': False, 'path': '/home/xwz/1_fyt01/FYT2024_vision-main/src/rm_rune/rune_solver', 'symlink_install': True, 'test_result_base': None}
[0.171s] Level 5:colcon.colcon_core.verb:set package 'rm_auto_aim' build argument 'cmake_args' from command line to 'None'
[0.171s] Level 5:colcon.colcon_core.verb:set package 'rm_auto_aim' build argument 'cmake_target' from command line to 'None'
[0.171s] Level 5:colcon.colcon_core.verb:set package 'rm_auto_aim' build argument 'cmake_target_skip_unavailable' from command line to 'False'
[0.171s] Level 5:colcon.colcon_core.verb:set package 'rm_auto_aim' build argument 'cmake_clean_cache' from command line to 'False'
[0.171s] Level 5:colcon.colcon_core.verb:set package 'rm_auto_aim' build argument 'cmake_clean_first' from command line to 'False'
[0.171s] Level 5:colcon.colcon_core.verb:set package 'rm_auto_aim' build argument 'cmake_force_configure' from command line to 'False'
[0.171s] Level 5:colcon.colcon_core.verb:set package 'rm_auto_aim' build argument 'ament_cmake_args' from command line to 'None'
[0.171s] Level 5:colcon.colcon_core.verb:set package 'rm_auto_aim' build argument 'catkin_cmake_args' from command line to 'None'
[0.171s] Level 5:colcon.colcon_core.verb:set package 'rm_auto_aim' build argument 'catkin_skip_building_tests' from command line to 'False'
[0.171s] DEBUG:colcon.colcon_core.verb:Building package 'rm_auto_aim' with the following arguments: {'ament_cmake_args': None, 'build_base': '/home/xwz/1_fyt01/FYT2024_vision-main/build/rm_auto_aim', 'catkin_cmake_args': None, 'catkin_skip_building_tests': False, 'cmake_args': None, 'cmake_clean_cache': False, 'cmake_clean_first': False, 'cmake_force_configure': False, 'cmake_target': None, 'cmake_target_skip_unavailable': False, 'install_base': '/home/xwz/1_fyt01/FYT2024_vision-main/install/rm_auto_aim', 'merge_install': False, 'path': '/home/xwz/1_fyt01/FYT2024_vision-main/src/rm_auto_aim/rm_auto_aim', 'symlink_install': True, 'test_result_base': None}
[0.171s] Level 5:colcon.colcon_core.verb:set package 'rm_rune' build argument 'cmake_args' from command line to 'None'
[0.171s] Level 5:colcon.colcon_core.verb:set package 'rm_rune' build argument 'cmake_target' from command line to 'None'
[0.172s] Level 5:colcon.colcon_core.verb:set package 'rm_rune' build argument 'cmake_target_skip_unavailable' from command line to 'False'
[0.172s] Level 5:colcon.colcon_core.verb:set package 'rm_rune' build argument 'cmake_clean_cache' from command line to 'False'
[0.172s] Level 5:colcon.colcon_core.verb:set package 'rm_rune' build argument 'cmake_clean_first' from command line to 'False'
[0.172s] Level 5:colcon.colcon_core.verb:set package 'rm_rune' build argument 'cmake_force_configure' from command line to 'False'
[0.172s] Level 5:colcon.colcon_core.verb:set package 'rm_rune' build argument 'ament_cmake_args' from command line to 'None'
[0.172s] Level 5:colcon.colcon_core.verb:set package 'rm_rune' build argument 'catkin_cmake_args' from command line to 'None'
[0.172s] Level 5:colcon.colcon_core.verb:set package 'rm_rune' build argument 'catkin_skip_building_tests' from command line to 'False'
[0.172s] DEBUG:colcon.colcon_core.verb:Building package 'rm_rune' with the following arguments: {'ament_cmake_args': None, 'build_base': '/home/xwz/1_fyt01/FYT2024_vision-main/build/rm_rune', 'catkin_cmake_args': None, 'catkin_skip_building_tests': False, 'cmake_args': None, 'cmake_clean_cache': False, 'cmake_clean_first': False, 'cmake_force_configure': False, 'cmake_target': None, 'cmake_target_skip_unavailable': False, 'install_base': '/home/xwz/1_fyt01/FYT2024_vision-main/install/rm_rune', 'merge_install': False, 'path': '/home/xwz/1_fyt01/FYT2024_vision-main/src/rm_rune/rm_rune', 'symlink_install': True, 'test_result_base': None}
[0.172s] Level 5:colcon.colcon_core.verb:set package 'rm_bringup' build argument 'cmake_args' from command line to 'None'
[0.172s] Level 5:colcon.colcon_core.verb:set package 'rm_bringup' build argument 'cmake_target' from command line to 'None'
[0.172s] Level 5:colcon.colcon_core.verb:set package 'rm_bringup' build argument 'cmake_target_skip_unavailable' from command line to 'False'
[0.172s] Level 5:colcon.colcon_core.verb:set package 'rm_bringup' build argument 'cmake_clean_cache' from command line to 'False'
[0.172s] Level 5:colcon.colcon_core.verb:set package 'rm_bringup' build argument 'cmake_clean_first' from command line to 'False'
[0.172s] Level 5:colcon.colcon_core.verb:set package 'rm_bringup' build argument 'cmake_force_configure' from command line to 'False'
[0.172s] Level 5:colcon.colcon_core.verb:set package 'rm_bringup' build argument 'ament_cmake_args' from command line to 'None'
[0.172s] Level 5:colcon.colcon_core.verb:set package 'rm_bringup' build argument 'catkin_cmake_args' from command line to 'None'
[0.172s] Level 5:colcon.colcon_core.verb:set package 'rm_bringup' build argument 'catkin_skip_building_tests' from command line to 'False'
[0.172s] DEBUG:colcon.colcon_core.verb:Building package 'rm_bringup' with the following arguments: {'ament_cmake_args': None, 'build_base': '/home/xwz/1_fyt01/FYT2024_vision-main/build/rm_bringup', 'catkin_cmake_args': None, 'catkin_skip_building_tests': False, 'cmake_args': None, 'cmake_clean_cache': False, 'cmake_clean_first': False, 'cmake_force_configure': False, 'cmake_target': None, 'cmake_target_skip_unavailable': False, 'install_base': '/home/xwz/1_fyt01/FYT2024_vision-main/install/rm_bringup', 'merge_install': False, 'path': '/home/xwz/1_fyt01/FYT2024_vision-main/src/rm_bringup', 'symlink_install': True, 'test_result_base': None}
[0.172s] INFO:colcon.colcon_core.executor:Executing jobs using 'parallel' executor
[0.173s] DEBUG:colcon.colcon_parallel_executor.executor.parallel:run_until_complete
[0.173s] INFO:colcon.colcon_ros.task.ament_cmake.build:Building ROS package in '/home/xwz/1_fyt01/FYT2024_vision-main/src/rm_utils' with build type 'ament_cmake'
[0.173s] INFO:colcon.colcon_cmake.task.cmake.build:Building CMake package in '/home/xwz/1_fyt01/FYT2024_vision-main/src/rm_utils'
[0.174s] INFO:colcon.colcon_core.plugin_system:Skipping extension 'colcon_core.shell.bat': Not used on non-Windows systems
[0.174s] INFO:colcon.colcon_core.shell:Skip shell extension 'powershell' for command environment: Not usable outside of PowerShell
[0.174s] DEBUG:colcon.colcon_core.shell:Skip shell extension 'dsv' for command environment
[0.176s] INFO:colcon.colcon_ros.task.ament_cmake.build:Building ROS package in '/home/xwz/1_fyt01/FYT2024_vision-main/src/rm_interfaces' with build type 'ament_cmake'
[0.176s] INFO:colcon.colcon_cmake.task.cmake.build:Building CMake package in '/home/xwz/1_fyt01/FYT2024_vision-main/src/rm_interfaces'
[0.176s] INFO:colcon.colcon_core.shell:Skip shell extension 'powershell' for command environment: Not usable outside of PowerShell
[0.176s] DEBUG:colcon.colcon_core.shell:Skip shell extension 'dsv' for command environment
[0.177s] INFO:colcon.colcon_ros.task.ament_cmake.build:Building ROS package in '/home/xwz/1_fyt01/FYT2024_vision-main/src/rm_robot_description' with build type 'ament_cmake'
[0.177s] INFO:colcon.colcon_cmake.task.cmake.build:Building CMake package in '/home/xwz/1_fyt01/FYT2024_vision-main/src/rm_robot_description'
[0.177s] INFO:colcon.colcon_core.shell:Skip shell extension 'powershell' for command environment: Not usable outside of PowerShell
[0.177s] DEBUG:colcon.colcon_core.shell:Skip shell extension 'dsv' for command environment
[0.181s] DEBUG:colcon.colcon_core.event_handler.log_command:Invoking command in '/home/xwz/1_fyt01/FYT2024_vision-main/build/rm_utils': CMAKE_PREFIX_PATH=/opt/ros/humble /usr/local/bin/cmake --build /home/xwz/1_fyt01/FYT2024_vision-main/build/rm_utils -- -j20 -l20
[0.182s] DEBUG:colcon.colcon_core.event_handler.log_command:Invoking command in '/home/xwz/1_fyt01/FYT2024_vision-main/build/rm_interfaces': CMAKE_PREFIX_PATH=/opt/ros/humble /usr/local/bin/cmake --build /home/xwz/1_fyt01/FYT2024_vision-main/build/rm_interfaces -- -j20 -l20
[0.184s] DEBUG:colcon.colcon_core.event_handler.log_command:Invoking command in '/home/xwz/1_fyt01/FYT2024_vision-main/build/rm_robot_description': CMAKE_PREFIX_PATH=/opt/ros/humble /usr/local/bin/cmake --build /home/xwz/1_fyt01/FYT2024_vision-main/build/rm_robot_description -- -j20 -l20
[0.203s] DEBUG:colcon.colcon_core.event_handler.log_command:Invoked command in '/home/xwz/1_fyt01/FYT2024_vision-main/build/rm_robot_description' returned '0': CMAKE_PREFIX_PATH=/opt/ros/humble /usr/local/bin/cmake --build /home/xwz/1_fyt01/FYT2024_vision-main/build/rm_robot_description -- -j20 -l20
[0.231s] DEBUG:colcon.colcon_core.event_handler.log_command:Invoking command in '/home/xwz/1_fyt01/FYT2024_vision-main/build/rm_robot_description': CMAKE_PREFIX_PATH=/opt/ros/humble /usr/local/bin/cmake --install /home/xwz/1_fyt01/FYT2024_vision-main/build/rm_robot_description
[0.246s] DEBUG:colcon.colcon_core.event_handler.log_command:Invoked command in '/home/xwz/1_fyt01/FYT2024_vision-main/build/rm_utils' returned '0': CMAKE_PREFIX_PATH=/opt/ros/humble /usr/local/bin/cmake --build /home/xwz/1_fyt01/FYT2024_vision-main/build/rm_utils -- -j20 -l20
[0.259s] Level 1:colcon.colcon_core.environment:create_environment_scripts_only(rm_robot_description)
[0.259s] DEBUG:colcon.colcon_core.event_handler.log_command:Invoked command in '/home/xwz/1_fyt01/FYT2024_vision-main/build/rm_robot_description' returned '0': CMAKE_PREFIX_PATH=/opt/ros/humble /usr/local/bin/cmake --install /home/xwz/1_fyt01/FYT2024_vision-main/build/rm_robot_description
[0.261s] Level 1:colcon.colcon_core.environment:checking '/home/xwz/1_fyt01/FYT2024_vision-main/install/rm_robot_description' for CMake module files
[0.261s] Level 1:colcon.colcon_core.environment:checking '/home/xwz/1_fyt01/FYT2024_vision-main/install/rm_robot_description' for CMake config files
[0.261s] Level 1:colcon.colcon_core.shell:create_environment_hook('rm_robot_description', 'cmake_prefix_path')
[0.262s] INFO:colcon.colcon_core.shell:Creating environment hook '/home/xwz/1_fyt01/FYT2024_vision-main/install/rm_robot_description/share/rm_robot_description/hook/cmake_prefix_path.ps1'
[0.262s] INFO:colcon.colcon_core.shell:Creating environment descriptor '/home/xwz/1_fyt01/FYT2024_vision-main/install/rm_robot_description/share/rm_robot_description/hook/cmake_prefix_path.dsv'
[0.262s] INFO:colcon.colcon_core.shell:Creating environment hook '/home/xwz/1_fyt01/FYT2024_vision-main/install/rm_robot_description/share/rm_robot_description/hook/cmake_prefix_path.sh'
[0.263s] Level 1:colcon.colcon_core.environment:checking '/home/xwz/1_fyt01/FYT2024_vision-main/install/rm_robot_description/bin'
[0.263s] Level 1:colcon.colcon_core.environment:checking '/home/xwz/1_fyt01/FYT2024_vision-main/install/rm_robot_description/lib/pkgconfig/rm_robot_description.pc'
[0.263s] Level 1:colcon.colcon_core.environment:checking '/home/xwz/1_fyt01/FYT2024_vision-main/install/rm_robot_description/lib/python3.10/site-packages'
[0.263s] Level 1:colcon.colcon_core.environment:checking '/home/xwz/1_fyt01/FYT2024_vision-main/install/rm_robot_description/bin'
[0.264s] INFO:colcon.colcon_core.shell:Creating package script '/home/xwz/1_fyt01/FYT2024_vision-main/install/rm_robot_description/share/rm_robot_description/package.ps1'
[0.264s] INFO:colcon.colcon_core.shell:Creating package descriptor '/home/xwz/1_fyt01/FYT2024_vision-main/install/rm_robot_description/share/rm_robot_description/package.dsv'
[0.264s] INFO:colcon.colcon_core.shell:Creating package script '/home/xwz/1_fyt01/FYT2024_vision-main/install/rm_robot_description/share/rm_robot_description/package.sh'
[0.264s] INFO:colcon.colcon_core.shell:Creating package script '/home/xwz/1_fyt01/FYT2024_vision-main/install/rm_robot_description/share/rm_robot_description/package.bash'
[0.265s] INFO:colcon.colcon_core.shell:Creating package script '/home/xwz/1_fyt01/FYT2024_vision-main/install/rm_robot_description/share/rm_robot_description/package.zsh'
[0.265s] Level 1:colcon.colcon_core.environment:create_file_with_runtime_dependencies(/home/xwz/1_fyt01/FYT2024_vision-main/install/rm_robot_description/share/colcon-core/packages/rm_robot_description)
[0.278s] Level 1:colcon.colcon_core.environment:create_environment_scripts_only(rm_robot_description)
[0.278s] Level 1:colcon.colcon_core.environment:checking '/home/xwz/1_fyt01/FYT2024_vision-main/install/rm_robot_description' for CMake module files
[0.278s] Level 1:colcon.colcon_core.environment:checking '/home/xwz/1_fyt01/FYT2024_vision-main/install/rm_robot_description' for CMake config files
[0.278s] Level 1:colcon.colcon_core.shell:create_environment_hook('rm_robot_description', 'cmake_prefix_path')
[0.278s] INFO:colcon.colcon_core.shell:Creating environment hook '/home/xwz/1_fyt01/FYT2024_vision-main/install/rm_robot_description/share/rm_robot_description/hook/cmake_prefix_path.ps1'
[0.279s] INFO:colcon.colcon_core.shell:Creating environment descriptor '/home/xwz/1_fyt01/FYT2024_vision-main/install/rm_robot_description/share/rm_robot_description/hook/cmake_prefix_path.dsv'
[0.279s] INFO:colcon.colcon_core.shell:Creating environment hook '/home/xwz/1_fyt01/FYT2024_vision-main/install/rm_robot_description/share/rm_robot_description/hook/cmake_prefix_path.sh'
[0.279s] Level 1:colcon.colcon_core.environment:checking '/home/xwz/1_fyt01/FYT2024_vision-main/install/rm_robot_description/bin'
[0.279s] Level 1:colcon.colcon_core.environment:checking '/home/xwz/1_fyt01/FYT2024_vision-main/install/rm_robot_description/lib/pkgconfig/rm_robot_description.pc'
[0.279s] Level 1:colcon.colcon_core.environment:checking '/home/xwz/1_fyt01/FYT2024_vision-main/install/rm_robot_description/lib/python3.10/site-packages'
[0.279s] Level 1:colcon.colcon_core.environment:checking '/home/xwz/1_fyt01/FYT2024_vision-main/install/rm_robot_description/bin'
[0.279s] INFO:colcon.colcon_core.shell:Creating package script '/home/xwz/1_fyt01/FYT2024_vision-main/install/rm_robot_description/share/rm_robot_description/package.ps1'
[0.280s] INFO:colcon.colcon_core.shell:Creating package descriptor '/home/xwz/1_fyt01/FYT2024_vision-main/install/rm_robot_description/share/rm_robot_description/package.dsv'
[0.280s] INFO:colcon.colcon_core.shell:Creating package script '/home/xwz/1_fyt01/FYT2024_vision-main/install/rm_robot_description/share/rm_robot_description/package.sh'
[0.280s] INFO:colcon.colcon_core.shell:Creating package script '/home/xwz/1_fyt01/FYT2024_vision-main/install/rm_robot_description/share/rm_robot_description/package.bash'
[0.280s] INFO:colcon.colcon_core.shell:Creating package script '/home/xwz/1_fyt01/FYT2024_vision-main/install/rm_robot_description/share/rm_robot_description/package.zsh'
[0.280s] Level 1:colcon.colcon_core.environment:create_file_with_runtime_dependencies(/home/xwz/1_fyt01/FYT2024_vision-main/install/rm_robot_description/share/colcon-core/packages/rm_robot_description)
[0.282s] DEBUG:colcon.colcon_core.event_handler.log_command:Invoking command in '/home/xwz/1_fyt01/FYT2024_vision-main/build/rm_utils': CMAKE_PREFIX_PATH=/opt/ros/humble /usr/local/bin/cmake --install /home/xwz/1_fyt01/FYT2024_vision-main/build/rm_utils
[0.299s] Level 1:colcon.colcon_core.environment:create_environment_scripts_only(rm_utils)
[0.299s] Level 1:colcon.colcon_core.environment:checking '/home/xwz/1_fyt01/FYT2024_vision-main/install/rm_utils' for CMake module files
[0.299s] DEBUG:colcon.colcon_core.event_handler.log_command:Invoked command in '/home/xwz/1_fyt01/FYT2024_vision-main/build/rm_utils' returned '0': CMAKE_PREFIX_PATH=/opt/ros/humble /usr/local/bin/cmake --install /home/xwz/1_fyt01/FYT2024_vision-main/build/rm_utils
[0.299s] Level 1:colcon.colcon_core.environment:checking '/home/xwz/1_fyt01/FYT2024_vision-main/install/rm_utils' for CMake config files
[0.299s] Level 1:colcon.colcon_core.shell:create_environment_hook('rm_utils', 'cmake_prefix_path')
[0.299s] INFO:colcon.colcon_core.shell:Creating environment hook '/home/xwz/1_fyt01/FYT2024_vision-main/install/rm_utils/share/rm_utils/hook/cmake_prefix_path.ps1'
[0.300s] INFO:colcon.colcon_core.shell:Creating environment descriptor '/home/xwz/1_fyt01/FYT2024_vision-main/install/rm_utils/share/rm_utils/hook/cmake_prefix_path.dsv'
[0.300s] INFO:colcon.colcon_core.shell:Creating environment hook '/home/xwz/1_fyt01/FYT2024_vision-main/install/rm_utils/share/rm_utils/hook/cmake_prefix_path.sh'
[0.300s] Level 1:colcon.colcon_core.environment:checking '/home/xwz/1_fyt01/FYT2024_vision-main/install/rm_utils/lib'
[0.300s] Level 1:colcon.colcon_core.shell:create_environment_hook('rm_utils', 'ld_library_path_lib')
[0.300s] INFO:colcon.colcon_core.shell:Creating environment hook '/home/xwz/1_fyt01/FYT2024_vision-main/install/rm_utils/share/rm_utils/hook/ld_library_path_lib.ps1'
[0.300s] INFO:colcon.colcon_core.shell:Creating environment descriptor '/home/xwz/1_fyt01/FYT2024_vision-main/install/rm_utils/share/rm_utils/hook/ld_library_path_lib.dsv'
[0.301s] INFO:colcon.colcon_core.shell:Creating environment hook '/home/xwz/1_fyt01/FYT2024_vision-main/install/rm_utils/share/rm_utils/hook/ld_library_path_lib.sh'
[0.301s] Level 1:colcon.colcon_core.environment:checking '/home/xwz/1_fyt01/FYT2024_vision-main/install/rm_utils/bin'
[0.301s] Level 1:colcon.colcon_core.environment:checking '/home/xwz/1_fyt01/FYT2024_vision-main/install/rm_utils/lib/pkgconfig/rm_utils.pc'
[0.301s] Level 1:colcon.colcon_core.environment:checking '/home/xwz/1_fyt01/FYT2024_vision-main/install/rm_utils/lib/python3.10/site-packages'
[0.301s] Level 1:colcon.colcon_core.environment:checking '/home/xwz/1_fyt01/FYT2024_vision-main/install/rm_utils/bin'
[0.301s] INFO:colcon.colcon_core.shell:Creating package script '/home/xwz/1_fyt01/FYT2024_vision-main/install/rm_utils/share/rm_utils/package.ps1'
[0.301s] INFO:colcon.colcon_core.shell:Creating package descriptor '/home/xwz/1_fyt01/FYT2024_vision-main/install/rm_utils/share/rm_utils/package.dsv'
[0.301s] INFO:colcon.colcon_core.shell:Creating package script '/home/xwz/1_fyt01/FYT2024_vision-main/install/rm_utils/share/rm_utils/package.sh'
[0.302s] INFO:colcon.colcon_core.shell:Creating package script '/home/xwz/1_fyt01/FYT2024_vision-main/install/rm_utils/share/rm_utils/package.bash'
[0.302s] INFO:colcon.colcon_core.shell:Creating package script '/home/xwz/1_fyt01/FYT2024_vision-main/install/rm_utils/share/rm_utils/package.zsh'
[0.302s] Level 1:colcon.colcon_core.environment:create_file_with_runtime_dependencies(/home/xwz/1_fyt01/FYT2024_vision-main/install/rm_utils/share/colcon-core/packages/rm_utils)
[0.329s] Level 1:colcon.colcon_core.environment:create_environment_scripts_only(rm_utils)
[0.330s] Level 1:colcon.colcon_core.environment:checking '/home/xwz/1_fyt01/FYT2024_vision-main/install/rm_utils' for CMake module files
[0.330s] Level 1:colcon.colcon_core.environment:checking '/home/xwz/1_fyt01/FYT2024_vision-main/install/rm_utils' for CMake config files
[0.330s] Level 1:colcon.colcon_core.shell:create_environment_hook('rm_utils', 'cmake_prefix_path')
[0.331s] INFO:colcon.colcon_core.shell:Creating environment hook '/home/xwz/1_fyt01/FYT2024_vision-main/install/rm_utils/share/rm_utils/hook/cmake_prefix_path.ps1'
[0.331s] INFO:colcon.colcon_core.shell:Creating environment descriptor '/home/xwz/1_fyt01/FYT2024_vision-main/install/rm_utils/share/rm_utils/hook/cmake_prefix_path.dsv'
[0.331s] INFO:colcon.colcon_core.shell:Creating environment hook '/home/xwz/1_fyt01/FYT2024_vision-main/install/rm_utils/share/rm_utils/hook/cmake_prefix_path.sh'
[0.332s] Level 1:colcon.colcon_core.environment:checking '/home/xwz/1_fyt01/FYT2024_vision-main/install/rm_utils/lib'
[0.332s] Level 1:colcon.colcon_core.shell:create_environment_hook('rm_utils', 'ld_library_path_lib')
[0.332s] INFO:colcon.colcon_core.shell:Creating environment hook '/home/xwz/1_fyt01/FYT2024_vision-main/install/rm_utils/share/rm_utils/hook/ld_library_path_lib.ps1'
[0.332s] INFO:colcon.colcon_core.shell:Creating environment descriptor '/home/xwz/1_fyt01/FYT2024_vision-main/install/rm_utils/share/rm_utils/hook/ld_library_path_lib.dsv'
[0.332s] INFO:colcon.colcon_core.shell:Creating environment hook '/home/xwz/1_fyt01/FYT2024_vision-main/install/rm_utils/share/rm_utils/hook/ld_library_path_lib.sh'
[0.333s] Level 1:colcon.colcon_core.environment:checking '/home/xwz/1_fyt01/FYT2024_vision-main/install/rm_utils/bin'
[0.333s] Level 1:colcon.colcon_core.environment:checking '/home/xwz/1_fyt01/FYT2024_vision-main/install/rm_utils/lib/pkgconfig/rm_utils.pc'
[0.333s] Level 1:colcon.colcon_core.environment:checking '/home/xwz/1_fyt01/FYT2024_vision-main/install/rm_utils/lib/python3.10/site-packages'
[0.333s] Level 1:colcon.colcon_core.environment:checking '/home/xwz/1_fyt01/FYT2024_vision-main/install/rm_utils/bin'
[0.333s] INFO:colcon.colcon_core.shell:Creating package script '/home/xwz/1_fyt01/FYT2024_vision-main/install/rm_utils/share/rm_utils/package.ps1'
[0.334s] INFO:colcon.colcon_core.shell:Creating package descriptor '/home/xwz/1_fyt01/FYT2024_vision-main/install/rm_utils/share/rm_utils/package.dsv'
[0.334s] INFO:colcon.colcon_core.shell:Creating package script '/home/xwz/1_fyt01/FYT2024_vision-main/install/rm_utils/share/rm_utils/package.sh'
[0.335s] INFO:colcon.colcon_core.shell:Creating package script '/home/xwz/1_fyt01/FYT2024_vision-main/install/rm_utils/share/rm_utils/package.bash'
[0.335s] INFO:colcon.colcon_core.shell:Creating package script '/home/xwz/1_fyt01/FYT2024_vision-main/install/rm_utils/share/rm_utils/package.zsh'
[0.336s] Level 1:colcon.colcon_core.environment:create_file_with_runtime_dependencies(/home/xwz/1_fyt01/FYT2024_vision-main/install/rm_utils/share/colcon-core/packages/rm_utils)
[0.336s] INFO:colcon.colcon_ros.task.ament_cmake.build:Building ROS package in '/home/xwz/1_fyt01/FYT2024_vision-main/src/rm_hardware_driver/rm_camera_driver' with build type 'ament_cmake'
[0.336s] INFO:colcon.colcon_cmake.task.cmake.build:Building CMake package in '/home/xwz/1_fyt01/FYT2024_vision-main/src/rm_hardware_driver/rm_camera_driver'
[0.336s] INFO:colcon.colcon_core.shell:Skip shell extension 'powershell' for command environment: Not usable outside of PowerShell
[0.336s] DEBUG:colcon.colcon_core.shell:Skip shell extension 'dsv' for command environment
[0.343s] DEBUG:colcon.colcon_core.event_handler.log_command:Invoking command in '/home/xwz/1_fyt01/FYT2024_vision-main/build/rm_camera_driver': AMENT_PREFIX_PATH=/home/xwz/1_fyt01/FYT2024_vision-main/install/rm_utils:${AMENT_PREFIX_PATH} CMAKE_PREFIX_PATH=/home/xwz/1_fyt01/FYT2024_vision-main/install/rm_utils:/opt/ros/humble LD_LIBRARY_PATH=/home/xwz/1_fyt01/FYT2024_vision-main/install/rm_utils/lib:/opt/ros/humble/opt/rviz_ogre_vendor/lib:/opt/ros/humble/lib/x86_64-linux-gnu:/opt/ros/humble/lib:/usr/local/opencv4.6.0/lib /usr/local/bin/cmake --build /home/xwz/1_fyt01/FYT2024_vision-main/build/rm_camera_driver -- -j20 -l20
[0.379s] DEBUG:colcon.colcon_core.event_handler.log_command:Invoked command in '/home/xwz/1_fyt01/FYT2024_vision-main/build/rm_interfaces' returned '0': CMAKE_PREFIX_PATH=/opt/ros/humble /usr/local/bin/cmake --build /home/xwz/1_fyt01/FYT2024_vision-main/build/rm_interfaces -- -j20 -l20
[0.386s] DEBUG:colcon.colcon_core.event_handler.log_command:Invoked command in '/home/xwz/1_fyt01/FYT2024_vision-main/build/rm_camera_driver' returned '0': AMENT_PREFIX_PATH=/home/xwz/1_fyt01/FYT2024_vision-main/install/rm_utils:${AMENT_PREFIX_PATH} CMAKE_PREFIX_PATH=/home/xwz/1_fyt01/FYT2024_vision-main/install/rm_utils:/opt/ros/humble LD_LIBRARY_PATH=/home/xwz/1_fyt01/FYT2024_vision-main/install/rm_utils/lib:/opt/ros/humble/opt/rviz_ogre_vendor/lib:/opt/ros/humble/lib/x86_64-linux-gnu:/opt/ros/humble/lib:/usr/local/opencv4.6.0/lib /usr/local/bin/cmake --build /home/xwz/1_fyt01/FYT2024_vision-main/build/rm_camera_driver -- -j20 -l20
[0.417s] DEBUG:colcon.colcon_core.event_handler.log_command:Invoking command in '/home/xwz/1_fyt01/FYT2024_vision-main/build/rm_camera_driver': AMENT_PREFIX_PATH=/home/xwz/1_fyt01/FYT2024_vision-main/install/rm_utils:${AMENT_PREFIX_PATH} CMAKE_PREFIX_PATH=/home/xwz/1_fyt01/FYT2024_vision-main/install/rm_utils:/opt/ros/humble LD_LIBRARY_PATH=/home/xwz/1_fyt01/FYT2024_vision-main/install/rm_utils/lib:/opt/ros/humble/opt/rviz_ogre_vendor/lib:/opt/ros/humble/lib/x86_64-linux-gnu:/opt/ros/humble/lib:/usr/local/opencv4.6.0/lib /usr/local/bin/cmake --install /home/xwz/1_fyt01/FYT2024_vision-main/build/rm_camera_driver
[0.547s] Level 1:colcon.colcon_core.environment:create_environment_scripts_only(rm_camera_driver)
[0.548s] Level 1:colcon.colcon_core.environment:checking '/home/xwz/1_fyt01/FYT2024_vision-main/install/rm_camera_driver' for CMake module files
[0.548s] DEBUG:colcon.colcon_core.event_handler.log_command:Invoked command in '/home/xwz/1_fyt01/FYT2024_vision-main/build/rm_camera_driver' returned '0': AMENT_PREFIX_PATH=/home/xwz/1_fyt01/FYT2024_vision-main/install/rm_utils:${AMENT_PREFIX_PATH} CMAKE_PREFIX_PATH=/home/xwz/1_fyt01/FYT2024_vision-main/install/rm_utils:/opt/ros/humble LD_LIBRARY_PATH=/home/xwz/1_fyt01/FYT2024_vision-main/install/rm_utils/lib:/opt/ros/humble/opt/rviz_ogre_vendor/lib:/opt/ros/humble/lib/x86_64-linux-gnu:/opt/ros/humble/lib:/usr/local/opencv4.6.0/lib /usr/local/bin/cmake --install /home/xwz/1_fyt01/FYT2024_vision-main/build/rm_camera_driver
[0.548s] Level 1:colcon.colcon_core.environment:checking '/home/xwz/1_fyt01/FYT2024_vision-main/install/rm_camera_driver' for CMake config files
[0.548s] Level 1:colcon.colcon_core.shell:create_environment_hook('rm_camera_driver', 'cmake_prefix_path')
[0.548s] INFO:colcon.colcon_core.shell:Creating environment hook '/home/xwz/1_fyt01/FYT2024_vision-main/install/rm_camera_driver/share/rm_camera_driver/hook/cmake_prefix_path.ps1'
[0.549s] INFO:colcon.colcon_core.shell:Creating environment descriptor '/home/xwz/1_fyt01/FYT2024_vision-main/install/rm_camera_driver/share/rm_camera_driver/hook/cmake_prefix_path.dsv'
[0.549s] INFO:colcon.colcon_core.shell:Creating environment hook '/home/xwz/1_fyt01/FYT2024_vision-main/install/rm_camera_driver/share/rm_camera_driver/hook/cmake_prefix_path.sh'
[0.549s] Level 1:colcon.colcon_core.environment:checking '/home/xwz/1_fyt01/FYT2024_vision-main/install/rm_camera_driver/lib'
[0.549s] Level 1:colcon.colcon_core.shell:create_environment_hook('rm_camera_driver', 'ld_library_path_lib')
[0.549s] INFO:colcon.colcon_core.shell:Creating environment hook '/home/xwz/1_fyt01/FYT2024_vision-main/install/rm_camera_driver/share/rm_camera_driver/hook/ld_library_path_lib.ps1'
[0.549s] INFO:colcon.colcon_core.shell:Creating environment descriptor '/home/xwz/1_fyt01/FYT2024_vision-main/install/rm_camera_driver/share/rm_camera_driver/hook/ld_library_path_lib.dsv'
[0.549s] INFO:colcon.colcon_core.shell:Creating environment hook '/home/xwz/1_fyt01/FYT2024_vision-main/install/rm_camera_driver/share/rm_camera_driver/hook/ld_library_path_lib.sh'
[0.550s] Level 1:colcon.colcon_core.environment:checking '/home/xwz/1_fyt01/FYT2024_vision-main/install/rm_camera_driver/bin'
[0.550s] Level 1:colcon.colcon_core.environment:checking '/home/xwz/1_fyt01/FYT2024_vision-main/install/rm_camera_driver/lib/pkgconfig/rm_camera_driver.pc'
[0.550s] Level 1:colcon.colcon_core.environment:checking '/home/xwz/1_fyt01/FYT2024_vision-main/install/rm_camera_driver/lib/python3.10/site-packages'
[0.550s] Level 1:colcon.colcon_core.environment:checking '/home/xwz/1_fyt01/FYT2024_vision-main/install/rm_camera_driver/bin'
[0.550s] INFO:colcon.colcon_core.shell:Creating package script '/home/xwz/1_fyt01/FYT2024_vision-main/install/rm_camera_driver/share/rm_camera_driver/package.ps1'
[0.550s] INFO:colcon.colcon_core.shell:Creating package descriptor '/home/xwz/1_fyt01/FYT2024_vision-main/install/rm_camera_driver/share/rm_camera_driver/package.dsv'
[0.550s] INFO:colcon.colcon_core.shell:Creating package script '/home/xwz/1_fyt01/FYT2024_vision-main/install/rm_camera_driver/share/rm_camera_driver/package.sh'
[0.550s] INFO:colcon.colcon_core.shell:Creating package script '/home/xwz/1_fyt01/FYT2024_vision-main/install/rm_camera_driver/share/rm_camera_driver/package.bash'
[0.551s] INFO:colcon.colcon_core.shell:Creating package script '/home/xwz/1_fyt01/FYT2024_vision-main/install/rm_camera_driver/share/rm_camera_driver/package.zsh'
[0.551s] Level 1:colcon.colcon_core.environment:create_file_with_runtime_dependencies(/home/xwz/1_fyt01/FYT2024_vision-main/install/rm_camera_driver/share/colcon-core/packages/rm_camera_driver)
[0.572s] Level 1:colcon.colcon_core.environment:create_environment_scripts_only(rm_camera_driver)
[0.572s] Level 1:colcon.colcon_core.environment:checking '/home/xwz/1_fyt01/FYT2024_vision-main/install/rm_camera_driver' for CMake module files
[0.572s] Level 1:colcon.colcon_core.environment:checking '/home/xwz/1_fyt01/FYT2024_vision-main/install/rm_camera_driver' for CMake config files
[0.572s] Level 1:colcon.colcon_core.shell:create_environment_hook('rm_camera_driver', 'cmake_prefix_path')
[0.572s] INFO:colcon.colcon_core.shell:Creating environment hook '/home/xwz/1_fyt01/FYT2024_vision-main/install/rm_camera_driver/share/rm_camera_driver/hook/cmake_prefix_path.ps1'
[0.572s] INFO:colcon.colcon_core.shell:Creating environment descriptor '/home/xwz/1_fyt01/FYT2024_vision-main/install/rm_camera_driver/share/rm_camera_driver/hook/cmake_prefix_path.dsv'
[0.573s] INFO:colcon.colcon_core.shell:Creating environment hook '/home/xwz/1_fyt01/FYT2024_vision-main/install/rm_camera_driver/share/rm_camera_driver/hook/cmake_prefix_path.sh'
[0.573s] Level 1:colcon.colcon_core.environment:checking '/home/xwz/1_fyt01/FYT2024_vision-main/install/rm_camera_driver/lib'
[0.573s] Level 1:colcon.colcon_core.shell:create_environment_hook('rm_camera_driver', 'ld_library_path_lib')
[0.573s] INFO:colcon.colcon_core.shell:Creating environment hook '/home/xwz/1_fyt01/FYT2024_vision-main/install/rm_camera_driver/share/rm_camera_driver/hook/ld_library_path_lib.ps1'
[0.573s] INFO:colcon.colcon_core.shell:Creating environment descriptor '/home/xwz/1_fyt01/FYT2024_vision-main/install/rm_camera_driver/share/rm_camera_driver/hook/ld_library_path_lib.dsv'
[0.573s] INFO:colcon.colcon_core.shell:Creating environment hook '/home/xwz/1_fyt01/FYT2024_vision-main/install/rm_camera_driver/share/rm_camera_driver/hook/ld_library_path_lib.sh'
[0.574s] Level 1:colcon.colcon_core.environment:checking '/home/xwz/1_fyt01/FYT2024_vision-main/install/rm_camera_driver/bin'
[0.574s] Level 1:colcon.colcon_core.environment:checking '/home/xwz/1_fyt01/FYT2024_vision-main/install/rm_camera_driver/lib/pkgconfig/rm_camera_driver.pc'
[0.574s] Level 1:colcon.colcon_core.environment:checking '/home/xwz/1_fyt01/FYT2024_vision-main/install/rm_camera_driver/lib/python3.10/site-packages'
[0.574s] Level 1:colcon.colcon_core.environment:checking '/home/xwz/1_fyt01/FYT2024_vision-main/install/rm_camera_driver/bin'
[0.574s] INFO:colcon.colcon_core.shell:Creating package script '/home/xwz/1_fyt01/FYT2024_vision-main/install/rm_camera_driver/share/rm_camera_driver/package.ps1'
[0.575s] INFO:colcon.colcon_core.shell:Creating package descriptor '/home/xwz/1_fyt01/FYT2024_vision-main/install/rm_camera_driver/share/rm_camera_driver/package.dsv'
[0.575s] INFO:colcon.colcon_core.shell:Creating package script '/home/xwz/1_fyt01/FYT2024_vision-main/install/rm_camera_driver/share/rm_camera_driver/package.sh'
[0.575s] INFO:colcon.colcon_core.shell:Creating package script '/home/xwz/1_fyt01/FYT2024_vision-main/install/rm_camera_driver/share/rm_camera_driver/package.bash'
[0.575s] INFO:colcon.colcon_core.shell:Creating package script '/home/xwz/1_fyt01/FYT2024_vision-main/install/rm_camera_driver/share/rm_camera_driver/package.zsh'
[0.575s] Level 1:colcon.colcon_core.environment:create_file_with_runtime_dependencies(/home/xwz/1_fyt01/FYT2024_vision-main/install/rm_camera_driver/share/colcon-core/packages/rm_camera_driver)
[0.657s] DEBUG:colcon.colcon_core.event_handler.log_command:Invoking command in '/home/xwz/1_fyt01/FYT2024_vision-main/build/rm_interfaces': CMAKE_PREFIX_PATH=/opt/ros/humble /usr/local/bin/cmake --install /home/xwz/1_fyt01/FYT2024_vision-main/build/rm_interfaces
[0.764s] Level 1:colcon.colcon_core.environment:create_environment_scripts_only(rm_interfaces)
[0.765s] Level 1:colcon.colcon_core.environment:checking '/home/xwz/1_fyt01/FYT2024_vision-main/install/rm_interfaces' for CMake module files
[0.765s] DEBUG:colcon.colcon_core.event_handler.log_command:Invoked command in '/home/xwz/1_fyt01/FYT2024_vision-main/build/rm_interfaces' returned '0': CMAKE_PREFIX_PATH=/opt/ros/humble /usr/local/bin/cmake --install /home/xwz/1_fyt01/FYT2024_vision-main/build/rm_interfaces
[0.765s] Level 1:colcon.colcon_core.environment:checking '/home/xwz/1_fyt01/FYT2024_vision-main/install/rm_interfaces' for CMake config files
[0.766s] Level 1:colcon.colcon_core.shell:create_environment_hook('rm_interfaces', 'cmake_prefix_path')
[0.766s] INFO:colcon.colcon_core.shell:Creating environment hook '/home/xwz/1_fyt01/FYT2024_vision-main/install/rm_interfaces/share/rm_interfaces/hook/cmake_prefix_path.ps1'
[0.766s] INFO:colcon.colcon_core.shell:Creating environment descriptor '/home/xwz/1_fyt01/FYT2024_vision-main/install/rm_interfaces/share/rm_interfaces/hook/cmake_prefix_path.dsv'
[0.766s] INFO:colcon.colcon_core.shell:Creating environment hook '/home/xwz/1_fyt01/FYT2024_vision-main/install/rm_interfaces/share/rm_interfaces/hook/cmake_prefix_path.sh'
[0.767s] Level 1:colcon.colcon_core.environment:checking '/home/xwz/1_fyt01/FYT2024_vision-main/install/rm_interfaces/lib'
[0.767s] Level 1:colcon.colcon_core.shell:create_environment_hook('rm_interfaces', 'ld_library_path_lib')
[0.767s] INFO:colcon.colcon_core.shell:Creating environment hook '/home/xwz/1_fyt01/FYT2024_vision-main/install/rm_interfaces/share/rm_interfaces/hook/ld_library_path_lib.ps1'
[0.767s] INFO:colcon.colcon_core.shell:Creating environment descriptor '/home/xwz/1_fyt01/FYT2024_vision-main/install/rm_interfaces/share/rm_interfaces/hook/ld_library_path_lib.dsv'
[0.767s] INFO:colcon.colcon_core.shell:Creating environment hook '/home/xwz/1_fyt01/FYT2024_vision-main/install/rm_interfaces/share/rm_interfaces/hook/ld_library_path_lib.sh'
[0.767s] Level 1:colcon.colcon_core.environment:checking '/home/xwz/1_fyt01/FYT2024_vision-main/install/rm_interfaces/bin'
[0.767s] Level 1:colcon.colcon_core.environment:checking '/home/xwz/1_fyt01/FYT2024_vision-main/install/rm_interfaces/lib/pkgconfig/rm_interfaces.pc'
[0.767s] Level 1:colcon.colcon_core.environment:checking '/home/xwz/1_fyt01/FYT2024_vision-main/install/rm_interfaces/lib/python3.10/site-packages'
[0.767s] Level 1:colcon.colcon_core.environment:checking '/home/xwz/1_fyt01/FYT2024_vision-main/install/rm_interfaces/bin'
[0.768s] INFO:colcon.colcon_core.shell:Creating package script '/home/xwz/1_fyt01/FYT2024_vision-main/install/rm_interfaces/share/rm_interfaces/package.ps1'
[0.768s] INFO:colcon.colcon_core.shell:Creating package descriptor '/home/xwz/1_fyt01/FYT2024_vision-main/install/rm_interfaces/share/rm_interfaces/package.dsv'
[0.768s] INFO:colcon.colcon_core.shell:Creating package script '/home/xwz/1_fyt01/FYT2024_vision-main/install/rm_interfaces/share/rm_interfaces/package.sh'
[0.768s] INFO:colcon.colcon_core.shell:Creating package script '/home/xwz/1_fyt01/FYT2024_vision-main/install/rm_interfaces/share/rm_interfaces/package.bash'
[0.768s] INFO:colcon.colcon_core.shell:Creating package script '/home/xwz/1_fyt01/FYT2024_vision-main/install/rm_interfaces/share/rm_interfaces/package.zsh'
[0.768s] Level 1:colcon.colcon_core.environment:create_file_with_runtime_dependencies(/home/xwz/1_fyt01/FYT2024_vision-main/install/rm_interfaces/share/colcon-core/packages/rm_interfaces)
[1.054s] Level 1:colcon.colcon_core.environment:create_environment_scripts_only(rm_interfaces)
[1.054s] Level 1:colcon.colcon_core.environment:checking '/home/xwz/1_fyt01/FYT2024_vision-main/install/rm_interfaces' for CMake module files
[1.055s] Level 1:colcon.colcon_core.environment:checking '/home/xwz/1_fyt01/FYT2024_vision-main/install/rm_interfaces' for CMake config files
[1.055s] Level 1:colcon.colcon_core.shell:create_environment_hook('rm_interfaces', 'cmake_prefix_path')
[1.056s] INFO:colcon.colcon_core.shell:Creating environment hook '/home/xwz/1_fyt01/FYT2024_vision-main/install/rm_interfaces/share/rm_interfaces/hook/cmake_prefix_path.ps1'
[1.056s] INFO:colcon.colcon_core.shell:Creating environment descriptor '/home/xwz/1_fyt01/FYT2024_vision-main/install/rm_interfaces/share/rm_interfaces/hook/cmake_prefix_path.dsv'
[1.056s] INFO:colcon.colcon_core.shell:Creating environment hook '/home/xwz/1_fyt01/FYT2024_vision-main/install/rm_interfaces/share/rm_interfaces/hook/cmake_prefix_path.sh'
[1.056s] Level 1:colcon.colcon_core.environment:checking '/home/xwz/1_fyt01/FYT2024_vision-main/install/rm_interfaces/lib'
[1.056s] Level 1:colcon.colcon_core.shell:create_environment_hook('rm_interfaces', 'ld_library_path_lib')
[1.056s] INFO:colcon.colcon_core.shell:Creating environment hook '/home/xwz/1_fyt01/FYT2024_vision-main/install/rm_interfaces/share/rm_interfaces/hook/ld_library_path_lib.ps1'
[1.057s] INFO:colcon.colcon_core.shell:Creating environment descriptor '/home/xwz/1_fyt01/FYT2024_vision-main/install/rm_interfaces/share/rm_interfaces/hook/ld_library_path_lib.dsv'
[1.057s] INFO:colcon.colcon_core.shell:Creating environment hook '/home/xwz/1_fyt01/FYT2024_vision-main/install/rm_interfaces/share/rm_interfaces/hook/ld_library_path_lib.sh'
[1.057s] Level 1:colcon.colcon_core.environment:checking '/home/xwz/1_fyt01/FYT2024_vision-main/install/rm_interfaces/bin'
[1.057s] Level 1:colcon.colcon_core.environment:checking '/home/xwz/1_fyt01/FYT2024_vision-main/install/rm_interfaces/lib/pkgconfig/rm_interfaces.pc'
[1.057s] Level 1:colcon.colcon_core.environment:checking '/home/xwz/1_fyt01/FYT2024_vision-main/install/rm_interfaces/lib/python3.10/site-packages'
[1.057s] Level 1:colcon.colcon_core.environment:checking '/home/xwz/1_fyt01/FYT2024_vision-main/install/rm_interfaces/bin'
[1.057s] INFO:colcon.colcon_core.shell:Creating package script '/home/xwz/1_fyt01/FYT2024_vision-main/install/rm_interfaces/share/rm_interfaces/package.ps1'
[1.058s] INFO:colcon.colcon_core.shell:Creating package descriptor '/home/xwz/1_fyt01/FYT2024_vision-main/install/rm_interfaces/share/rm_interfaces/package.dsv'
[1.058s] INFO:colcon.colcon_core.shell:Creating package script '/home/xwz/1_fyt01/FYT2024_vision-main/install/rm_interfaces/share/rm_interfaces/package.sh'
[1.058s] INFO:colcon.colcon_core.shell:Creating package script '/home/xwz/1_fyt01/FYT2024_vision-main/install/rm_interfaces/share/rm_interfaces/package.bash'
[1.058s] INFO:colcon.colcon_core.shell:Creating package script '/home/xwz/1_fyt01/FYT2024_vision-main/install/rm_interfaces/share/rm_interfaces/package.zsh'
[1.059s] Level 1:colcon.colcon_core.environment:create_file_with_runtime_dependencies(/home/xwz/1_fyt01/FYT2024_vision-main/install/rm_interfaces/share/colcon-core/packages/rm_interfaces)
[1.059s] INFO:colcon.colcon_ros.task.ament_cmake.build:Building ROS package in '/home/xwz/1_fyt01/FYT2024_vision-main/src/rm_auto_aim/armor_detector' with build type 'ament_cmake'
[1.059s] INFO:colcon.colcon_cmake.task.cmake.build:Building CMake package in '/home/xwz/1_fyt01/FYT2024_vision-main/src/rm_auto_aim/armor_detector'
[1.059s] INFO:colcon.colcon_core.shell:Skip shell extension 'powershell' for command environment: Not usable outside of PowerShell
[1.059s] DEBUG:colcon.colcon_core.shell:Skip shell extension 'dsv' for command environment
[1.061s] INFO:colcon.colcon_ros.task.ament_cmake.build:Building ROS package in '/home/xwz/1_fyt01/FYT2024_vision-main/src/rm_auto_aim/armor_solver' with build type 'ament_cmake'
[1.061s] INFO:colcon.colcon_cmake.task.cmake.build:Building CMake package in '/home/xwz/1_fyt01/FYT2024_vision-main/src/rm_auto_aim/armor_solver'
[1.061s] INFO:colcon.colcon_core.shell:Skip shell extension 'powershell' for command environment: Not usable outside of PowerShell
[1.061s] DEBUG:colcon.colcon_core.shell:Skip shell extension 'dsv' for command environment
[1.062s] INFO:colcon.colcon_ros.task.ament_cmake.build:Building ROS package in '/home/xwz/1_fyt01/FYT2024_vision-main/src/rm_rune/rune_detector' with build type 'ament_cmake'
[1.062s] INFO:colcon.colcon_cmake.task.cmake.build:Building CMake package in '/home/xwz/1_fyt01/FYT2024_vision-main/src/rm_rune/rune_detector'
[1.062s] INFO:colcon.colcon_core.shell:Skip shell extension 'powershell' for command environment: Not usable outside of PowerShell
[1.062s] DEBUG:colcon.colcon_core.shell:Skip shell extension 'dsv' for command environment
[1.064s] INFO:colcon.colcon_ros.task.ament_cmake.build:Building ROS package in '/home/xwz/1_fyt01/FYT2024_vision-main/src/rm_rune/rune_solver' with build type 'ament_cmake'
[1.064s] INFO:colcon.colcon_cmake.task.cmake.build:Building CMake package in '/home/xwz/1_fyt01/FYT2024_vision-main/src/rm_rune/rune_solver'
[1.064s] INFO:colcon.colcon_core.shell:Skip shell extension 'powershell' for command environment: Not usable outside of PowerShell
[1.064s] DEBUG:colcon.colcon_core.shell:Skip shell extension 'dsv' for command environment
[1.068s] DEBUG:colcon.colcon_core.event_handler.log_command:Invoking command in '/home/xwz/1_fyt01/FYT2024_vision-main/build/armor_detector': AMENT_PREFIX_PATH=/home/xwz/1_fyt01/FYT2024_vision-main/install/rm_utils:/home/xwz/1_fyt01/FYT2024_vision-main/install/rm_interfaces:${AMENT_PREFIX_PATH} CMAKE_PREFIX_PATH=/home/xwz/1_fyt01/FYT2024_vision-main/install/rm_utils:/home/xwz/1_fyt01/FYT2024_vision-main/install/rm_interfaces:/opt/ros/humble LD_LIBRARY_PATH=/home/xwz/1_fyt01/FYT2024_vision-main/install/rm_utils/lib:/home/xwz/1_fyt01/FYT2024_vision-main/install/rm_interfaces/lib:/opt/ros/humble/opt/rviz_ogre_vendor/lib:/opt/ros/humble/lib/x86_64-linux-gnu:/opt/ros/humble/lib:/usr/local/opencv4.6.0/lib PYTHONPATH=/home/xwz/1_fyt01/FYT2024_vision-main/install/rm_interfaces/local/lib/python3.10/dist-packages:${PYTHONPATH} /usr/local/bin/cmake --build /home/xwz/1_fyt01/FYT2024_vision-main/build/armor_detector -- -j20 -l20
[1.069s] DEBUG:colcon.colcon_core.event_handler.log_command:Invoking command in '/home/xwz/1_fyt01/FYT2024_vision-main/build/armor_solver': AMENT_PREFIX_PATH=/home/xwz/1_fyt01/FYT2024_vision-main/install/rm_utils:/home/xwz/1_fyt01/FYT2024_vision-main/install/rm_interfaces:${AMENT_PREFIX_PATH} CMAKE_PREFIX_PATH=/home/xwz/1_fyt01/FYT2024_vision-main/install/rm_utils:/home/xwz/1_fyt01/FYT2024_vision-main/install/rm_interfaces:/opt/ros/humble LD_LIBRARY_PATH=/home/xwz/1_fyt01/FYT2024_vision-main/install/rm_utils/lib:/home/xwz/1_fyt01/FYT2024_vision-main/install/rm_interfaces/lib:/opt/ros/humble/opt/rviz_ogre_vendor/lib:/opt/ros/humble/lib/x86_64-linux-gnu:/opt/ros/humble/lib:/usr/local/opencv4.6.0/lib PYTHONPATH=/home/xwz/1_fyt01/FYT2024_vision-main/install/rm_interfaces/local/lib/python3.10/dist-packages:${PYTHONPATH} /usr/local/bin/cmake --build /home/xwz/1_fyt01/FYT2024_vision-main/build/armor_solver -- -j20 -l20
[1.071s] DEBUG:colcon.colcon_core.event_handler.log_command:Invoking command in '/home/xwz/1_fyt01/FYT2024_vision-main/build/rune_detector': AMENT_PREFIX_PATH=/home/xwz/1_fyt01/FYT2024_vision-main/install/rm_utils:/home/xwz/1_fyt01/FYT2024_vision-main/install/rm_interfaces:${AMENT_PREFIX_PATH} CMAKE_PREFIX_PATH=/home/xwz/1_fyt01/FYT2024_vision-main/install/rm_utils:/home/xwz/1_fyt01/FYT2024_vision-main/install/rm_interfaces:/opt/ros/humble LD_LIBRARY_PATH=/home/xwz/1_fyt01/FYT2024_vision-main/install/rm_utils/lib:/home/xwz/1_fyt01/FYT2024_vision-main/install/rm_interfaces/lib:/opt/ros/humble/opt/rviz_ogre_vendor/lib:/opt/ros/humble/lib/x86_64-linux-gnu:/opt/ros/humble/lib:/usr/local/opencv4.6.0/lib PYTHONPATH=/home/xwz/1_fyt01/FYT2024_vision-main/install/rm_interfaces/local/lib/python3.10/dist-packages:${PYTHONPATH} /usr/local/bin/cmake /home/xwz/1_fyt01/FYT2024_vision-main/src/rm_rune/rune_detector -DAMENT_CMAKE_SYMLINK_INSTALL=1 -DCMAKE_INSTALL_PREFIX=/home/xwz/1_fyt01/FYT2024_vision-main/install/rune_detector
[1.073s] DEBUG:colcon.colcon_core.event_handler.log_command:Invoking command in '/home/xwz/1_fyt01/FYT2024_vision-main/build/rune_solver': AMENT_PREFIX_PATH=/home/xwz/1_fyt01/FYT2024_vision-main/install/rm_utils:/home/xwz/1_fyt01/FYT2024_vision-main/install/rm_interfaces:${AMENT_PREFIX_PATH} CMAKE_PREFIX_PATH=/home/xwz/1_fyt01/FYT2024_vision-main/install/rm_utils:/home/xwz/1_fyt01/FYT2024_vision-main/install/rm_interfaces:/opt/ros/humble LD_LIBRARY_PATH=/home/xwz/1_fyt01/FYT2024_vision-main/install/rm_utils/lib:/home/xwz/1_fyt01/FYT2024_vision-main/install/rm_interfaces/lib:/opt/ros/humble/opt/rviz_ogre_vendor/lib:/opt/ros/humble/lib/x86_64-linux-gnu:/opt/ros/humble/lib:/usr/local/opencv4.6.0/lib PYTHONPATH=/home/xwz/1_fyt01/FYT2024_vision-main/install/rm_interfaces/local/lib/python3.10/dist-packages:${PYTHONPATH} /usr/local/bin/cmake /home/xwz/1_fyt01/FYT2024_vision-main/src/rm_rune/rune_solver -DAMENT_CMAKE_SYMLINK_INSTALL=1 -DCMAKE_INSTALL_PREFIX=/home/xwz/1_fyt01/FYT2024_vision-main/install/rune_solver
[1.353s] DEBUG:colcon.colcon_core.event_handler.log_command:Invoked command in '/home/xwz/1_fyt01/FYT2024_vision-main/build/rune_detector' returned '1': AMENT_PREFIX_PATH=/home/xwz/1_fyt01/FYT2024_vision-main/install/rm_utils:/home/xwz/1_fyt01/FYT2024_vision-main/install/rm_interfaces:${AMENT_PREFIX_PATH} CMAKE_PREFIX_PATH=/home/xwz/1_fyt01/FYT2024_vision-main/install/rm_utils:/home/xwz/1_fyt01/FYT2024_vision-main/install/rm_interfaces:/opt/ros/humble LD_LIBRARY_PATH=/home/xwz/1_fyt01/FYT2024_vision-main/install/rm_utils/lib:/home/xwz/1_fyt01/FYT2024_vision-main/install/rm_interfaces/lib:/opt/ros/humble/opt/rviz_ogre_vendor/lib:/opt/ros/humble/lib/x86_64-linux-gnu:/opt/ros/humble/lib:/usr/local/opencv4.6.0/lib PYTHONPATH=/home/xwz/1_fyt01/FYT2024_vision-main/install/rm_interfaces/local/lib/python3.10/dist-packages:${PYTHONPATH} /usr/local/bin/cmake /home/xwz/1_fyt01/FYT2024_vision-main/src/rm_rune/rune_detector -DAMENT_CMAKE_SYMLINK_INSTALL=1 -DCMAKE_INSTALL_PREFIX=/home/xwz/1_fyt01/FYT2024_vision-main/install/rune_detector
[1.359s] Level 1:colcon.colcon_core.environment:create_environment_scripts_only(rune_detector)
[1.360s] Level 1:colcon.colcon_core.environment:checking '/home/xwz/1_fyt01/FYT2024_vision-main/install/rune_detector' for CMake module files
[1.360s] Level 1:colcon.colcon_core.environment:checking '/home/xwz/1_fyt01/FYT2024_vision-main/install/rune_detector' for CMake config files
[1.360s] Level 1:colcon.colcon_core.environment:checking '/home/xwz/1_fyt01/FYT2024_vision-main/install/rune_detector/bin'
[1.360s] Level 1:colcon.colcon_core.environment:checking '/home/xwz/1_fyt01/FYT2024_vision-main/install/rune_detector/lib/pkgconfig/rune_detector.pc'
[1.361s] Level 1:colcon.colcon_core.environment:checking '/home/xwz/1_fyt01/FYT2024_vision-main/install/rune_detector/lib/python3.10/site-packages'
[1.361s] Level 1:colcon.colcon_core.environment:checking '/home/xwz/1_fyt01/FYT2024_vision-main/install/rune_detector/bin'
[1.361s] INFO:colcon.colcon_core.shell:Creating package script '/home/xwz/1_fyt01/FYT2024_vision-main/install/rune_detector/share/rune_detector/package.ps1'
[1.362s] INFO:colcon.colcon_core.shell:Creating package descriptor '/home/xwz/1_fyt01/FYT2024_vision-main/install/rune_detector/share/rune_detector/package.dsv'
[1.362s] INFO:colcon.colcon_core.shell:Creating package script '/home/xwz/1_fyt01/FYT2024_vision-main/install/rune_detector/share/rune_detector/package.sh'
[1.362s] INFO:colcon.colcon_core.shell:Creating package script '/home/xwz/1_fyt01/FYT2024_vision-main/install/rune_detector/share/rune_detector/package.bash'
[1.362s] INFO:colcon.colcon_core.shell:Creating package script '/home/xwz/1_fyt01/FYT2024_vision-main/install/rune_detector/share/rune_detector/package.zsh'
[1.363s] Level 1:colcon.colcon_core.environment:create_file_with_runtime_dependencies(/home/xwz/1_fyt01/FYT2024_vision-main/install/rune_detector/share/colcon-core/packages/rune_detector)
[22.943s] DEBUG:colcon.colcon_parallel_executor.executor.parallel:closing loop
[22.944s] DEBUG:colcon.colcon_parallel_executor.executor.parallel:loop closed
[22.944s] DEBUG:colcon.colcon_parallel_executor.executor.parallel:run_until_complete finished with '1'
[22.944s] DEBUG:colcon.colcon_core.event_reactor:joining thread
[22.949s] INFO:colcon.colcon_core.plugin_system:Skipping extension 'colcon_notification.desktop_notification.terminal_notifier': Not used on non-Darwin systems
[22.949s] INFO:colcon.colcon_core.plugin_system:Skipping extension 'colcon_notification.desktop_notification.win32': Not used on non-Windows systems
[22.949s] INFO:colcon.colcon_notification.desktop_notification:Sending desktop notification using 'notify2'
[22.958s] DEBUG:colcon.colcon_core.event_reactor:joined thread
[22.958s] INFO:colcon.colcon_core.shell:Creating prefix script '/home/xwz/1_fyt01/FYT2024_vision-main/install/local_setup.ps1'
[22.959s] INFO:colcon.colcon_core.shell:Creating prefix util module '/home/xwz/1_fyt01/FYT2024_vision-main/install/_local_setup_util_ps1.py'
[22.961s] INFO:colcon.colcon_core.shell:Creating prefix chain script '/home/xwz/1_fyt01/FYT2024_vision-main/install/setup.ps1'
[22.962s] INFO:colcon.colcon_core.shell:Creating prefix script '/home/xwz/1_fyt01/FYT2024_vision-main/install/local_setup.sh'
[22.963s] INFO:colcon.colcon_core.shell:Creating prefix util module '/home/xwz/1_fyt01/FYT2024_vision-main/install/_local_setup_util_sh.py'
[22.964s] INFO:colcon.colcon_core.shell:Creating prefix chain script '/home/xwz/1_fyt01/FYT2024_vision-main/install/setup.sh'
[22.965s] INFO:colcon.colcon_core.shell:Creating prefix script '/home/xwz/1_fyt01/FYT2024_vision-main/install/local_setup.bash'
[22.966s] INFO:colcon.colcon_core.shell:Creating prefix chain script '/home/xwz/1_fyt01/FYT2024_vision-main/install/setup.bash'
[22.967s] INFO:colcon.colcon_core.shell:Creating prefix script '/home/xwz/1_fyt01/FYT2024_vision-main/install/local_setup.zsh'
[22.967s] INFO:colcon.colcon_core.shell:Creating prefix chain script '/home/xwz/1_fyt01/FYT2024_vision-main/install/setup.zsh'
