[0.011s] Invoking command in '/home/xwz/1_fyt01/FYT2024_vision-main/build/armor_detector': AMENT_PREFIX_PATH=/home/xwz/1_fyt01/FYT2024_vision-main/install/rm_utils:/home/xwz/1_fyt01/FYT2024_vision-main/install/rm_interfaces:${AMENT_PREFIX_PATH} CMAKE_PREFIX_PATH=/home/xwz/1_fyt01/FYT2024_vision-main/install/rm_utils:/home/xwz/1_fyt01/FYT2024_vision-main/install/rm_interfaces:/opt/ros/humble LD_LIBRARY_PATH=/home/xwz/1_fyt01/FYT2024_vision-main/install/rm_utils/lib:/home/xwz/1_fyt01/FYT2024_vision-main/install/rm_interfaces/lib:/opt/ros/humble/opt/rviz_ogre_vendor/lib:/opt/ros/humble/lib/x86_64-linux-gnu:/opt/ros/humble/lib:/usr/local/opencv4.6.0/lib PYTHONPATH=/home/xwz/1_fyt01/FYT2024_vision-main/install/rm_interfaces/local/lib/python3.10/dist-packages:${PYTHONPATH} /usr/local/bin/cmake /home/xwz/1_fyt01/FYT2024_vision-main/src/rm_auto_aim/armor_detector -DAMENT_CMAKE_SYMLINK_INSTALL=1 -DCMAKE_INSTALL_PREFIX=/home/xwz/1_fyt01/FYT2024_vision-main/install/armor_detector
[0.084s] -- The C compiler identification is GNU 11.4.0
[0.150s] -- The CXX compiler identification is GNU 11.4.0
[0.175s] -- Detecting C compiler ABI info
[0.244s] -- Detecting C compiler ABI info - done
[0.298s] -- Check for working C compiler: /usr/bin/cc - skipped
[0.299s] -- Detecting C compile features
[0.301s] -- Detecting C compile features - done
[0.316s] -- Detecting CXX compiler ABI info
[0.395s] -- Detecting CXX compiler ABI info - done
[0.474s] -- Check for working CXX compiler: /usr/bin/c++ - skipped
[0.475s] -- Detecting CXX compile features
[0.478s] -- Detecting CXX compile features - done
[0.482s] -- Found ament_cmake_auto: 1.3.10 (/opt/ros/humble/share/ament_cmake_auto/cmake)
[0.602s] -- Found Python3: /usr/bin/python3 (found version "3.10.12") found components: Interpreter
[0.643s] -- Override CMake install command with custom implementation using symlinks instead of copying resources
[0.694s] -- Found OpenCV: /usr (found version "4.5.4")
[0.697s] -- Searching for g2o ...
[0.697s] -- Found g2o headers in: /usr/local/include/g2o
[0.706s] -- Found libg2o: /usr/local/lib/libg2o_csparse_extension.so;/usr/local/lib/libg2o_core.so;/usr/local/lib/libg2o_stuff.so;/usr/local/lib/libg2o_types_slam2d.so;/usr/local/lib/libg2o_types_slam3d.so;/usr/local/lib/libg2o_solver_cholmod.so;/usr/local/lib/libg2o_solver_pcg.so;/usr/local/lib/libg2o_solver_csparse.so;/usr/local/lib/libg2o_incremental.so
[0.817s] -- Found rosidl_generator_c: 3.1.5 (/opt/ros/humble/share/rosidl_generator_c/cmake)
[0.826s] -- Found rosidl_adapter: 3.1.5 (/opt/ros/humble/share/rosidl_adapter/cmake)
[0.844s] -- Found rosidl_generator_cpp: 3.1.5 (/opt/ros/humble/share/rosidl_generator_cpp/cmake)
[0.874s] -- Using all available rosidl_typesupport_c: rosidl_typesupport_fastrtps_c;rosidl_typesupport_introspection_c
[0.914s] -- Using all available rosidl_typesupport_cpp: rosidl_typesupport_fastrtps_cpp;rosidl_typesupport_introspection_cpp
[1.015s] -- Found rmw_implementation_cmake: 6.1.2 (/opt/ros/humble/share/rmw_implementation_cmake/cmake)
[1.020s] -- Found rmw_fastrtps_cpp: 6.2.7 (/opt/ros/humble/share/rmw_fastrtps_cpp/cmake)
[1.133s] -- Found OpenSSL: /usr/lib/x86_64-linux-gnu/libcrypto.so (found version "3.0.2")
[1.170s] -- Found FastRTPS: /opt/ros/humble/include
[1.228s] -- Using RMW implementation 'rmw_fastrtps_cpp' as default
[1.241s] -- Performing Test CMAKE_HAVE_LIBC_PTHREAD
[1.303s] -- Performing Test CMAKE_HAVE_LIBC_PTHREAD - Success
[1.305s] -- Found Threads: TRUE
[1.997s] -- Found eigen3_cmake_module: 0.1.1 (/opt/ros/humble/share/eigen3_cmake_module/cmake)
[2.000s] -- Found Eigen3: TRUE (found version "3.4.0")
[2.001s] -- Ensuring Eigen3 include directory is part of orocos-kdl CMake target
[2.036s] -- Found ament_lint_auto: 0.12.11 (/opt/ros/humble/share/ament_lint_auto/cmake)
[2.065s] -- Found gtest sources under '/opt/ros/humble/src/gtest_vendor': C++ tests using 'Google Test' will be built
[2.091s] -- Added test 'cppcheck' to perform static code analysis on C / C++ code
[2.092s] -- Configured cppcheck include dirs: /home/xwz/1_fyt01/FYT2024_vision-main/src/rm_auto_aim/armor_detector/include
[2.092s] -- Configured cppcheck exclude dirs and/or files: 
[2.093s] -- Added test 'xmllint' to check XML markup files
[2.099s] -- Configuring done (2.1s)
[2.178s] -- Generating done (0.1s)
[2.178s] -- Build files have been written to: /home/xwz/1_fyt01/FYT2024_vision-main/build/armor_detector
