[0.010s] Invoking command in '/home/xwz/1_fyt01/FYT2024_vision-main/build/armor_solver': AMENT_PREFIX_PATH=/home/xwz/1_fyt01/FYT2024_vision-main/install/rm_utils:/home/xwz/1_fyt01/FYT2024_vision-main/install/rm_interfaces:${AMENT_PREFIX_PATH} CMAKE_PREFIX_PATH=/home/xwz/1_fyt01/FYT2024_vision-main/install/rm_utils:/home/xwz/1_fyt01/FYT2024_vision-main/install/rm_interfaces:/opt/ros/humble LD_LIBRARY_PATH=/home/xwz/1_fyt01/FYT2024_vision-main/install/rm_utils/lib:/home/xwz/1_fyt01/FYT2024_vision-main/install/rm_interfaces/lib:/opt/ros/humble/opt/rviz_ogre_vendor/lib:/opt/ros/humble/lib/x86_64-linux-gnu:/opt/ros/humble/lib:/usr/local/opencv4.6.0/lib PYTHONPATH=/home/xwz/1_fyt01/FYT2024_vision-main/install/rm_interfaces/local/lib/python3.10/dist-packages:${PYTHONPATH} /usr/local/bin/cmake /home/xwz/1_fyt01/FYT2024_vision-main/src/rm_auto_aim/armor_solver -DAMENT_CMAKE_SYMLINK_INSTALL=1 -DCMAKE_INSTALL_PREFIX=/home/xwz/1_fyt01/FYT2024_vision-main/install/armor_solver
[0.067s] -- The C compiler identification is GNU 11.4.0
[0.147s] -- The CXX compiler identification is GNU 11.4.0
[0.176s] -- Detecting C compiler ABI info
[0.241s] -- Detecting C compiler ABI info - done
[0.300s] -- Check for working C compiler: /usr/bin/cc - skipped
[0.301s] -- Detecting C compile features
[0.302s] -- Detecting C compile features - done
[0.311s] -- Detecting CXX compiler ABI info
[0.375s] -- Detecting CXX compiler ABI info - done
[0.426s] -- Check for working CXX compiler: /usr/bin/c++ - skipped
[0.427s] -- Detecting CXX compile features
[0.430s] -- Detecting CXX compile features - done
[0.434s] -- Found ament_cmake_auto: 1.3.10 (/opt/ros/humble/share/ament_cmake_auto/cmake)
[0.544s] -- Found Python3: /usr/bin/python3 (found version "3.10.12") found components: Interpreter
[0.606s] -- Override CMake install command with custom implementation using symlinks instead of copying resources
[0.740s] -- Found rosidl_generator_c: 3.1.5 (/opt/ros/humble/share/rosidl_generator_c/cmake)
[0.750s] -- Found rosidl_adapter: 3.1.5 (/opt/ros/humble/share/rosidl_adapter/cmake)
[0.768s] -- Found rosidl_generator_cpp: 3.1.5 (/opt/ros/humble/share/rosidl_generator_cpp/cmake)
[0.798s] -- Using all available rosidl_typesupport_c: rosidl_typesupport_fastrtps_c;rosidl_typesupport_introspection_c
[0.838s] -- Using all available rosidl_typesupport_cpp: rosidl_typesupport_fastrtps_cpp;rosidl_typesupport_introspection_cpp
[0.939s] -- Found rmw_implementation_cmake: 6.1.2 (/opt/ros/humble/share/rmw_implementation_cmake/cmake)
[0.944s] -- Found rmw_fastrtps_cpp: 6.2.7 (/opt/ros/humble/share/rmw_fastrtps_cpp/cmake)
[1.058s] -- Found OpenSSL: /usr/lib/x86_64-linux-gnu/libcrypto.so (found version "3.0.2")
[1.095s] -- Found FastRTPS: /opt/ros/humble/include
[1.152s] -- Using RMW implementation 'rmw_fastrtps_cpp' as default
[1.165s] -- Performing Test CMAKE_HAVE_LIBC_PTHREAD
[1.224s] -- Performing Test CMAKE_HAVE_LIBC_PTHREAD - Success
[1.226s] -- Found Threads: TRUE
[1.622s] -- Found eigen3_cmake_module: 0.1.1 (/opt/ros/humble/share/eigen3_cmake_module/cmake)
[1.624s] -- Found Eigen3: TRUE (found version "3.4.0")
[1.625s] -- Ensuring Eigen3 include directory is part of orocos-kdl CMake target
[1.932s] -- Found ament_lint_auto: 0.12.11 (/opt/ros/humble/share/ament_lint_auto/cmake)
[1.958s] -- Found ament_cmake_gtest: 1.3.10 (/opt/ros/humble/share/ament_cmake_gtest/cmake)
[1.960s] -- Found gtest sources under '/opt/ros/humble/src/gtest_vendor': C++ tests using 'Google Test' will be built
[1.981s] -- Added test 'cppcheck' to perform static code analysis on C / C++ code
[1.982s] -- Configured cppcheck include dirs: /home/xwz/1_fyt01/FYT2024_vision-main/src/rm_auto_aim/armor_solver/include
[1.982s] -- Configured cppcheck exclude dirs and/or files: 
[1.983s] -- Added test 'lint_cmake' to check CMake code style
[1.985s] -- Added test 'xmllint' to check XML markup files
[1.990s] -- Configuring done (2.0s)
[2.049s] -- Generating done (0.1s)
[2.049s] -- Build files have been written to: /home/xwz/1_fyt01/FYT2024_vision-main/build/armor_solver
