-- Found ament_cmake_auto: 1.3.10 (/opt/ros/humble/share/ament_cmake_auto/cmake)
-- Override CMake install command with custom implementation using symlinks instead of copying resources
-- Performing Test CMAKE_HAVE_LIBC_PTHREAD
-- Performing Test CMAKE_HAVE_LIBC_PTHREAD - Success
-- Found Threads: TRUE
-- Found rosidl_generator_c: 3.1.5 (/opt/ros/humble/share/rosidl_generator_c/cmake)
-- Found rosidl_adapter: 3.1.5 (/opt/ros/humble/share/rosidl_adapter/cmake)
-- Found rosidl_generator_cpp: 3.1.5 (/opt/ros/humble/share/rosidl_generator_cpp/cmake)
-- Using all available rosidl_typesupport_c: rosidl_typesupport_fastrtps_c;rosidl_typesupport_introspection_c
-- Using all available rosidl_typesupport_cpp: rosidl_typesupport_fastrtps_cpp;rosidl_typesupport_introspection_cpp
-- Found rmw_implementation_cmake: 6.1.2 (/opt/ros/humble/share/rmw_implementation_cmake/cmake)
-- Found rmw_fastrtps_cpp: 6.2.7 (/opt/ros/humble/share/rmw_fastrtps_cpp/cmake)
-- Found OpenSSL: /usr/lib/x86_64-linux-gnu/libcrypto.so (found version "3.0.2")
-- Found FastRTPS: /opt/ros/humble/include
-- Using RMW implementation 'rmw_fastrtps_cpp' as default
-- Found ament_lint_auto: 0.12.11 (/opt/ros/humble/share/ament_lint_auto/cmake)
-- Found ament_cmake_gtest: 1.3.10 (/opt/ros/humble/share/ament_cmake_gtest/cmake)
-- Found gtest sources under '/opt/ros/humble/src/gtest_vendor': C++ tests using 'Google Test' will be built
-- Added test 'cppcheck' to perform static code analysis on C / C++ code
-- Configured cppcheck include dirs: /home/xwz/1_fyt01/FYT2024_vision-main/src/rm_rune/rune_detector/include
-- Configured cppcheck exclude dirs and/or files: 
-- Added test 'lint_cmake' to check CMake code style
-- Added test 'xmllint' to check XML markup files
-- Configuring done (1.7s)
-- Generating done (0.1s)
-- Build files have been written to: /home/xwz/1_fyt01/FYT2024_vision-main/build/rune_detector
[  7%] [32mBuilding CXX object gtest/CMakeFiles/gtest_main.dir/src/gtest_main.cc.o[0m
[ 15%] [32mBuilding CXX object gtest/CMakeFiles/gtest.dir/src/gtest-all.cc.o[0m
[ 30%] [32mBuilding CXX object CMakeFiles/rune_detector_node.dir/rclcpp_components/node_main_rune_detector_node.cpp.o[0m
[ 30%] [32mBuilding CXX object CMakeFiles/rune_detector.dir/src/rune_detector.cpp.o[0m
[ 38%] [32mBuilding CXX object CMakeFiles/rune_detector.dir/src/rune_detector_node.cpp.o[0m
[ 46%] [32m[1mLinking CXX static library libgtest_main.a[0m
[ 46%] Built target gtest_main
[ 53%] [32m[1mLinking CXX executable rune_detector_node[0m
[ 53%] Built target rune_detector_node
[ 61%] [32m[1mLinking CXX static library libgtest.a[0m
[ 61%] Built target gtest
[ 69%] [32m[1mLinking CXX shared library librune_detector.so[0m
[ 69%] Built target rune_detector
[ 84%] [32mBuilding CXX object CMakeFiles/test_node_startup.dir/test/test_node_startup.cpp.o[0m
[ 84%] [32mBuilding CXX object CMakeFiles/test_detector.dir/test/test_detector.cpp.o[0m
[ 92%] [32m[1mLinking CXX executable test_detector[0m
[ 92%] Built target test_detector
[100%] [32m[1mLinking CXX executable test_node_startup[0m
[100%] Built target test_node_startup
-- Install configuration: ""
-- Execute custom install script
-- Symlinking: /home/xwz/1_fyt01/FYT2024_vision-main/install/rune_detector/lib/rune_detector/rune_detector_node
-- Symlinking: /home/xwz/1_fyt01/FYT2024_vision-main/install/rune_detector/include/rune_detector/rune_detector.hpp
-- Symlinking: /home/xwz/1_fyt01/FYT2024_vision-main/install/rune_detector/include/rune_detector/rune_detector_node.hpp
-- Symlinking: /home/xwz/1_fyt01/FYT2024_vision-main/install/rune_detector/include/rune_detector/types.hpp
-- Symlinking: /home/xwz/1_fyt01/FYT2024_vision-main/install/rune_detector/share/rune_detector/environment/library_path.sh
-- Symlinking: /home/xwz/1_fyt01/FYT2024_vision-main/install/rune_detector/share/rune_detector/environment/library_path.dsv
-- Symlinking: /home/xwz/1_fyt01/FYT2024_vision-main/install/rune_detector/lib/librune_detector.so
-- Symlinking: /home/xwz/1_fyt01/FYT2024_vision-main/install/rune_detector/share/rune_detector/model/yolox_rune.bin
-- Symlinking: /home/xwz/1_fyt01/FYT2024_vision-main/install/rune_detector/share/rune_detector/model/yolox_rune.onnx
-- Symlinking: /home/xwz/1_fyt01/FYT2024_vision-main/install/rune_detector/share/rune_detector/model/yolox_rune.xml
-- Symlinking: /home/xwz/1_fyt01/FYT2024_vision-main/install/rune_detector/share/rune_detector/model/yolox_rune_3.6m.bin
-- Symlinking: /home/xwz/1_fyt01/FYT2024_vision-main/install/rune_detector/share/rune_detector/model/yolox_rune_3.6m.onnx
-- Symlinking: /home/xwz/1_fyt01/FYT2024_vision-main/install/rune_detector/share/rune_detector/model/yolox_rune_3.6m.xml
-- Symlinking: /home/xwz/1_fyt01/FYT2024_vision-main/install/rune_detector/share/rune_detector/docs/test.png
-- Symlinking: /home/xwz/1_fyt01/FYT2024_vision-main/install/rune_detector/share/ament_index/resource_index/package_run_dependencies/rune_detector
-- Symlinking: /home/xwz/1_fyt01/FYT2024_vision-main/install/rune_detector/share/ament_index/resource_index/parent_prefix_path/rune_detector
-- Symlinking: /home/xwz/1_fyt01/FYT2024_vision-main/install/rune_detector/share/rune_detector/environment/ament_prefix_path.sh
-- Symlinking: /home/xwz/1_fyt01/FYT2024_vision-main/install/rune_detector/share/rune_detector/environment/ament_prefix_path.dsv
-- Symlinking: /home/xwz/1_fyt01/FYT2024_vision-main/install/rune_detector/share/rune_detector/environment/path.sh
-- Symlinking: /home/xwz/1_fyt01/FYT2024_vision-main/install/rune_detector/share/rune_detector/environment/path.dsv
-- Symlinking: /home/xwz/1_fyt01/FYT2024_vision-main/install/rune_detector/share/rune_detector/local_setup.bash
-- Symlinking: /home/xwz/1_fyt01/FYT2024_vision-main/install/rune_detector/share/rune_detector/local_setup.sh
-- Symlinking: /home/xwz/1_fyt01/FYT2024_vision-main/install/rune_detector/share/rune_detector/local_setup.zsh
-- Symlinking: /home/xwz/1_fyt01/FYT2024_vision-main/install/rune_detector/share/rune_detector/local_setup.dsv
-- Symlinking: /home/xwz/1_fyt01/FYT2024_vision-main/install/rune_detector/share/rune_detector/package.dsv
-- Symlinking: /home/xwz/1_fyt01/FYT2024_vision-main/install/rune_detector/share/ament_index/resource_index/packages/rune_detector
-- Symlinking: /home/xwz/1_fyt01/FYT2024_vision-main/install/rune_detector/share/ament_index/resource_index/rclcpp_components/rune_detector
-- Symlinking: /home/xwz/1_fyt01/FYT2024_vision-main/install/rune_detector/share/rune_detector/cmake/ament_cmake_export_dependencies-extras.cmake
-- Symlinking: /home/xwz/1_fyt01/FYT2024_vision-main/install/rune_detector/share/rune_detector/cmake/ament_cmake_export_include_directories-extras.cmake
-- Symlinking: /home/xwz/1_fyt01/FYT2024_vision-main/install/rune_detector/share/rune_detector/cmake/ament_cmake_export_libraries-extras.cmake
-- Symlinking: /home/xwz/1_fyt01/FYT2024_vision-main/install/rune_detector/share/rune_detector/cmake/rune_detectorConfig.cmake
-- Symlinking: /home/xwz/1_fyt01/FYT2024_vision-main/install/rune_detector/share/rune_detector/cmake/rune_detectorConfig-version.cmake
-- Symlinking: /home/xwz/1_fyt01/FYT2024_vision-main/install/rune_detector/share/rune_detector/package.xml
