[0.007s] Invoking command in '/home/xwz/1_fyt01/FYT2024_vision-main/build/rm_robot_description': CMAKE_PREFIX_PATH=/opt/ros/humble /usr/local/bin/cmake --build /home/xwz/1_fyt01/FYT2024_vision-main/build/rm_robot_description -- -j20 -l20
[0.026s] Invoked command in '/home/xwz/1_fyt01/FYT2024_vision-main/build/rm_robot_description' returned '0': CMAKE_PREFIX_PATH=/opt/ros/humble /usr/local/bin/cmake --build /home/xwz/1_fyt01/FYT2024_vision-main/build/rm_robot_description -- -j20 -l20
[0.053s] Invoking command in '/home/xwz/1_fyt01/FYT2024_vision-main/build/rm_robot_description': CMAKE_PREFIX_PATH=/opt/ros/humble /usr/local/bin/cmake --install /home/xwz/1_fyt01/FYT2024_vision-main/build/rm_robot_description
[0.059s] -- Install configuration: ""
[0.061s] -- Execute custom install script
[0.062s] -- Up-to-date symlink: /home/xwz/1_fyt01/FYT2024_vision-main/install/rm_robot_description/share/rm_robot_description/urdf/rm_gimbal.urdf.xacro
[0.063s] -- Up-to-date symlink: /home/xwz/1_fyt01/FYT2024_vision-main/install/rm_robot_description/share/rm_robot_description/urdf/sentry.urdf.xacro
[0.063s] -- Up-to-date symlink: /home/xwz/1_fyt01/FYT2024_vision-main/install/rm_robot_description/share/ament_index/resource_index/package_run_dependencies/rm_robot_description
[0.064s] -- Up-to-date symlink: /home/xwz/1_fyt01/FYT2024_vision-main/install/rm_robot_description/share/ament_index/resource_index/parent_prefix_path/rm_robot_description
[0.065s] -- Up-to-date symlink: /home/xwz/1_fyt01/FYT2024_vision-main/install/rm_robot_description/share/rm_robot_description/environment/ament_prefix_path.sh
[0.065s] -- Up-to-date symlink: /home/xwz/1_fyt01/FYT2024_vision-main/install/rm_robot_description/share/rm_robot_description/environment/ament_prefix_path.dsv
[0.066s] -- Up-to-date symlink: /home/xwz/1_fyt01/FYT2024_vision-main/install/rm_robot_description/share/rm_robot_description/environment/path.sh
[0.067s] -- Up-to-date symlink: /home/xwz/1_fyt01/FYT2024_vision-main/install/rm_robot_description/share/rm_robot_description/environment/path.dsv
[0.068s] -- Up-to-date symlink: /home/xwz/1_fyt01/FYT2024_vision-main/install/rm_robot_description/share/rm_robot_description/local_setup.bash
[0.069s] -- Up-to-date symlink: /home/xwz/1_fyt01/FYT2024_vision-main/install/rm_robot_description/share/rm_robot_description/local_setup.sh
[0.070s] -- Up-to-date symlink: /home/xwz/1_fyt01/FYT2024_vision-main/install/rm_robot_description/share/rm_robot_description/local_setup.zsh
[0.070s] -- Up-to-date symlink: /home/xwz/1_fyt01/FYT2024_vision-main/install/rm_robot_description/share/rm_robot_description/local_setup.dsv
[0.071s] -- Symlinking: /home/xwz/1_fyt01/FYT2024_vision-main/install/rm_robot_description/share/rm_robot_description/package.dsv
[0.077s] -- Up-to-date symlink: /home/xwz/1_fyt01/FYT2024_vision-main/install/rm_robot_description/share/ament_index/resource_index/packages/rm_robot_description
[0.078s] -- Up-to-date symlink: /home/xwz/1_fyt01/FYT2024_vision-main/install/rm_robot_description/share/rm_robot_description/cmake/rm_robot_descriptionConfig.cmake
[0.079s] -- Up-to-date symlink: /home/xwz/1_fyt01/FYT2024_vision-main/install/rm_robot_description/share/rm_robot_description/cmake/rm_robot_descriptionConfig-version.cmake
[0.080s] -- Up-to-date symlink: /home/xwz/1_fyt01/FYT2024_vision-main/install/rm_robot_description/share/rm_robot_description/package.xml
[0.082s] Invoked command in '/home/xwz/1_fyt01/FYT2024_vision-main/build/rm_robot_description' returned '0': CMAKE_PREFIX_PATH=/opt/ros/humble /usr/local/bin/cmake --install /home/xwz/1_fyt01/FYT2024_vision-main/build/rm_robot_description
