[0.007s] Invoking command in '/home/xwz/1_fyt01/FYT2024_vision-main/build/rm_serial_driver': AMENT_PREFIX_PATH=/home/xwz/1_fyt01/FYT2024_vision-main/install/rm_utils:/home/xwz/1_fyt01/FYT2024_vision-main/install/rm_interfaces:${AMENT_PREFIX_PATH} CMAKE_PREFIX_PATH=/home/xwz/1_fyt01/FYT2024_vision-main/install/rm_utils:/home/xwz/1_fyt01/FYT2024_vision-main/install/rm_interfaces:/opt/ros/humble LD_LIBRARY_PATH=/home/xwz/1_fyt01/FYT2024_vision-main/install/rm_utils/lib:/home/xwz/1_fyt01/FYT2024_vision-main/install/rm_interfaces/lib:/opt/ros/humble/opt/rviz_ogre_vendor/lib:/opt/ros/humble/lib/x86_64-linux-gnu:/opt/ros/humble/lib:/opt/intel/openvino_2022.3.2/runtime/3rdparty/hddl/lib:/opt/intel/openvino_2022.3.2/runtime/lib/intel64:/usr/local/opencv4.6.0/lib PYTHONPATH=/home/xwz/1_fyt01/FYT2024_vision-main/install/rm_interfaces/local/lib/python3.10/dist-packages:${PYTHONPATH} /usr/local/bin/cmake /home/xwz/1_fyt01/FYT2024_vision-main/src/rm_hardware_driver/rm_serial_driver -DAMENT_CMAKE_SYMLINK_INSTALL=1 -DCMAKE_INSTALL_PREFIX=/home/xwz/1_fyt01/FYT2024_vision-main/install/rm_serial_driver
[0.062s] -- The C compiler identification is GNU 11.4.0
[0.122s] -- The CXX compiler identification is GNU 11.4.0
[0.142s] -- Detecting C compiler ABI info
[0.204s] -- Detecting C compiler ABI info - done
[0.247s] -- Check for working C compiler: /usr/bin/cc - skipped
[0.248s] -- Detecting C compile features
[0.249s] -- Detecting C compile features - done
[0.258s] -- Detecting CXX compiler ABI info
[0.318s] -- Detecting CXX compiler ABI info - done
[0.398s] -- Check for working CXX compiler: /usr/bin/c++ - skipped
[0.399s] -- Detecting CXX compile features
[0.402s] -- Detecting CXX compile features - done
[0.406s] -- Found ament_cmake_auto: 1.3.10 (/opt/ros/humble/share/ament_cmake_auto/cmake)
[0.533s] -- Found Python3: /usr/bin/python3 (found version "3.10.12") found components: Interpreter
[0.595s] -- Override CMake install command with custom implementation using symlinks instead of copying resources
[0.830s] -- Found rosidl_generator_c: 3.1.5 (/opt/ros/humble/share/rosidl_generator_c/cmake)
[0.850s] -- Found rosidl_adapter: 3.1.5 (/opt/ros/humble/share/rosidl_adapter/cmake)
[0.886s] -- Found rosidl_generator_cpp: 3.1.5 (/opt/ros/humble/share/rosidl_generator_cpp/cmake)
[0.949s] -- Using all available rosidl_typesupport_c: rosidl_typesupport_fastrtps_c;rosidl_typesupport_introspection_c
[1.031s] -- Using all available rosidl_typesupport_cpp: rosidl_typesupport_fastrtps_cpp;rosidl_typesupport_introspection_cpp
[1.153s] -- Found rmw_implementation_cmake: 6.1.2 (/opt/ros/humble/share/rmw_implementation_cmake/cmake)
[1.157s] -- Found rmw_fastrtps_cpp: 6.2.7 (/opt/ros/humble/share/rmw_fastrtps_cpp/cmake)
[1.288s] -- Found OpenSSL: /usr/lib/x86_64-linux-gnu/libcrypto.so (found version "3.0.2")
[1.349s] -- Found FastRTPS: /opt/ros/humble/include
[1.443s] -- Using RMW implementation 'rmw_fastrtps_cpp' as default
[1.465s] -- Performing Test CMAKE_HAVE_LIBC_PTHREAD
[1.531s] -- Performing Test CMAKE_HAVE_LIBC_PTHREAD - Success
[1.534s] -- Found Threads: TRUE
[2.311s] -- Found eigen3_cmake_module: 0.1.1 (/opt/ros/humble/share/eigen3_cmake_module/cmake)
[2.316s] -- Found Eigen3: TRUE (found version "3.4.0")
[2.316s] -- Ensuring Eigen3 include directory is part of orocos-kdl CMake target
[2.713s] -- Found ament_lint_auto: 0.12.11 (/opt/ros/humble/share/ament_lint_auto/cmake)
[2.757s] -- Found ament_cmake_gtest: 1.3.10 (/opt/ros/humble/share/ament_cmake_gtest/cmake)
[2.762s] -- Found gtest sources under '/opt/ros/humble/src/gtest_vendor': C++ tests using 'Google Test' will be built
[2.784s] -- Added test 'cppcheck' to perform static code analysis on C / C++ code
[2.785s] -- Configured cppcheck include dirs: /home/xwz/1_fyt01/FYT2024_vision-main/src/rm_hardware_driver/rm_serial_driver/include
[2.785s] -- Configured cppcheck exclude dirs and/or files: 
[2.787s] -- Added test 'lint_cmake' to check CMake code style
[2.788s] -- Added test 'xmllint' to check XML markup files
[2.794s] -- Configuring done (2.8s)
[2.868s] -- Generating done (0.1s)
[2.869s] -- Build files have been written to: /home/xwz/1_fyt01/FYT2024_vision-main/build/rm_serial_driver
[2.882s] Invoked command in '/home/xwz/1_fyt01/FYT2024_vision-main/build/rm_serial_driver' returned '0': AMENT_PREFIX_PATH=/home/xwz/1_fyt01/FYT2024_vision-main/install/rm_utils:/home/xwz/1_fyt01/FYT2024_vision-main/install/rm_interfaces:${AMENT_PREFIX_PATH} CMAKE_PREFIX_PATH=/home/xwz/1_fyt01/FYT2024_vision-main/install/rm_utils:/home/xwz/1_fyt01/FYT2024_vision-main/install/rm_interfaces:/opt/ros/humble LD_LIBRARY_PATH=/home/xwz/1_fyt01/FYT2024_vision-main/install/rm_utils/lib:/home/xwz/1_fyt01/FYT2024_vision-main/install/rm_interfaces/lib:/opt/ros/humble/opt/rviz_ogre_vendor/lib:/opt/ros/humble/lib/x86_64-linux-gnu:/opt/ros/humble/lib:/opt/intel/openvino_2022.3.2/runtime/3rdparty/hddl/lib:/opt/intel/openvino_2022.3.2/runtime/lib/intel64:/usr/local/opencv4.6.0/lib PYTHONPATH=/home/xwz/1_fyt01/FYT2024_vision-main/install/rm_interfaces/local/lib/python3.10/dist-packages:${PYTHONPATH} /usr/local/bin/cmake /home/xwz/1_fyt01/FYT2024_vision-main/src/rm_hardware_driver/rm_serial_driver -DAMENT_CMAKE_SYMLINK_INSTALL=1 -DCMAKE_INSTALL_PREFIX=/home/xwz/1_fyt01/FYT2024_vision-main/install/rm_serial_driver
[2.883s] Invoking command in '/home/xwz/1_fyt01/FYT2024_vision-main/build/rm_serial_driver': AMENT_PREFIX_PATH=/home/xwz/1_fyt01/FYT2024_vision-main/install/rm_utils:/home/xwz/1_fyt01/FYT2024_vision-main/install/rm_interfaces:${AMENT_PREFIX_PATH} CMAKE_PREFIX_PATH=/home/xwz/1_fyt01/FYT2024_vision-main/install/rm_utils:/home/xwz/1_fyt01/FYT2024_vision-main/install/rm_interfaces:/opt/ros/humble LD_LIBRARY_PATH=/home/xwz/1_fyt01/FYT2024_vision-main/install/rm_utils/lib:/home/xwz/1_fyt01/FYT2024_vision-main/install/rm_interfaces/lib:/opt/ros/humble/opt/rviz_ogre_vendor/lib:/opt/ros/humble/lib/x86_64-linux-gnu:/opt/ros/humble/lib:/opt/intel/openvino_2022.3.2/runtime/3rdparty/hddl/lib:/opt/intel/openvino_2022.3.2/runtime/lib/intel64:/usr/local/opencv4.6.0/lib PYTHONPATH=/home/xwz/1_fyt01/FYT2024_vision-main/install/rm_interfaces/local/lib/python3.10/dist-packages:${PYTHONPATH} /usr/local/bin/cmake --build /home/xwz/1_fyt01/FYT2024_vision-main/build/rm_serial_driver -- -j20 -l20
[2.919s] [ 17%] [32mBuilding CXX object CMakeFiles/virtual_serial_node.dir/rclcpp_components/node_main_virtual_serial_node.cpp.o[0m
[2.919s] [ 17%] [32mBuilding CXX object CMakeFiles/rm_serial_driver.dir/src/protocol/default_protocol.cpp.o[0m
[2.919s] [ 29%] [32mBuilding CXX object CMakeFiles/rm_serial_driver_node.dir/rclcpp_components/node_main_rm_serial_driver_node.cpp.o[0m
[2.919s] [ 29%] [32mBuilding CXX object gtest/CMakeFiles/gtest.dir/src/gtest-all.cc.o[0m
[2.919s] [ 29%] [32mBuilding CXX object gtest/CMakeFiles/gtest_main.dir/src/gtest_main.cc.o[0m
[2.919s] [ 35%] [32mBuilding CXX object CMakeFiles/rm_serial_driver.dir/src/protocol/infantry_protocol.cpp.o[0m
[2.920s] [ 47%] [32mBuilding CXX object CMakeFiles/rm_serial_driver.dir/src/protocol/sentry_protocol.cpp.o[0m
[2.920s] [ 47%] [32mBuilding CXX object CMakeFiles/rm_serial_driver.dir/src/serial_driver_node.cpp.o[0m
[2.920s] [ 58%] [32mBuilding CXX object CMakeFiles/rm_serial_driver.dir/src/virtual_serial_node.cpp.o[0m
[2.920s] [ 58%] [32mBuilding CXX object CMakeFiles/rm_serial_driver.dir/src/transporter_driver/uart_transporter.cpp.o[0m
[3.800s] [ 64%] [32m[1mLinking CXX static library libgtest_main.a[0m
[3.847s] [ 64%] Built target gtest_main
[5.257s] [ 70%] [32m[1mLinking CXX executable rm_serial_driver_node[0m
[5.370s] [ 70%] Built target rm_serial_driver_node
[6.636s] [ 76%] [32m[1mLinking CXX executable virtual_serial_node[0m
[6.740s] [ 76%] Built target virtual_serial_node
[8.289s] [ 82%] [32m[1mLinking CXX static library libgtest.a[0m
[8.327s] [ 82%] Built target gtest
[12.909s] [ 88%] [32m[1mLinking CXX shared library librm_serial_driver.so[0m
[13.105s] [ 88%] Built target rm_serial_driver
[13.116s] [ 94%] [32mBuilding CXX object CMakeFiles/test_fixed_packet_tool.dir/test/test_fixed_packet_tool.cpp.o[0m
[14.331s] [100%] [32m[1mLinking CXX executable test_fixed_packet_tool[0m
[14.476s] [100%] Built target test_fixed_packet_tool
[14.482s] Invoked command in '/home/xwz/1_fyt01/FYT2024_vision-main/build/rm_serial_driver' returned '0': AMENT_PREFIX_PATH=/home/xwz/1_fyt01/FYT2024_vision-main/install/rm_utils:/home/xwz/1_fyt01/FYT2024_vision-main/install/rm_interfaces:${AMENT_PREFIX_PATH} CMAKE_PREFIX_PATH=/home/xwz/1_fyt01/FYT2024_vision-main/install/rm_utils:/home/xwz/1_fyt01/FYT2024_vision-main/install/rm_interfaces:/opt/ros/humble LD_LIBRARY_PATH=/home/xwz/1_fyt01/FYT2024_vision-main/install/rm_utils/lib:/home/xwz/1_fyt01/FYT2024_vision-main/install/rm_interfaces/lib:/opt/ros/humble/opt/rviz_ogre_vendor/lib:/opt/ros/humble/lib/x86_64-linux-gnu:/opt/ros/humble/lib:/opt/intel/openvino_2022.3.2/runtime/3rdparty/hddl/lib:/opt/intel/openvino_2022.3.2/runtime/lib/intel64:/usr/local/opencv4.6.0/lib PYTHONPATH=/home/xwz/1_fyt01/FYT2024_vision-main/install/rm_interfaces/local/lib/python3.10/dist-packages:${PYTHONPATH} /usr/local/bin/cmake --build /home/xwz/1_fyt01/FYT2024_vision-main/build/rm_serial_driver -- -j20 -l20
[14.514s] Invoking command in '/home/xwz/1_fyt01/FYT2024_vision-main/build/rm_serial_driver': AMENT_PREFIX_PATH=/home/xwz/1_fyt01/FYT2024_vision-main/install/rm_utils:/home/xwz/1_fyt01/FYT2024_vision-main/install/rm_interfaces:${AMENT_PREFIX_PATH} CMAKE_PREFIX_PATH=/home/xwz/1_fyt01/FYT2024_vision-main/install/rm_utils:/home/xwz/1_fyt01/FYT2024_vision-main/install/rm_interfaces:/opt/ros/humble LD_LIBRARY_PATH=/home/xwz/1_fyt01/FYT2024_vision-main/install/rm_utils/lib:/home/xwz/1_fyt01/FYT2024_vision-main/install/rm_interfaces/lib:/opt/ros/humble/opt/rviz_ogre_vendor/lib:/opt/ros/humble/lib/x86_64-linux-gnu:/opt/ros/humble/lib:/opt/intel/openvino_2022.3.2/runtime/3rdparty/hddl/lib:/opt/intel/openvino_2022.3.2/runtime/lib/intel64:/usr/local/opencv4.6.0/lib PYTHONPATH=/home/xwz/1_fyt01/FYT2024_vision-main/install/rm_interfaces/local/lib/python3.10/dist-packages:${PYTHONPATH} /usr/local/bin/cmake --install /home/xwz/1_fyt01/FYT2024_vision-main/build/rm_serial_driver
[14.517s] -- Install configuration: ""
[14.518s] -- Execute custom install script
[14.518s] -- Symlinking: /home/xwz/1_fyt01/FYT2024_vision-main/install/rm_serial_driver/lib/rm_serial_driver/rm_serial_driver_node
[14.523s] -- Symlinking: /home/xwz/1_fyt01/FYT2024_vision-main/install/rm_serial_driver/lib/rm_serial_driver/virtual_serial_node
[14.527s] -- Symlinking: /home/xwz/1_fyt01/FYT2024_vision-main/install/rm_serial_driver/include/rm_serial_driver/fixed_packet.hpp
[14.531s] -- Symlinking: /home/xwz/1_fyt01/FYT2024_vision-main/install/rm_serial_driver/include/rm_serial_driver/fixed_packet_tool.hpp
[14.535s] -- Symlinking: /home/xwz/1_fyt01/FYT2024_vision-main/install/rm_serial_driver/include/rm_serial_driver/protocol.hpp
[14.539s] -- Symlinking: /home/xwz/1_fyt01/FYT2024_vision-main/install/rm_serial_driver/include/rm_serial_driver/protocol/default_protocol.hpp
[14.542s] -- Symlinking: /home/xwz/1_fyt01/FYT2024_vision-main/install/rm_serial_driver/include/rm_serial_driver/protocol/infantry_protocol.hpp
[14.546s] -- Symlinking: /home/xwz/1_fyt01/FYT2024_vision-main/install/rm_serial_driver/include/rm_serial_driver/protocol/sentry_protocol.hpp
[14.549s] -- Symlinking: /home/xwz/1_fyt01/FYT2024_vision-main/install/rm_serial_driver/include/rm_serial_driver/protocol_factory.hpp
[14.553s] -- Symlinking: /home/xwz/1_fyt01/FYT2024_vision-main/install/rm_serial_driver/include/rm_serial_driver/serial_driver_node.hpp
[14.556s] -- Symlinking: /home/xwz/1_fyt01/FYT2024_vision-main/install/rm_serial_driver/include/rm_serial_driver/transporter_interface.hpp
[14.560s] -- Symlinking: /home/xwz/1_fyt01/FYT2024_vision-main/install/rm_serial_driver/include/rm_serial_driver/uart_transporter.hpp
[14.564s] -- Symlinking: /home/xwz/1_fyt01/FYT2024_vision-main/install/rm_serial_driver/share/rm_serial_driver/environment/library_path.sh
[14.567s] -- Symlinking: /home/xwz/1_fyt01/FYT2024_vision-main/install/rm_serial_driver/share/rm_serial_driver/environment/library_path.dsv
[14.571s] -- Symlinking: /home/xwz/1_fyt01/FYT2024_vision-main/install/rm_serial_driver/lib/librm_serial_driver.so
[14.574s] -- Symlinking: /home/xwz/1_fyt01/FYT2024_vision-main/install/rm_serial_driver/share/ament_index/resource_index/package_run_dependencies/rm_serial_driver
[14.578s] -- Symlinking: /home/xwz/1_fyt01/FYT2024_vision-main/install/rm_serial_driver/share/ament_index/resource_index/parent_prefix_path/rm_serial_driver
[14.581s] -- Symlinking: /home/xwz/1_fyt01/FYT2024_vision-main/install/rm_serial_driver/share/rm_serial_driver/environment/ament_prefix_path.sh
[14.585s] -- Symlinking: /home/xwz/1_fyt01/FYT2024_vision-main/install/rm_serial_driver/share/rm_serial_driver/environment/ament_prefix_path.dsv
[14.589s] -- Symlinking: /home/xwz/1_fyt01/FYT2024_vision-main/install/rm_serial_driver/share/rm_serial_driver/environment/path.sh
[14.592s] -- Symlinking: /home/xwz/1_fyt01/FYT2024_vision-main/install/rm_serial_driver/share/rm_serial_driver/environment/path.dsv
[14.595s] -- Symlinking: /home/xwz/1_fyt01/FYT2024_vision-main/install/rm_serial_driver/share/rm_serial_driver/local_setup.bash
[14.599s] -- Symlinking: /home/xwz/1_fyt01/FYT2024_vision-main/install/rm_serial_driver/share/rm_serial_driver/local_setup.sh
[14.603s] -- Symlinking: /home/xwz/1_fyt01/FYT2024_vision-main/install/rm_serial_driver/share/rm_serial_driver/local_setup.zsh
[14.607s] -- Symlinking: /home/xwz/1_fyt01/FYT2024_vision-main/install/rm_serial_driver/share/rm_serial_driver/local_setup.dsv
[14.611s] -- Symlinking: /home/xwz/1_fyt01/FYT2024_vision-main/install/rm_serial_driver/share/rm_serial_driver/package.dsv
[14.615s] -- Symlinking: /home/xwz/1_fyt01/FYT2024_vision-main/install/rm_serial_driver/share/ament_index/resource_index/packages/rm_serial_driver
[14.618s] -- Symlinking: /home/xwz/1_fyt01/FYT2024_vision-main/install/rm_serial_driver/share/ament_index/resource_index/rclcpp_components/rm_serial_driver
[14.622s] -- Symlinking: /home/xwz/1_fyt01/FYT2024_vision-main/install/rm_serial_driver/share/rm_serial_driver/cmake/ament_cmake_export_dependencies-extras.cmake
[14.626s] -- Symlinking: /home/xwz/1_fyt01/FYT2024_vision-main/install/rm_serial_driver/share/rm_serial_driver/cmake/ament_cmake_export_include_directories-extras.cmake
[14.630s] -- Symlinking: /home/xwz/1_fyt01/FYT2024_vision-main/install/rm_serial_driver/share/rm_serial_driver/cmake/ament_cmake_export_libraries-extras.cmake
[14.634s] -- Symlinking: /home/xwz/1_fyt01/FYT2024_vision-main/install/rm_serial_driver/share/rm_serial_driver/cmake/rm_serial_driverConfig.cmake
[14.638s] -- Symlinking: /home/xwz/1_fyt01/FYT2024_vision-main/install/rm_serial_driver/share/rm_serial_driver/cmake/rm_serial_driverConfig-version.cmake
[14.642s] -- Symlinking: /home/xwz/1_fyt01/FYT2024_vision-main/install/rm_serial_driver/share/rm_serial_driver/package.xml
[14.647s] Invoked command in '/home/xwz/1_fyt01/FYT2024_vision-main/build/rm_serial_driver' returned '0': AMENT_PREFIX_PATH=/home/xwz/1_fyt01/FYT2024_vision-main/install/rm_utils:/home/xwz/1_fyt01/FYT2024_vision-main/install/rm_interfaces:${AMENT_PREFIX_PATH} CMAKE_PREFIX_PATH=/home/xwz/1_fyt01/FYT2024_vision-main/install/rm_utils:/home/xwz/1_fyt01/FYT2024_vision-main/install/rm_interfaces:/opt/ros/humble LD_LIBRARY_PATH=/home/xwz/1_fyt01/FYT2024_vision-main/install/rm_utils/lib:/home/xwz/1_fyt01/FYT2024_vision-main/install/rm_interfaces/lib:/opt/ros/humble/opt/rviz_ogre_vendor/lib:/opt/ros/humble/lib/x86_64-linux-gnu:/opt/ros/humble/lib:/opt/intel/openvino_2022.3.2/runtime/3rdparty/hddl/lib:/opt/intel/openvino_2022.3.2/runtime/lib/intel64:/usr/local/opencv4.6.0/lib PYTHONPATH=/home/xwz/1_fyt01/FYT2024_vision-main/install/rm_interfaces/local/lib/python3.10/dist-packages:${PYTHONPATH} /usr/local/bin/cmake --install /home/xwz/1_fyt01/FYT2024_vision-main/build/rm_serial_driver
