[0.049s] DEBUG:colcon:Command line arguments: ['/usr/bin/colcon', 'build', '--symlink-install', '--parallel-workers', '4']
[0.049s] DEBUG:colcon:Parsed command line arguments: Namespace(log_base=None, log_level=None, verb_name='build', build_base='build', install_base='install', merge_install=False, symlink_install=True, test_result_base=None, continue_on_error=False, executor='parallel', parallel_workers=4, event_handlers=None, ignore_user_meta=False, metas=['./colcon.meta'], base_paths=['.'], packages_ignore=None, packages_ignore_regex=None, paths=None, packages_up_to=None, packages_up_to_regex=None, packages_above=None, packages_above_and_dependencies=None, packages_above_depth=None, packages_select_by_dep=None, packages_skip_by_dep=None, packages_skip_up_to=None, packages_select_build_failed=False, packages_skip_build_finished=False, packages_select_test_failures=False, packages_skip_test_passed=False, packages_select=None, packages_skip=None, packages_select_regex=None, packages_skip_regex=None, packages_start=None, packages_end=None, allow_overriding=[], cmake_args=None, cmake_target=None, cmake_target_skip_unavailable=False, cmake_clean_cache=False, cmake_clean_first=False, cmake_force_configure=False, ament_cmake_args=None, catkin_cmake_args=None, catkin_skip_building_tests=False, verb_parser=<colcon_defaults.argument_parser.defaults.DefaultArgumentsDecorator object at 0x7301c51500d0>, verb_extension=<colcon_core.verb.build.BuildVerb object at 0x7301c5113b80>, main=<bound method BuildVerb.main of <colcon_core.verb.build.BuildVerb object at 0x7301c5113b80>>)
[0.119s] Level 1:colcon.colcon_core.package_discovery:discover_packages(colcon_meta) check parameters
[0.119s] Level 1:colcon.colcon_core.package_discovery:discover_packages(recursive) check parameters
[0.119s] Level 1:colcon.colcon_core.package_discovery:discover_packages(ignore) check parameters
[0.119s] Level 1:colcon.colcon_core.package_discovery:discover_packages(path) check parameters
[0.119s] Level 1:colcon.colcon_core.package_discovery:discover_packages(colcon_meta) discover
[0.119s] Level 1:colcon.colcon_core.package_discovery:discover_packages(recursive) discover
[0.119s] INFO:colcon.colcon_core.package_discovery:Crawling recursively for packages in '/home/xwz/1_fyt01/FYT2024_vision-main'
[0.119s] Level 1:colcon.colcon_core.package_identification:_identify(.) by extensions ['ignore', 'ignore_ament_install']
[0.119s] Level 1:colcon.colcon_core.package_identification:_identify(.) by extension 'ignore'
[0.119s] Level 1:colcon.colcon_core.package_identification:_identify(.) by extension 'ignore_ament_install'
[0.119s] Level 1:colcon.colcon_core.package_identification:_identify(.) by extensions ['colcon_pkg']
[0.119s] Level 1:colcon.colcon_core.package_identification:_identify(.) by extension 'colcon_pkg'
[0.119s] Level 1:colcon.colcon_core.package_identification:_identify(.) by extensions ['colcon_meta']
[0.119s] Level 1:colcon.colcon_core.package_identification:_identify(.) by extension 'colcon_meta'
[0.119s] Level 1:colcon.colcon_core.package_identification:_identify(.) by extensions ['ros']
[0.119s] Level 1:colcon.colcon_core.package_identification:_identify(.) by extension 'ros'
[0.125s] Level 1:colcon.colcon_core.package_identification:_identify(.) by extensions ['cmake', 'python']
[0.125s] Level 1:colcon.colcon_core.package_identification:_identify(.) by extension 'cmake'
[0.125s] Level 1:colcon.colcon_core.package_identification:_identify(.) by extension 'python'
[0.125s] Level 1:colcon.colcon_core.package_identification:_identify(.) by extensions ['python_setup_py']
[0.125s] Level 1:colcon.colcon_core.package_identification:_identify(.) by extension 'python_setup_py'
[0.125s] Level 1:colcon.colcon_core.package_identification:_identify(build) by extensions ['ignore', 'ignore_ament_install']
[0.125s] Level 1:colcon.colcon_core.package_identification:_identify(build) by extension 'ignore'
[0.125s] Level 1:colcon.colcon_core.package_identification:_identify(build) ignored
[0.125s] Level 1:colcon.colcon_core.package_identification:_identify(install) by extensions ['ignore', 'ignore_ament_install']
[0.125s] Level 1:colcon.colcon_core.package_identification:_identify(install) by extension 'ignore'
[0.125s] Level 1:colcon.colcon_core.package_identification:_identify(install) ignored
[0.125s] Level 1:colcon.colcon_core.package_identification:_identify(log) by extensions ['ignore', 'ignore_ament_install']
[0.125s] Level 1:colcon.colcon_core.package_identification:_identify(log) by extension 'ignore'
[0.125s] Level 1:colcon.colcon_core.package_identification:_identify(log) ignored
[0.125s] Level 1:colcon.colcon_core.package_identification:_identify(src) by extensions ['ignore', 'ignore_ament_install']
[0.125s] Level 1:colcon.colcon_core.package_identification:_identify(src) by extension 'ignore'
[0.125s] Level 1:colcon.colcon_core.package_identification:_identify(src) by extension 'ignore_ament_install'
[0.125s] Level 1:colcon.colcon_core.package_identification:_identify(src) by extensions ['colcon_pkg']
[0.125s] Level 1:colcon.colcon_core.package_identification:_identify(src) by extension 'colcon_pkg'
[0.125s] Level 1:colcon.colcon_core.package_identification:_identify(src) by extensions ['colcon_meta']
[0.125s] Level 1:colcon.colcon_core.package_identification:_identify(src) by extension 'colcon_meta'
[0.125s] Level 1:colcon.colcon_core.package_identification:_identify(src) by extensions ['ros']
[0.125s] Level 1:colcon.colcon_core.package_identification:_identify(src) by extension 'ros'
[0.125s] Level 1:colcon.colcon_core.package_identification:_identify(src) by extensions ['cmake', 'python']
[0.125s] Level 1:colcon.colcon_core.package_identification:_identify(src) by extension 'cmake'
[0.125s] Level 1:colcon.colcon_core.package_identification:_identify(src) by extension 'python'
[0.126s] Level 1:colcon.colcon_core.package_identification:_identify(src) by extensions ['python_setup_py']
[0.126s] Level 1:colcon.colcon_core.package_identification:_identify(src) by extension 'python_setup_py'
[0.126s] Level 1:colcon.colcon_core.package_identification:_identify(src/log) by extensions ['ignore', 'ignore_ament_install']
[0.126s] Level 1:colcon.colcon_core.package_identification:_identify(src/log) by extension 'ignore'
[0.126s] Level 1:colcon.colcon_core.package_identification:_identify(src/log) ignored
[0.126s] Level 1:colcon.colcon_core.package_identification:_identify(src/rm_auto_aim) by extensions ['ignore', 'ignore_ament_install']
[0.126s] Level 1:colcon.colcon_core.package_identification:_identify(src/rm_auto_aim) by extension 'ignore'
[0.126s] Level 1:colcon.colcon_core.package_identification:_identify(src/rm_auto_aim) by extension 'ignore_ament_install'
[0.126s] Level 1:colcon.colcon_core.package_identification:_identify(src/rm_auto_aim) by extensions ['colcon_pkg']
[0.126s] Level 1:colcon.colcon_core.package_identification:_identify(src/rm_auto_aim) by extension 'colcon_pkg'
[0.126s] Level 1:colcon.colcon_core.package_identification:_identify(src/rm_auto_aim) by extensions ['colcon_meta']
[0.126s] Level 1:colcon.colcon_core.package_identification:_identify(src/rm_auto_aim) by extension 'colcon_meta'
[0.126s] Level 1:colcon.colcon_core.package_identification:_identify(src/rm_auto_aim) by extensions ['ros']
[0.126s] Level 1:colcon.colcon_core.package_identification:_identify(src/rm_auto_aim) by extension 'ros'
[0.126s] Level 1:colcon.colcon_core.package_identification:_identify(src/rm_auto_aim) by extensions ['cmake', 'python']
[0.126s] Level 1:colcon.colcon_core.package_identification:_identify(src/rm_auto_aim) by extension 'cmake'
[0.126s] Level 1:colcon.colcon_core.package_identification:_identify(src/rm_auto_aim) by extension 'python'
[0.126s] Level 1:colcon.colcon_core.package_identification:_identify(src/rm_auto_aim) by extensions ['python_setup_py']
[0.126s] Level 1:colcon.colcon_core.package_identification:_identify(src/rm_auto_aim) by extension 'python_setup_py'
[0.126s] Level 1:colcon.colcon_core.package_identification:_identify(src/rm_auto_aim/armor_detector) by extensions ['ignore', 'ignore_ament_install']
[0.126s] Level 1:colcon.colcon_core.package_identification:_identify(src/rm_auto_aim/armor_detector) by extension 'ignore'
[0.126s] Level 1:colcon.colcon_core.package_identification:_identify(src/rm_auto_aim/armor_detector) by extension 'ignore_ament_install'
[0.126s] Level 1:colcon.colcon_core.package_identification:_identify(src/rm_auto_aim/armor_detector) by extensions ['colcon_pkg']
[0.126s] Level 1:colcon.colcon_core.package_identification:_identify(src/rm_auto_aim/armor_detector) by extension 'colcon_pkg'
[0.126s] Level 1:colcon.colcon_core.package_identification:_identify(src/rm_auto_aim/armor_detector) by extensions ['colcon_meta']
[0.126s] Level 1:colcon.colcon_core.package_identification:_identify(src/rm_auto_aim/armor_detector) by extension 'colcon_meta'
[0.126s] Level 1:colcon.colcon_core.package_identification:_identify(src/rm_auto_aim/armor_detector) by extensions ['ros']
[0.126s] Level 1:colcon.colcon_core.package_identification:_identify(src/rm_auto_aim/armor_detector) by extension 'ros'
[0.128s] DEBUG:colcon.colcon_core.package_identification:Package 'src/rm_auto_aim/armor_detector' with type 'ros.ament_cmake' and name 'armor_detector'
[0.128s] Level 1:colcon.colcon_core.package_identification:_identify(src/rm_auto_aim/armor_solver) by extensions ['ignore', 'ignore_ament_install']
[0.128s] Level 1:colcon.colcon_core.package_identification:_identify(src/rm_auto_aim/armor_solver) by extension 'ignore'
[0.128s] Level 1:colcon.colcon_core.package_identification:_identify(src/rm_auto_aim/armor_solver) by extension 'ignore_ament_install'
[0.128s] Level 1:colcon.colcon_core.package_identification:_identify(src/rm_auto_aim/armor_solver) by extensions ['colcon_pkg']
[0.128s] Level 1:colcon.colcon_core.package_identification:_identify(src/rm_auto_aim/armor_solver) by extension 'colcon_pkg'
[0.128s] Level 1:colcon.colcon_core.package_identification:_identify(src/rm_auto_aim/armor_solver) by extensions ['colcon_meta']
[0.128s] Level 1:colcon.colcon_core.package_identification:_identify(src/rm_auto_aim/armor_solver) by extension 'colcon_meta'
[0.128s] Level 1:colcon.colcon_core.package_identification:_identify(src/rm_auto_aim/armor_solver) by extensions ['ros']
[0.128s] Level 1:colcon.colcon_core.package_identification:_identify(src/rm_auto_aim/armor_solver) by extension 'ros'
[0.129s] DEBUG:colcon.colcon_core.package_identification:Package 'src/rm_auto_aim/armor_solver' with type 'ros.ament_cmake' and name 'armor_solver'
[0.129s] Level 1:colcon.colcon_core.package_identification:_identify(src/rm_auto_aim/rm_auto_aim) by extensions ['ignore', 'ignore_ament_install']
[0.129s] Level 1:colcon.colcon_core.package_identification:_identify(src/rm_auto_aim/rm_auto_aim) by extension 'ignore'
[0.129s] Level 1:colcon.colcon_core.package_identification:_identify(src/rm_auto_aim/rm_auto_aim) by extension 'ignore_ament_install'
[0.129s] Level 1:colcon.colcon_core.package_identification:_identify(src/rm_auto_aim/rm_auto_aim) by extensions ['colcon_pkg']
[0.129s] Level 1:colcon.colcon_core.package_identification:_identify(src/rm_auto_aim/rm_auto_aim) by extension 'colcon_pkg'
[0.129s] Level 1:colcon.colcon_core.package_identification:_identify(src/rm_auto_aim/rm_auto_aim) by extensions ['colcon_meta']
[0.129s] Level 1:colcon.colcon_core.package_identification:_identify(src/rm_auto_aim/rm_auto_aim) by extension 'colcon_meta'
[0.129s] Level 1:colcon.colcon_core.package_identification:_identify(src/rm_auto_aim/rm_auto_aim) by extensions ['ros']
[0.129s] Level 1:colcon.colcon_core.package_identification:_identify(src/rm_auto_aim/rm_auto_aim) by extension 'ros'
[0.129s] DEBUG:colcon.colcon_core.package_identification:Package 'src/rm_auto_aim/rm_auto_aim' with type 'ros.ament_cmake' and name 'rm_auto_aim'
[0.129s] Level 1:colcon.colcon_core.package_identification:_identify(src/rm_bringup) by extensions ['ignore', 'ignore_ament_install']
[0.129s] Level 1:colcon.colcon_core.package_identification:_identify(src/rm_bringup) by extension 'ignore'
[0.129s] Level 1:colcon.colcon_core.package_identification:_identify(src/rm_bringup) by extension 'ignore_ament_install'
[0.129s] Level 1:colcon.colcon_core.package_identification:_identify(src/rm_bringup) by extensions ['colcon_pkg']
[0.129s] Level 1:colcon.colcon_core.package_identification:_identify(src/rm_bringup) by extension 'colcon_pkg'
[0.129s] Level 1:colcon.colcon_core.package_identification:_identify(src/rm_bringup) by extensions ['colcon_meta']
[0.129s] Level 1:colcon.colcon_core.package_identification:_identify(src/rm_bringup) by extension 'colcon_meta'
[0.129s] Level 1:colcon.colcon_core.package_identification:_identify(src/rm_bringup) by extensions ['ros']
[0.129s] Level 1:colcon.colcon_core.package_identification:_identify(src/rm_bringup) by extension 'ros'
[0.130s] DEBUG:colcon.colcon_core.package_identification:Package 'src/rm_bringup' with type 'ros.ament_cmake' and name 'rm_bringup'
[0.130s] Level 1:colcon.colcon_core.package_identification:_identify(src/rm_hardware_driver) by extensions ['ignore', 'ignore_ament_install']
[0.130s] Level 1:colcon.colcon_core.package_identification:_identify(src/rm_hardware_driver) by extension 'ignore'
[0.130s] Level 1:colcon.colcon_core.package_identification:_identify(src/rm_hardware_driver) by extension 'ignore_ament_install'
[0.130s] Level 1:colcon.colcon_core.package_identification:_identify(src/rm_hardware_driver) by extensions ['colcon_pkg']
[0.130s] Level 1:colcon.colcon_core.package_identification:_identify(src/rm_hardware_driver) by extension 'colcon_pkg'
[0.130s] Level 1:colcon.colcon_core.package_identification:_identify(src/rm_hardware_driver) by extensions ['colcon_meta']
[0.130s] Level 1:colcon.colcon_core.package_identification:_identify(src/rm_hardware_driver) by extension 'colcon_meta'
[0.130s] Level 1:colcon.colcon_core.package_identification:_identify(src/rm_hardware_driver) by extensions ['ros']
[0.130s] Level 1:colcon.colcon_core.package_identification:_identify(src/rm_hardware_driver) by extension 'ros'
[0.130s] Level 1:colcon.colcon_core.package_identification:_identify(src/rm_hardware_driver) by extensions ['cmake', 'python']
[0.130s] Level 1:colcon.colcon_core.package_identification:_identify(src/rm_hardware_driver) by extension 'cmake'
[0.130s] Level 1:colcon.colcon_core.package_identification:_identify(src/rm_hardware_driver) by extension 'python'
[0.130s] Level 1:colcon.colcon_core.package_identification:_identify(src/rm_hardware_driver) by extensions ['python_setup_py']
[0.130s] Level 1:colcon.colcon_core.package_identification:_identify(src/rm_hardware_driver) by extension 'python_setup_py'
[0.130s] Level 1:colcon.colcon_core.package_identification:_identify(src/rm_hardware_driver/rm_camera_driver) by extensions ['ignore', 'ignore_ament_install']
[0.130s] Level 1:colcon.colcon_core.package_identification:_identify(src/rm_hardware_driver/rm_camera_driver) by extension 'ignore'
[0.130s] Level 1:colcon.colcon_core.package_identification:_identify(src/rm_hardware_driver/rm_camera_driver) by extension 'ignore_ament_install'
[0.130s] Level 1:colcon.colcon_core.package_identification:_identify(src/rm_hardware_driver/rm_camera_driver) by extensions ['colcon_pkg']
[0.130s] Level 1:colcon.colcon_core.package_identification:_identify(src/rm_hardware_driver/rm_camera_driver) by extension 'colcon_pkg'
[0.130s] Level 1:colcon.colcon_core.package_identification:_identify(src/rm_hardware_driver/rm_camera_driver) by extensions ['colcon_meta']
[0.130s] Level 1:colcon.colcon_core.package_identification:_identify(src/rm_hardware_driver/rm_camera_driver) by extension 'colcon_meta'
[0.130s] Level 1:colcon.colcon_core.package_identification:_identify(src/rm_hardware_driver/rm_camera_driver) by extensions ['ros']
[0.130s] Level 1:colcon.colcon_core.package_identification:_identify(src/rm_hardware_driver/rm_camera_driver) by extension 'ros'
[0.131s] DEBUG:colcon.colcon_core.package_identification:Package 'src/rm_hardware_driver/rm_camera_driver' with type 'ros.ament_cmake' and name 'rm_camera_driver'
[0.131s] Level 1:colcon.colcon_core.package_identification:_identify(src/rm_hardware_driver/rm_serial_driver) by extensions ['ignore', 'ignore_ament_install']
[0.131s] Level 1:colcon.colcon_core.package_identification:_identify(src/rm_hardware_driver/rm_serial_driver) by extension 'ignore'
[0.131s] Level 1:colcon.colcon_core.package_identification:_identify(src/rm_hardware_driver/rm_serial_driver) by extension 'ignore_ament_install'
[0.131s] Level 1:colcon.colcon_core.package_identification:_identify(src/rm_hardware_driver/rm_serial_driver) by extensions ['colcon_pkg']
[0.131s] Level 1:colcon.colcon_core.package_identification:_identify(src/rm_hardware_driver/rm_serial_driver) by extension 'colcon_pkg'
[0.131s] Level 1:colcon.colcon_core.package_identification:_identify(src/rm_hardware_driver/rm_serial_driver) by extensions ['colcon_meta']
[0.131s] Level 1:colcon.colcon_core.package_identification:_identify(src/rm_hardware_driver/rm_serial_driver) by extension 'colcon_meta'
[0.131s] Level 1:colcon.colcon_core.package_identification:_identify(src/rm_hardware_driver/rm_serial_driver) by extensions ['ros']
[0.131s] Level 1:colcon.colcon_core.package_identification:_identify(src/rm_hardware_driver/rm_serial_driver) by extension 'ros'
[0.132s] DEBUG:colcon.colcon_core.package_identification:Package 'src/rm_hardware_driver/rm_serial_driver' with type 'ros.ament_cmake' and name 'rm_serial_driver'
[0.132s] Level 1:colcon.colcon_core.package_identification:_identify(src/rm_interfaces) by extensions ['ignore', 'ignore_ament_install']
[0.132s] Level 1:colcon.colcon_core.package_identification:_identify(src/rm_interfaces) by extension 'ignore'
[0.132s] Level 1:colcon.colcon_core.package_identification:_identify(src/rm_interfaces) by extension 'ignore_ament_install'
[0.132s] Level 1:colcon.colcon_core.package_identification:_identify(src/rm_interfaces) by extensions ['colcon_pkg']
[0.132s] Level 1:colcon.colcon_core.package_identification:_identify(src/rm_interfaces) by extension 'colcon_pkg'
[0.132s] Level 1:colcon.colcon_core.package_identification:_identify(src/rm_interfaces) by extensions ['colcon_meta']
[0.132s] Level 1:colcon.colcon_core.package_identification:_identify(src/rm_interfaces) by extension 'colcon_meta'
[0.132s] Level 1:colcon.colcon_core.package_identification:_identify(src/rm_interfaces) by extensions ['ros']
[0.132s] Level 1:colcon.colcon_core.package_identification:_identify(src/rm_interfaces) by extension 'ros'
[0.132s] DEBUG:colcon.colcon_core.package_identification:Package 'src/rm_interfaces' with type 'ros.ament_cmake' and name 'rm_interfaces'
[0.132s] Level 1:colcon.colcon_core.package_identification:_identify(src/rm_robot_description) by extensions ['ignore', 'ignore_ament_install']
[0.132s] Level 1:colcon.colcon_core.package_identification:_identify(src/rm_robot_description) by extension 'ignore'
[0.132s] Level 1:colcon.colcon_core.package_identification:_identify(src/rm_robot_description) by extension 'ignore_ament_install'
[0.132s] Level 1:colcon.colcon_core.package_identification:_identify(src/rm_robot_description) by extensions ['colcon_pkg']
[0.132s] Level 1:colcon.colcon_core.package_identification:_identify(src/rm_robot_description) by extension 'colcon_pkg'
[0.132s] Level 1:colcon.colcon_core.package_identification:_identify(src/rm_robot_description) by extensions ['colcon_meta']
[0.132s] Level 1:colcon.colcon_core.package_identification:_identify(src/rm_robot_description) by extension 'colcon_meta'
[0.132s] Level 1:colcon.colcon_core.package_identification:_identify(src/rm_robot_description) by extensions ['ros']
[0.132s] Level 1:colcon.colcon_core.package_identification:_identify(src/rm_robot_description) by extension 'ros'
[0.132s] DEBUG:colcon.colcon_core.package_identification:Package 'src/rm_robot_description' with type 'ros.ament_cmake' and name 'rm_robot_description'
[0.132s] Level 1:colcon.colcon_core.package_identification:_identify(src/rm_rune) by extensions ['ignore', 'ignore_ament_install']
[0.133s] Level 1:colcon.colcon_core.package_identification:_identify(src/rm_rune) by extension 'ignore'
[0.133s] Level 1:colcon.colcon_core.package_identification:_identify(src/rm_rune) by extension 'ignore_ament_install'
[0.133s] Level 1:colcon.colcon_core.package_identification:_identify(src/rm_rune) by extensions ['colcon_pkg']
[0.133s] Level 1:colcon.colcon_core.package_identification:_identify(src/rm_rune) by extension 'colcon_pkg'
[0.133s] Level 1:colcon.colcon_core.package_identification:_identify(src/rm_rune) by extensions ['colcon_meta']
[0.133s] Level 1:colcon.colcon_core.package_identification:_identify(src/rm_rune) by extension 'colcon_meta'
[0.133s] Level 1:colcon.colcon_core.package_identification:_identify(src/rm_rune) by extensions ['ros']
[0.133s] Level 1:colcon.colcon_core.package_identification:_identify(src/rm_rune) by extension 'ros'
[0.133s] Level 1:colcon.colcon_core.package_identification:_identify(src/rm_rune) by extensions ['cmake', 'python']
[0.133s] Level 1:colcon.colcon_core.package_identification:_identify(src/rm_rune) by extension 'cmake'
[0.133s] Level 1:colcon.colcon_core.package_identification:_identify(src/rm_rune) by extension 'python'
[0.133s] Level 1:colcon.colcon_core.package_identification:_identify(src/rm_rune) by extensions ['python_setup_py']
[0.133s] Level 1:colcon.colcon_core.package_identification:_identify(src/rm_rune) by extension 'python_setup_py'
[0.133s] Level 1:colcon.colcon_core.package_identification:_identify(src/rm_rune/rm_rune) by extensions ['ignore', 'ignore_ament_install']
[0.133s] Level 1:colcon.colcon_core.package_identification:_identify(src/rm_rune/rm_rune) by extension 'ignore'
[0.133s] Level 1:colcon.colcon_core.package_identification:_identify(src/rm_rune/rm_rune) by extension 'ignore_ament_install'
[0.133s] Level 1:colcon.colcon_core.package_identification:_identify(src/rm_rune/rm_rune) by extensions ['colcon_pkg']
[0.133s] Level 1:colcon.colcon_core.package_identification:_identify(src/rm_rune/rm_rune) by extension 'colcon_pkg'
[0.133s] Level 1:colcon.colcon_core.package_identification:_identify(src/rm_rune/rm_rune) by extensions ['colcon_meta']
[0.133s] Level 1:colcon.colcon_core.package_identification:_identify(src/rm_rune/rm_rune) by extension 'colcon_meta'
[0.133s] Level 1:colcon.colcon_core.package_identification:_identify(src/rm_rune/rm_rune) by extensions ['ros']
[0.133s] Level 1:colcon.colcon_core.package_identification:_identify(src/rm_rune/rm_rune) by extension 'ros'
[0.133s] DEBUG:colcon.colcon_core.package_identification:Package 'src/rm_rune/rm_rune' with type 'ros.ament_cmake' and name 'rm_rune'
[0.133s] Level 1:colcon.colcon_core.package_identification:_identify(src/rm_rune/rune_detector) by extensions ['ignore', 'ignore_ament_install']
[0.133s] Level 1:colcon.colcon_core.package_identification:_identify(src/rm_rune/rune_detector) by extension 'ignore'
[0.133s] Level 1:colcon.colcon_core.package_identification:_identify(src/rm_rune/rune_detector) by extension 'ignore_ament_install'
[0.133s] Level 1:colcon.colcon_core.package_identification:_identify(src/rm_rune/rune_detector) by extensions ['colcon_pkg']
[0.133s] Level 1:colcon.colcon_core.package_identification:_identify(src/rm_rune/rune_detector) by extension 'colcon_pkg'
[0.133s] Level 1:colcon.colcon_core.package_identification:_identify(src/rm_rune/rune_detector) by extensions ['colcon_meta']
[0.133s] Level 1:colcon.colcon_core.package_identification:_identify(src/rm_rune/rune_detector) by extension 'colcon_meta'
[0.133s] Level 1:colcon.colcon_core.package_identification:_identify(src/rm_rune/rune_detector) by extensions ['ros']
[0.133s] Level 1:colcon.colcon_core.package_identification:_identify(src/rm_rune/rune_detector) by extension 'ros'
[0.134s] DEBUG:colcon.colcon_core.package_identification:Package 'src/rm_rune/rune_detector' with type 'ros.ament_cmake' and name 'rune_detector'
[0.134s] Level 1:colcon.colcon_core.package_identification:_identify(src/rm_rune/rune_solver) by extensions ['ignore', 'ignore_ament_install']
[0.134s] Level 1:colcon.colcon_core.package_identification:_identify(src/rm_rune/rune_solver) by extension 'ignore'
[0.134s] Level 1:colcon.colcon_core.package_identification:_identify(src/rm_rune/rune_solver) by extension 'ignore_ament_install'
[0.134s] Level 1:colcon.colcon_core.package_identification:_identify(src/rm_rune/rune_solver) by extensions ['colcon_pkg']
[0.134s] Level 1:colcon.colcon_core.package_identification:_identify(src/rm_rune/rune_solver) by extension 'colcon_pkg'
[0.134s] Level 1:colcon.colcon_core.package_identification:_identify(src/rm_rune/rune_solver) by extensions ['colcon_meta']
[0.134s] Level 1:colcon.colcon_core.package_identification:_identify(src/rm_rune/rune_solver) by extension 'colcon_meta'
[0.134s] Level 1:colcon.colcon_core.package_identification:_identify(src/rm_rune/rune_solver) by extensions ['ros']
[0.134s] Level 1:colcon.colcon_core.package_identification:_identify(src/rm_rune/rune_solver) by extension 'ros'
[0.135s] DEBUG:colcon.colcon_core.package_identification:Package 'src/rm_rune/rune_solver' with type 'ros.ament_cmake' and name 'rune_solver'
[0.135s] Level 1:colcon.colcon_core.package_identification:_identify(src/rm_upstart) by extensions ['ignore', 'ignore_ament_install']
[0.135s] Level 1:colcon.colcon_core.package_identification:_identify(src/rm_upstart) by extension 'ignore'
[0.135s] Level 1:colcon.colcon_core.package_identification:_identify(src/rm_upstart) by extension 'ignore_ament_install'
[0.135s] Level 1:colcon.colcon_core.package_identification:_identify(src/rm_upstart) by extensions ['colcon_pkg']
[0.135s] Level 1:colcon.colcon_core.package_identification:_identify(src/rm_upstart) by extension 'colcon_pkg'
[0.135s] Level 1:colcon.colcon_core.package_identification:_identify(src/rm_upstart) by extensions ['colcon_meta']
[0.135s] Level 1:colcon.colcon_core.package_identification:_identify(src/rm_upstart) by extension 'colcon_meta'
[0.135s] Level 1:colcon.colcon_core.package_identification:_identify(src/rm_upstart) by extensions ['ros']
[0.135s] Level 1:colcon.colcon_core.package_identification:_identify(src/rm_upstart) by extension 'ros'
[0.135s] Level 1:colcon.colcon_core.package_identification:_identify(src/rm_upstart) by extensions ['cmake', 'python']
[0.135s] Level 1:colcon.colcon_core.package_identification:_identify(src/rm_upstart) by extension 'cmake'
[0.135s] Level 1:colcon.colcon_core.package_identification:_identify(src/rm_upstart) by extension 'python'
[0.135s] Level 1:colcon.colcon_core.package_identification:_identify(src/rm_upstart) by extensions ['python_setup_py']
[0.135s] Level 1:colcon.colcon_core.package_identification:_identify(src/rm_upstart) by extension 'python_setup_py'
[0.135s] Level 1:colcon.colcon_core.package_identification:_identify(src/rm_utils) by extensions ['ignore', 'ignore_ament_install']
[0.136s] Level 1:colcon.colcon_core.package_identification:_identify(src/rm_utils) by extension 'ignore'
[0.136s] Level 1:colcon.colcon_core.package_identification:_identify(src/rm_utils) by extension 'ignore_ament_install'
[0.136s] Level 1:colcon.colcon_core.package_identification:_identify(src/rm_utils) by extensions ['colcon_pkg']
[0.136s] Level 1:colcon.colcon_core.package_identification:_identify(src/rm_utils) by extension 'colcon_pkg'
[0.136s] Level 1:colcon.colcon_core.package_identification:_identify(src/rm_utils) by extensions ['colcon_meta']
[0.136s] Level 1:colcon.colcon_core.package_identification:_identify(src/rm_utils) by extension 'colcon_meta'
[0.136s] Level 1:colcon.colcon_core.package_identification:_identify(src/rm_utils) by extensions ['ros']
[0.136s] Level 1:colcon.colcon_core.package_identification:_identify(src/rm_utils) by extension 'ros'
[0.136s] DEBUG:colcon.colcon_core.package_identification:Package 'src/rm_utils' with type 'ros.ament_cmake' and name 'rm_utils'
[0.136s] Level 1:colcon.colcon_core.package_discovery:discover_packages(recursive) using defaults
[0.136s] Level 1:colcon.colcon_core.package_discovery:discover_packages(ignore) discover
[0.136s] Level 1:colcon.colcon_core.package_discovery:discover_packages(ignore) using defaults
[0.136s] Level 1:colcon.colcon_core.package_discovery:discover_packages(path) discover
[0.136s] Level 1:colcon.colcon_core.package_discovery:discover_packages(path) using defaults
[0.148s] Level 1:colcon.colcon_core.package_discovery:discover_packages(prefix_path) check parameters
[0.148s] Level 1:colcon.colcon_core.package_discovery:discover_packages(prefix_path) discover
[0.149s] DEBUG:colcon.colcon_installed_package_information.package_discovery:Found 278 installed packages in /opt/ros/humble
[0.155s] Level 1:colcon.colcon_core.package_discovery:discover_packages(prefix_path) using defaults
[0.172s] Level 5:colcon.colcon_core.verb:set package 'rm_interfaces' build argument 'cmake_args' from command line to 'None'
[0.172s] Level 5:colcon.colcon_core.verb:set package 'rm_interfaces' build argument 'cmake_target' from command line to 'None'
[0.172s] Level 5:colcon.colcon_core.verb:set package 'rm_interfaces' build argument 'cmake_target_skip_unavailable' from command line to 'False'
[0.172s] Level 5:colcon.colcon_core.verb:set package 'rm_interfaces' build argument 'cmake_clean_cache' from command line to 'False'
[0.172s] Level 5:colcon.colcon_core.verb:set package 'rm_interfaces' build argument 'cmake_clean_first' from command line to 'False'
[0.172s] Level 5:colcon.colcon_core.verb:set package 'rm_interfaces' build argument 'cmake_force_configure' from command line to 'False'
[0.172s] Level 5:colcon.colcon_core.verb:set package 'rm_interfaces' build argument 'ament_cmake_args' from command line to 'None'
[0.172s] Level 5:colcon.colcon_core.verb:set package 'rm_interfaces' build argument 'catkin_cmake_args' from command line to 'None'
[0.172s] Level 5:colcon.colcon_core.verb:set package 'rm_interfaces' build argument 'catkin_skip_building_tests' from command line to 'False'
[0.172s] DEBUG:colcon.colcon_core.verb:Building package 'rm_interfaces' with the following arguments: {'ament_cmake_args': None, 'build_base': '/home/xwz/1_fyt01/FYT2024_vision-main/build/rm_interfaces', 'catkin_cmake_args': None, 'catkin_skip_building_tests': False, 'cmake_args': None, 'cmake_clean_cache': False, 'cmake_clean_first': False, 'cmake_force_configure': False, 'cmake_target': None, 'cmake_target_skip_unavailable': False, 'install_base': '/home/xwz/1_fyt01/FYT2024_vision-main/install/rm_interfaces', 'merge_install': False, 'path': '/home/xwz/1_fyt01/FYT2024_vision-main/src/rm_interfaces', 'symlink_install': True, 'test_result_base': None}
[0.172s] Level 5:colcon.colcon_core.verb:set package 'rm_robot_description' build argument 'cmake_args' from command line to 'None'
[0.172s] Level 5:colcon.colcon_core.verb:set package 'rm_robot_description' build argument 'cmake_target' from command line to 'None'
[0.172s] Level 5:colcon.colcon_core.verb:set package 'rm_robot_description' build argument 'cmake_target_skip_unavailable' from command line to 'False'
[0.172s] Level 5:colcon.colcon_core.verb:set package 'rm_robot_description' build argument 'cmake_clean_cache' from command line to 'False'
[0.172s] Level 5:colcon.colcon_core.verb:set package 'rm_robot_description' build argument 'cmake_clean_first' from command line to 'False'
[0.172s] Level 5:colcon.colcon_core.verb:set package 'rm_robot_description' build argument 'cmake_force_configure' from command line to 'False'
[0.172s] Level 5:colcon.colcon_core.verb:set package 'rm_robot_description' build argument 'ament_cmake_args' from command line to 'None'
[0.172s] Level 5:colcon.colcon_core.verb:set package 'rm_robot_description' build argument 'catkin_cmake_args' from command line to 'None'
[0.172s] Level 5:colcon.colcon_core.verb:set package 'rm_robot_description' build argument 'catkin_skip_building_tests' from command line to 'False'
[0.172s] DEBUG:colcon.colcon_core.verb:Building package 'rm_robot_description' with the following arguments: {'ament_cmake_args': None, 'build_base': '/home/xwz/1_fyt01/FYT2024_vision-main/build/rm_robot_description', 'catkin_cmake_args': None, 'catkin_skip_building_tests': False, 'cmake_args': None, 'cmake_clean_cache': False, 'cmake_clean_first': False, 'cmake_force_configure': False, 'cmake_target': None, 'cmake_target_skip_unavailable': False, 'install_base': '/home/xwz/1_fyt01/FYT2024_vision-main/install/rm_robot_description', 'merge_install': False, 'path': '/home/xwz/1_fyt01/FYT2024_vision-main/src/rm_robot_description', 'symlink_install': True, 'test_result_base': None}
[0.172s] Level 5:colcon.colcon_core.verb:set package 'rm_utils' build argument 'cmake_args' from command line to 'None'
[0.172s] Level 5:colcon.colcon_core.verb:set package 'rm_utils' build argument 'cmake_target' from command line to 'None'
[0.172s] Level 5:colcon.colcon_core.verb:set package 'rm_utils' build argument 'cmake_target_skip_unavailable' from command line to 'False'
[0.172s] Level 5:colcon.colcon_core.verb:set package 'rm_utils' build argument 'cmake_clean_cache' from command line to 'False'
[0.172s] Level 5:colcon.colcon_core.verb:set package 'rm_utils' build argument 'cmake_clean_first' from command line to 'False'
[0.172s] Level 5:colcon.colcon_core.verb:set package 'rm_utils' build argument 'cmake_force_configure' from command line to 'False'
[0.172s] Level 5:colcon.colcon_core.verb:set package 'rm_utils' build argument 'ament_cmake_args' from command line to 'None'
[0.172s] Level 5:colcon.colcon_core.verb:set package 'rm_utils' build argument 'catkin_cmake_args' from command line to 'None'
[0.172s] Level 5:colcon.colcon_core.verb:set package 'rm_utils' build argument 'catkin_skip_building_tests' from command line to 'False'
[0.172s] DEBUG:colcon.colcon_core.verb:Building package 'rm_utils' with the following arguments: {'ament_cmake_args': None, 'build_base': '/home/xwz/1_fyt01/FYT2024_vision-main/build/rm_utils', 'catkin_cmake_args': None, 'catkin_skip_building_tests': False, 'cmake_args': None, 'cmake_clean_cache': False, 'cmake_clean_first': False, 'cmake_force_configure': False, 'cmake_target': None, 'cmake_target_skip_unavailable': False, 'install_base': '/home/xwz/1_fyt01/FYT2024_vision-main/install/rm_utils', 'merge_install': False, 'path': '/home/xwz/1_fyt01/FYT2024_vision-main/src/rm_utils', 'symlink_install': True, 'test_result_base': None}
[0.172s] Level 5:colcon.colcon_core.verb:set package 'armor_detector' build argument 'cmake_args' from command line to 'None'
[0.172s] Level 5:colcon.colcon_core.verb:set package 'armor_detector' build argument 'cmake_target' from command line to 'None'
[0.172s] Level 5:colcon.colcon_core.verb:set package 'armor_detector' build argument 'cmake_target_skip_unavailable' from command line to 'False'
[0.172s] Level 5:colcon.colcon_core.verb:set package 'armor_detector' build argument 'cmake_clean_cache' from command line to 'False'
[0.172s] Level 5:colcon.colcon_core.verb:set package 'armor_detector' build argument 'cmake_clean_first' from command line to 'False'
[0.172s] Level 5:colcon.colcon_core.verb:set package 'armor_detector' build argument 'cmake_force_configure' from command line to 'False'
[0.172s] Level 5:colcon.colcon_core.verb:set package 'armor_detector' build argument 'ament_cmake_args' from command line to 'None'
[0.172s] Level 5:colcon.colcon_core.verb:set package 'armor_detector' build argument 'catkin_cmake_args' from command line to 'None'
[0.172s] Level 5:colcon.colcon_core.verb:set package 'armor_detector' build argument 'catkin_skip_building_tests' from command line to 'False'
[0.172s] DEBUG:colcon.colcon_core.verb:Building package 'armor_detector' with the following arguments: {'ament_cmake_args': None, 'build_base': '/home/xwz/1_fyt01/FYT2024_vision-main/build/armor_detector', 'catkin_cmake_args': None, 'catkin_skip_building_tests': False, 'cmake_args': None, 'cmake_clean_cache': False, 'cmake_clean_first': False, 'cmake_force_configure': False, 'cmake_target': None, 'cmake_target_skip_unavailable': False, 'install_base': '/home/xwz/1_fyt01/FYT2024_vision-main/install/armor_detector', 'merge_install': False, 'path': '/home/xwz/1_fyt01/FYT2024_vision-main/src/rm_auto_aim/armor_detector', 'symlink_install': True, 'test_result_base': None}
[0.173s] Level 5:colcon.colcon_core.verb:set package 'armor_solver' build argument 'cmake_args' from command line to 'None'
[0.173s] Level 5:colcon.colcon_core.verb:set package 'armor_solver' build argument 'cmake_target' from command line to 'None'
[0.173s] Level 5:colcon.colcon_core.verb:set package 'armor_solver' build argument 'cmake_target_skip_unavailable' from command line to 'False'
[0.173s] Level 5:colcon.colcon_core.verb:set package 'armor_solver' build argument 'cmake_clean_cache' from command line to 'False'
[0.173s] Level 5:colcon.colcon_core.verb:set package 'armor_solver' build argument 'cmake_clean_first' from command line to 'False'
[0.173s] Level 5:colcon.colcon_core.verb:set package 'armor_solver' build argument 'cmake_force_configure' from command line to 'False'
[0.173s] Level 5:colcon.colcon_core.verb:set package 'armor_solver' build argument 'ament_cmake_args' from command line to 'None'
[0.173s] Level 5:colcon.colcon_core.verb:set package 'armor_solver' build argument 'catkin_cmake_args' from command line to 'None'
[0.173s] Level 5:colcon.colcon_core.verb:set package 'armor_solver' build argument 'catkin_skip_building_tests' from command line to 'False'
[0.173s] DEBUG:colcon.colcon_core.verb:Building package 'armor_solver' with the following arguments: {'ament_cmake_args': None, 'build_base': '/home/xwz/1_fyt01/FYT2024_vision-main/build/armor_solver', 'catkin_cmake_args': None, 'catkin_skip_building_tests': False, 'cmake_args': None, 'cmake_clean_cache': False, 'cmake_clean_first': False, 'cmake_force_configure': False, 'cmake_target': None, 'cmake_target_skip_unavailable': False, 'install_base': '/home/xwz/1_fyt01/FYT2024_vision-main/install/armor_solver', 'merge_install': False, 'path': '/home/xwz/1_fyt01/FYT2024_vision-main/src/rm_auto_aim/armor_solver', 'symlink_install': True, 'test_result_base': None}
[0.173s] Level 5:colcon.colcon_core.verb:set package 'rm_camera_driver' build argument 'cmake_args' from command line to 'None'
[0.173s] Level 5:colcon.colcon_core.verb:set package 'rm_camera_driver' build argument 'cmake_target' from command line to 'None'
[0.173s] Level 5:colcon.colcon_core.verb:set package 'rm_camera_driver' build argument 'cmake_target_skip_unavailable' from command line to 'False'
[0.173s] Level 5:colcon.colcon_core.verb:set package 'rm_camera_driver' build argument 'cmake_clean_cache' from command line to 'False'
[0.173s] Level 5:colcon.colcon_core.verb:set package 'rm_camera_driver' build argument 'cmake_clean_first' from command line to 'False'
[0.173s] Level 5:colcon.colcon_core.verb:set package 'rm_camera_driver' build argument 'cmake_force_configure' from command line to 'False'
[0.173s] Level 5:colcon.colcon_core.verb:set package 'rm_camera_driver' build argument 'ament_cmake_args' from command line to 'None'
[0.173s] Level 5:colcon.colcon_core.verb:set package 'rm_camera_driver' build argument 'catkin_cmake_args' from command line to 'None'
[0.173s] Level 5:colcon.colcon_core.verb:set package 'rm_camera_driver' build argument 'catkin_skip_building_tests' from command line to 'False'
[0.173s] DEBUG:colcon.colcon_core.verb:Building package 'rm_camera_driver' with the following arguments: {'ament_cmake_args': None, 'build_base': '/home/xwz/1_fyt01/FYT2024_vision-main/build/rm_camera_driver', 'catkin_cmake_args': None, 'catkin_skip_building_tests': False, 'cmake_args': None, 'cmake_clean_cache': False, 'cmake_clean_first': False, 'cmake_force_configure': False, 'cmake_target': None, 'cmake_target_skip_unavailable': False, 'install_base': '/home/xwz/1_fyt01/FYT2024_vision-main/install/rm_camera_driver', 'merge_install': False, 'path': '/home/xwz/1_fyt01/FYT2024_vision-main/src/rm_hardware_driver/rm_camera_driver', 'symlink_install': True, 'test_result_base': None}
[0.173s] Level 5:colcon.colcon_core.verb:set package 'rm_serial_driver' build argument 'cmake_args' from command line to 'None'
[0.173s] Level 5:colcon.colcon_core.verb:set package 'rm_serial_driver' build argument 'cmake_target' from command line to 'None'
[0.173s] Level 5:colcon.colcon_core.verb:set package 'rm_serial_driver' build argument 'cmake_target_skip_unavailable' from command line to 'False'
[0.173s] Level 5:colcon.colcon_core.verb:set package 'rm_serial_driver' build argument 'cmake_clean_cache' from command line to 'False'
[0.173s] Level 5:colcon.colcon_core.verb:set package 'rm_serial_driver' build argument 'cmake_clean_first' from command line to 'False'
[0.173s] Level 5:colcon.colcon_core.verb:set package 'rm_serial_driver' build argument 'cmake_force_configure' from command line to 'False'
[0.173s] Level 5:colcon.colcon_core.verb:set package 'rm_serial_driver' build argument 'ament_cmake_args' from command line to 'None'
[0.173s] Level 5:colcon.colcon_core.verb:set package 'rm_serial_driver' build argument 'catkin_cmake_args' from command line to 'None'
[0.173s] Level 5:colcon.colcon_core.verb:set package 'rm_serial_driver' build argument 'catkin_skip_building_tests' from command line to 'False'
[0.173s] DEBUG:colcon.colcon_core.verb:Building package 'rm_serial_driver' with the following arguments: {'ament_cmake_args': None, 'build_base': '/home/xwz/1_fyt01/FYT2024_vision-main/build/rm_serial_driver', 'catkin_cmake_args': None, 'catkin_skip_building_tests': False, 'cmake_args': None, 'cmake_clean_cache': False, 'cmake_clean_first': False, 'cmake_force_configure': False, 'cmake_target': None, 'cmake_target_skip_unavailable': False, 'install_base': '/home/xwz/1_fyt01/FYT2024_vision-main/install/rm_serial_driver', 'merge_install': False, 'path': '/home/xwz/1_fyt01/FYT2024_vision-main/src/rm_hardware_driver/rm_serial_driver', 'symlink_install': True, 'test_result_base': None}
[0.173s] Level 5:colcon.colcon_core.verb:set package 'rune_detector' build argument 'cmake_args' from command line to 'None'
[0.173s] Level 5:colcon.colcon_core.verb:set package 'rune_detector' build argument 'cmake_target' from command line to 'None'
[0.173s] Level 5:colcon.colcon_core.verb:set package 'rune_detector' build argument 'cmake_target_skip_unavailable' from command line to 'False'
[0.173s] Level 5:colcon.colcon_core.verb:set package 'rune_detector' build argument 'cmake_clean_cache' from command line to 'False'
[0.173s] Level 5:colcon.colcon_core.verb:set package 'rune_detector' build argument 'cmake_clean_first' from command line to 'False'
[0.173s] Level 5:colcon.colcon_core.verb:set package 'rune_detector' build argument 'cmake_force_configure' from command line to 'False'
[0.173s] Level 5:colcon.colcon_core.verb:set package 'rune_detector' build argument 'ament_cmake_args' from command line to 'None'
[0.173s] Level 5:colcon.colcon_core.verb:set package 'rune_detector' build argument 'catkin_cmake_args' from command line to 'None'
[0.173s] Level 5:colcon.colcon_core.verb:set package 'rune_detector' build argument 'catkin_skip_building_tests' from command line to 'False'
[0.173s] DEBUG:colcon.colcon_core.verb:Building package 'rune_detector' with the following arguments: {'ament_cmake_args': None, 'build_base': '/home/xwz/1_fyt01/FYT2024_vision-main/build/rune_detector', 'catkin_cmake_args': None, 'catkin_skip_building_tests': False, 'cmake_args': None, 'cmake_clean_cache': False, 'cmake_clean_first': False, 'cmake_force_configure': False, 'cmake_target': None, 'cmake_target_skip_unavailable': False, 'install_base': '/home/xwz/1_fyt01/FYT2024_vision-main/install/rune_detector', 'merge_install': False, 'path': '/home/xwz/1_fyt01/FYT2024_vision-main/src/rm_rune/rune_detector', 'symlink_install': True, 'test_result_base': None}
[0.174s] Level 5:colcon.colcon_core.verb:set package 'rune_solver' build argument 'cmake_args' from command line to 'None'
[0.174s] Level 5:colcon.colcon_core.verb:set package 'rune_solver' build argument 'cmake_target' from command line to 'None'
[0.174s] Level 5:colcon.colcon_core.verb:set package 'rune_solver' build argument 'cmake_target_skip_unavailable' from command line to 'False'
[0.174s] Level 5:colcon.colcon_core.verb:set package 'rune_solver' build argument 'cmake_clean_cache' from command line to 'False'
[0.174s] Level 5:colcon.colcon_core.verb:set package 'rune_solver' build argument 'cmake_clean_first' from command line to 'False'
[0.174s] Level 5:colcon.colcon_core.verb:set package 'rune_solver' build argument 'cmake_force_configure' from command line to 'False'
[0.174s] Level 5:colcon.colcon_core.verb:set package 'rune_solver' build argument 'ament_cmake_args' from command line to 'None'
[0.174s] Level 5:colcon.colcon_core.verb:set package 'rune_solver' build argument 'catkin_cmake_args' from command line to 'None'
[0.174s] Level 5:colcon.colcon_core.verb:set package 'rune_solver' build argument 'catkin_skip_building_tests' from command line to 'False'
[0.174s] DEBUG:colcon.colcon_core.verb:Building package 'rune_solver' with the following arguments: {'ament_cmake_args': None, 'build_base': '/home/xwz/1_fyt01/FYT2024_vision-main/build/rune_solver', 'catkin_cmake_args': None, 'catkin_skip_building_tests': False, 'cmake_args': None, 'cmake_clean_cache': False, 'cmake_clean_first': False, 'cmake_force_configure': False, 'cmake_target': None, 'cmake_target_skip_unavailable': False, 'install_base': '/home/xwz/1_fyt01/FYT2024_vision-main/install/rune_solver', 'merge_install': False, 'path': '/home/xwz/1_fyt01/FYT2024_vision-main/src/rm_rune/rune_solver', 'symlink_install': True, 'test_result_base': None}
[0.174s] Level 5:colcon.colcon_core.verb:set package 'rm_auto_aim' build argument 'cmake_args' from command line to 'None'
[0.174s] Level 5:colcon.colcon_core.verb:set package 'rm_auto_aim' build argument 'cmake_target' from command line to 'None'
[0.174s] Level 5:colcon.colcon_core.verb:set package 'rm_auto_aim' build argument 'cmake_target_skip_unavailable' from command line to 'False'
[0.174s] Level 5:colcon.colcon_core.verb:set package 'rm_auto_aim' build argument 'cmake_clean_cache' from command line to 'False'
[0.174s] Level 5:colcon.colcon_core.verb:set package 'rm_auto_aim' build argument 'cmake_clean_first' from command line to 'False'
[0.174s] Level 5:colcon.colcon_core.verb:set package 'rm_auto_aim' build argument 'cmake_force_configure' from command line to 'False'
[0.174s] Level 5:colcon.colcon_core.verb:set package 'rm_auto_aim' build argument 'ament_cmake_args' from command line to 'None'
[0.174s] Level 5:colcon.colcon_core.verb:set package 'rm_auto_aim' build argument 'catkin_cmake_args' from command line to 'None'
[0.174s] Level 5:colcon.colcon_core.verb:set package 'rm_auto_aim' build argument 'catkin_skip_building_tests' from command line to 'False'
[0.174s] DEBUG:colcon.colcon_core.verb:Building package 'rm_auto_aim' with the following arguments: {'ament_cmake_args': None, 'build_base': '/home/xwz/1_fyt01/FYT2024_vision-main/build/rm_auto_aim', 'catkin_cmake_args': None, 'catkin_skip_building_tests': False, 'cmake_args': None, 'cmake_clean_cache': False, 'cmake_clean_first': False, 'cmake_force_configure': False, 'cmake_target': None, 'cmake_target_skip_unavailable': False, 'install_base': '/home/xwz/1_fyt01/FYT2024_vision-main/install/rm_auto_aim', 'merge_install': False, 'path': '/home/xwz/1_fyt01/FYT2024_vision-main/src/rm_auto_aim/rm_auto_aim', 'symlink_install': True, 'test_result_base': None}
[0.174s] Level 5:colcon.colcon_core.verb:set package 'rm_rune' build argument 'cmake_args' from command line to 'None'
[0.174s] Level 5:colcon.colcon_core.verb:set package 'rm_rune' build argument 'cmake_target' from command line to 'None'
[0.174s] Level 5:colcon.colcon_core.verb:set package 'rm_rune' build argument 'cmake_target_skip_unavailable' from command line to 'False'
[0.174s] Level 5:colcon.colcon_core.verb:set package 'rm_rune' build argument 'cmake_clean_cache' from command line to 'False'
[0.174s] Level 5:colcon.colcon_core.verb:set package 'rm_rune' build argument 'cmake_clean_first' from command line to 'False'
[0.174s] Level 5:colcon.colcon_core.verb:set package 'rm_rune' build argument 'cmake_force_configure' from command line to 'False'
[0.174s] Level 5:colcon.colcon_core.verb:set package 'rm_rune' build argument 'ament_cmake_args' from command line to 'None'
[0.174s] Level 5:colcon.colcon_core.verb:set package 'rm_rune' build argument 'catkin_cmake_args' from command line to 'None'
[0.174s] Level 5:colcon.colcon_core.verb:set package 'rm_rune' build argument 'catkin_skip_building_tests' from command line to 'False'
[0.174s] DEBUG:colcon.colcon_core.verb:Building package 'rm_rune' with the following arguments: {'ament_cmake_args': None, 'build_base': '/home/xwz/1_fyt01/FYT2024_vision-main/build/rm_rune', 'catkin_cmake_args': None, 'catkin_skip_building_tests': False, 'cmake_args': None, 'cmake_clean_cache': False, 'cmake_clean_first': False, 'cmake_force_configure': False, 'cmake_target': None, 'cmake_target_skip_unavailable': False, 'install_base': '/home/xwz/1_fyt01/FYT2024_vision-main/install/rm_rune', 'merge_install': False, 'path': '/home/xwz/1_fyt01/FYT2024_vision-main/src/rm_rune/rm_rune', 'symlink_install': True, 'test_result_base': None}
[0.174s] Level 5:colcon.colcon_core.verb:set package 'rm_bringup' build argument 'cmake_args' from command line to 'None'
[0.174s] Level 5:colcon.colcon_core.verb:set package 'rm_bringup' build argument 'cmake_target' from command line to 'None'
[0.174s] Level 5:colcon.colcon_core.verb:set package 'rm_bringup' build argument 'cmake_target_skip_unavailable' from command line to 'False'
[0.174s] Level 5:colcon.colcon_core.verb:set package 'rm_bringup' build argument 'cmake_clean_cache' from command line to 'False'
[0.174s] Level 5:colcon.colcon_core.verb:set package 'rm_bringup' build argument 'cmake_clean_first' from command line to 'False'
[0.174s] Level 5:colcon.colcon_core.verb:set package 'rm_bringup' build argument 'cmake_force_configure' from command line to 'False'
[0.174s] Level 5:colcon.colcon_core.verb:set package 'rm_bringup' build argument 'ament_cmake_args' from command line to 'None'
[0.174s] Level 5:colcon.colcon_core.verb:set package 'rm_bringup' build argument 'catkin_cmake_args' from command line to 'None'
[0.174s] Level 5:colcon.colcon_core.verb:set package 'rm_bringup' build argument 'catkin_skip_building_tests' from command line to 'False'
[0.174s] DEBUG:colcon.colcon_core.verb:Building package 'rm_bringup' with the following arguments: {'ament_cmake_args': None, 'build_base': '/home/xwz/1_fyt01/FYT2024_vision-main/build/rm_bringup', 'catkin_cmake_args': None, 'catkin_skip_building_tests': False, 'cmake_args': None, 'cmake_clean_cache': False, 'cmake_clean_first': False, 'cmake_force_configure': False, 'cmake_target': None, 'cmake_target_skip_unavailable': False, 'install_base': '/home/xwz/1_fyt01/FYT2024_vision-main/install/rm_bringup', 'merge_install': False, 'path': '/home/xwz/1_fyt01/FYT2024_vision-main/src/rm_bringup', 'symlink_install': True, 'test_result_base': None}
[0.174s] INFO:colcon.colcon_core.executor:Executing jobs using 'parallel' executor
[0.175s] DEBUG:colcon.colcon_parallel_executor.executor.parallel:run_until_complete
[0.175s] INFO:colcon.colcon_ros.task.ament_cmake.build:Building ROS package in '/home/xwz/1_fyt01/FYT2024_vision-main/src/rm_utils' with build type 'ament_cmake'
[0.175s] INFO:colcon.colcon_cmake.task.cmake.build:Building CMake package in '/home/xwz/1_fyt01/FYT2024_vision-main/src/rm_utils'
[0.177s] INFO:colcon.colcon_core.plugin_system:Skipping extension 'colcon_core.shell.bat': Not used on non-Windows systems
[0.177s] INFO:colcon.colcon_core.shell:Skip shell extension 'powershell' for command environment: Not usable outside of PowerShell
[0.177s] DEBUG:colcon.colcon_core.shell:Skip shell extension 'dsv' for command environment
[0.178s] INFO:colcon.colcon_ros.task.ament_cmake.build:Building ROS package in '/home/xwz/1_fyt01/FYT2024_vision-main/src/rm_interfaces' with build type 'ament_cmake'
[0.179s] INFO:colcon.colcon_cmake.task.cmake.build:Building CMake package in '/home/xwz/1_fyt01/FYT2024_vision-main/src/rm_interfaces'
[0.179s] INFO:colcon.colcon_core.shell:Skip shell extension 'powershell' for command environment: Not usable outside of PowerShell
[0.179s] DEBUG:colcon.colcon_core.shell:Skip shell extension 'dsv' for command environment
[0.180s] INFO:colcon.colcon_ros.task.ament_cmake.build:Building ROS package in '/home/xwz/1_fyt01/FYT2024_vision-main/src/rm_robot_description' with build type 'ament_cmake'
[0.180s] INFO:colcon.colcon_cmake.task.cmake.build:Building CMake package in '/home/xwz/1_fyt01/FYT2024_vision-main/src/rm_robot_description'
[0.180s] INFO:colcon.colcon_core.shell:Skip shell extension 'powershell' for command environment: Not usable outside of PowerShell
[0.180s] DEBUG:colcon.colcon_core.shell:Skip shell extension 'dsv' for command environment
[0.183s] DEBUG:colcon.colcon_core.event_handler.log_command:Invoking command in '/home/xwz/1_fyt01/FYT2024_vision-main/build/rm_utils': CMAKE_PREFIX_PATH=/opt/ros/humble /usr/local/bin/cmake /home/xwz/1_fyt01/FYT2024_vision-main/src/rm_utils -DAMENT_CMAKE_SYMLINK_INSTALL=1 -DCMAKE_INSTALL_PREFIX=/home/xwz/1_fyt01/FYT2024_vision-main/install/rm_utils
[0.184s] DEBUG:colcon.colcon_core.event_handler.log_command:Invoking command in '/home/xwz/1_fyt01/FYT2024_vision-main/build/rm_interfaces': CMAKE_PREFIX_PATH=/opt/ros/humble /usr/local/bin/cmake /home/xwz/1_fyt01/FYT2024_vision-main/src/rm_interfaces -DAMENT_CMAKE_SYMLINK_INSTALL=1 -DCMAKE_INSTALL_PREFIX=/home/xwz/1_fyt01/FYT2024_vision-main/install/rm_interfaces
[0.186s] DEBUG:colcon.colcon_core.event_handler.log_command:Invoking command in '/home/xwz/1_fyt01/FYT2024_vision-main/build/rm_robot_description': CMAKE_PREFIX_PATH=/opt/ros/humble /usr/local/bin/cmake /home/xwz/1_fyt01/FYT2024_vision-main/src/rm_robot_description -DAMENT_CMAKE_SYMLINK_INSTALL=1 -DCMAKE_INSTALL_PREFIX=/home/xwz/1_fyt01/FYT2024_vision-main/install/rm_robot_description
[0.740s] DEBUG:colcon.colcon_core.event_handler.log_command:Invoked command in '/home/xwz/1_fyt01/FYT2024_vision-main/build/rm_robot_description' returned '0': CMAKE_PREFIX_PATH=/opt/ros/humble /usr/local/bin/cmake /home/xwz/1_fyt01/FYT2024_vision-main/src/rm_robot_description -DAMENT_CMAKE_SYMLINK_INSTALL=1 -DCMAKE_INSTALL_PREFIX=/home/xwz/1_fyt01/FYT2024_vision-main/install/rm_robot_description
[0.740s] DEBUG:colcon.colcon_core.event_handler.log_command:Invoking command in '/home/xwz/1_fyt01/FYT2024_vision-main/build/rm_robot_description': CMAKE_PREFIX_PATH=/opt/ros/humble /usr/local/bin/cmake --build /home/xwz/1_fyt01/FYT2024_vision-main/build/rm_robot_description -- -j20 -l20
[0.757s] DEBUG:colcon.colcon_core.event_handler.log_command:Invoked command in '/home/xwz/1_fyt01/FYT2024_vision-main/build/rm_robot_description' returned '0': CMAKE_PREFIX_PATH=/opt/ros/humble /usr/local/bin/cmake --build /home/xwz/1_fyt01/FYT2024_vision-main/build/rm_robot_description -- -j20 -l20
[0.774s] DEBUG:colcon.colcon_core.event_handler.log_command:Invoking command in '/home/xwz/1_fyt01/FYT2024_vision-main/build/rm_robot_description': CMAKE_PREFIX_PATH=/opt/ros/humble /usr/local/bin/cmake --install /home/xwz/1_fyt01/FYT2024_vision-main/build/rm_robot_description
[0.840s] Level 1:colcon.colcon_core.environment:create_environment_scripts_only(rm_robot_description)
[0.840s] DEBUG:colcon.colcon_core.event_handler.log_command:Invoked command in '/home/xwz/1_fyt01/FYT2024_vision-main/build/rm_robot_description' returned '0': CMAKE_PREFIX_PATH=/opt/ros/humble /usr/local/bin/cmake --install /home/xwz/1_fyt01/FYT2024_vision-main/build/rm_robot_description
[0.842s] Level 1:colcon.colcon_core.environment:checking '/home/xwz/1_fyt01/FYT2024_vision-main/install/rm_robot_description' for CMake module files
[0.842s] Level 1:colcon.colcon_core.environment:checking '/home/xwz/1_fyt01/FYT2024_vision-main/install/rm_robot_description' for CMake config files
[0.843s] Level 1:colcon.colcon_core.shell:create_environment_hook('rm_robot_description', 'cmake_prefix_path')
[0.843s] INFO:colcon.colcon_core.shell:Creating environment hook '/home/xwz/1_fyt01/FYT2024_vision-main/install/rm_robot_description/share/rm_robot_description/hook/cmake_prefix_path.ps1'
[0.843s] INFO:colcon.colcon_core.shell:Creating environment descriptor '/home/xwz/1_fyt01/FYT2024_vision-main/install/rm_robot_description/share/rm_robot_description/hook/cmake_prefix_path.dsv'
[0.844s] INFO:colcon.colcon_core.shell:Creating environment hook '/home/xwz/1_fyt01/FYT2024_vision-main/install/rm_robot_description/share/rm_robot_description/hook/cmake_prefix_path.sh'
[0.844s] Level 1:colcon.colcon_core.environment:checking '/home/xwz/1_fyt01/FYT2024_vision-main/install/rm_robot_description/bin'
[0.844s] Level 1:colcon.colcon_core.environment:checking '/home/xwz/1_fyt01/FYT2024_vision-main/install/rm_robot_description/lib/pkgconfig/rm_robot_description.pc'
[0.845s] Level 1:colcon.colcon_core.environment:checking '/home/xwz/1_fyt01/FYT2024_vision-main/install/rm_robot_description/lib/python3.10/site-packages'
[0.845s] Level 1:colcon.colcon_core.environment:checking '/home/xwz/1_fyt01/FYT2024_vision-main/install/rm_robot_description/bin'
[0.845s] INFO:colcon.colcon_core.shell:Creating package script '/home/xwz/1_fyt01/FYT2024_vision-main/install/rm_robot_description/share/rm_robot_description/package.ps1'
[0.845s] INFO:colcon.colcon_core.shell:Creating package descriptor '/home/xwz/1_fyt01/FYT2024_vision-main/install/rm_robot_description/share/rm_robot_description/package.dsv'
[0.845s] INFO:colcon.colcon_core.shell:Creating package script '/home/xwz/1_fyt01/FYT2024_vision-main/install/rm_robot_description/share/rm_robot_description/package.sh'
[0.846s] INFO:colcon.colcon_core.shell:Creating package script '/home/xwz/1_fyt01/FYT2024_vision-main/install/rm_robot_description/share/rm_robot_description/package.bash'
[0.846s] INFO:colcon.colcon_core.shell:Creating package script '/home/xwz/1_fyt01/FYT2024_vision-main/install/rm_robot_description/share/rm_robot_description/package.zsh'
[0.846s] Level 1:colcon.colcon_core.environment:create_file_with_runtime_dependencies(/home/xwz/1_fyt01/FYT2024_vision-main/install/rm_robot_description/share/colcon-core/packages/rm_robot_description)
[0.859s] Level 1:colcon.colcon_core.environment:create_environment_scripts_only(rm_robot_description)
[0.859s] Level 1:colcon.colcon_core.environment:checking '/home/xwz/1_fyt01/FYT2024_vision-main/install/rm_robot_description' for CMake module files
[0.860s] Level 1:colcon.colcon_core.environment:checking '/home/xwz/1_fyt01/FYT2024_vision-main/install/rm_robot_description' for CMake config files
[0.860s] Level 1:colcon.colcon_core.shell:create_environment_hook('rm_robot_description', 'cmake_prefix_path')
[0.860s] INFO:colcon.colcon_core.shell:Creating environment hook '/home/xwz/1_fyt01/FYT2024_vision-main/install/rm_robot_description/share/rm_robot_description/hook/cmake_prefix_path.ps1'
[0.860s] INFO:colcon.colcon_core.shell:Creating environment descriptor '/home/xwz/1_fyt01/FYT2024_vision-main/install/rm_robot_description/share/rm_robot_description/hook/cmake_prefix_path.dsv'
[0.860s] INFO:colcon.colcon_core.shell:Creating environment hook '/home/xwz/1_fyt01/FYT2024_vision-main/install/rm_robot_description/share/rm_robot_description/hook/cmake_prefix_path.sh'
[0.860s] Level 1:colcon.colcon_core.environment:checking '/home/xwz/1_fyt01/FYT2024_vision-main/install/rm_robot_description/bin'
[0.860s] Level 1:colcon.colcon_core.environment:checking '/home/xwz/1_fyt01/FYT2024_vision-main/install/rm_robot_description/lib/pkgconfig/rm_robot_description.pc'
[0.860s] Level 1:colcon.colcon_core.environment:checking '/home/xwz/1_fyt01/FYT2024_vision-main/install/rm_robot_description/lib/python3.10/site-packages'
[0.861s] Level 1:colcon.colcon_core.environment:checking '/home/xwz/1_fyt01/FYT2024_vision-main/install/rm_robot_description/bin'
[0.861s] INFO:colcon.colcon_core.shell:Creating package script '/home/xwz/1_fyt01/FYT2024_vision-main/install/rm_robot_description/share/rm_robot_description/package.ps1'
[0.861s] INFO:colcon.colcon_core.shell:Creating package descriptor '/home/xwz/1_fyt01/FYT2024_vision-main/install/rm_robot_description/share/rm_robot_description/package.dsv'
[0.861s] INFO:colcon.colcon_core.shell:Creating package script '/home/xwz/1_fyt01/FYT2024_vision-main/install/rm_robot_description/share/rm_robot_description/package.sh'
[0.861s] INFO:colcon.colcon_core.shell:Creating package script '/home/xwz/1_fyt01/FYT2024_vision-main/install/rm_robot_description/share/rm_robot_description/package.bash'
[0.861s] INFO:colcon.colcon_core.shell:Creating package script '/home/xwz/1_fyt01/FYT2024_vision-main/install/rm_robot_description/share/rm_robot_description/package.zsh'
[0.861s] Level 1:colcon.colcon_core.environment:create_file_with_runtime_dependencies(/home/xwz/1_fyt01/FYT2024_vision-main/install/rm_robot_description/share/colcon-core/packages/rm_robot_description)
[1.503s] DEBUG:colcon.colcon_core.event_handler.log_command:Invoked command in '/home/xwz/1_fyt01/FYT2024_vision-main/build/rm_utils' returned '0': CMAKE_PREFIX_PATH=/opt/ros/humble /usr/local/bin/cmake /home/xwz/1_fyt01/FYT2024_vision-main/src/rm_utils -DAMENT_CMAKE_SYMLINK_INSTALL=1 -DCMAKE_INSTALL_PREFIX=/home/xwz/1_fyt01/FYT2024_vision-main/install/rm_utils
[1.505s] DEBUG:colcon.colcon_core.event_handler.log_command:Invoking command in '/home/xwz/1_fyt01/FYT2024_vision-main/build/rm_utils': CMAKE_PREFIX_PATH=/opt/ros/humble /usr/local/bin/cmake --build /home/xwz/1_fyt01/FYT2024_vision-main/build/rm_utils -- -j20 -l20
[3.281s] DEBUG:colcon.colcon_core.event_handler.log_command:Invoked command in '/home/xwz/1_fyt01/FYT2024_vision-main/build/rm_interfaces' returned '0': CMAKE_PREFIX_PATH=/opt/ros/humble /usr/local/bin/cmake /home/xwz/1_fyt01/FYT2024_vision-main/src/rm_interfaces -DAMENT_CMAKE_SYMLINK_INSTALL=1 -DCMAKE_INSTALL_PREFIX=/home/xwz/1_fyt01/FYT2024_vision-main/install/rm_interfaces
[3.281s] DEBUG:colcon.colcon_core.event_handler.log_command:Invoking command in '/home/xwz/1_fyt01/FYT2024_vision-main/build/rm_interfaces': CMAKE_PREFIX_PATH=/opt/ros/humble /usr/local/bin/cmake --build /home/xwz/1_fyt01/FYT2024_vision-main/build/rm_interfaces -- -j20 -l20
[5.526s] DEBUG:colcon.colcon_core.event_handler.log_command:Invoked command in '/home/xwz/1_fyt01/FYT2024_vision-main/build/rm_utils' returned '0': CMAKE_PREFIX_PATH=/opt/ros/humble /usr/local/bin/cmake --build /home/xwz/1_fyt01/FYT2024_vision-main/build/rm_utils -- -j20 -l20
[5.555s] DEBUG:colcon.colcon_core.event_handler.log_command:Invoking command in '/home/xwz/1_fyt01/FYT2024_vision-main/build/rm_utils': CMAKE_PREFIX_PATH=/opt/ros/humble /usr/local/bin/cmake --install /home/xwz/1_fyt01/FYT2024_vision-main/build/rm_utils
[5.689s] Level 1:colcon.colcon_core.environment:create_environment_scripts_only(rm_utils)
[5.689s] Level 1:colcon.colcon_core.environment:checking '/home/xwz/1_fyt01/FYT2024_vision-main/install/rm_utils' for CMake module files
[5.689s] DEBUG:colcon.colcon_core.event_handler.log_command:Invoked command in '/home/xwz/1_fyt01/FYT2024_vision-main/build/rm_utils' returned '0': CMAKE_PREFIX_PATH=/opt/ros/humble /usr/local/bin/cmake --install /home/xwz/1_fyt01/FYT2024_vision-main/build/rm_utils
[5.690s] Level 1:colcon.colcon_core.environment:checking '/home/xwz/1_fyt01/FYT2024_vision-main/install/rm_utils' for CMake config files
[5.690s] Level 1:colcon.colcon_core.shell:create_environment_hook('rm_utils', 'cmake_prefix_path')
[5.690s] INFO:colcon.colcon_core.shell:Creating environment hook '/home/xwz/1_fyt01/FYT2024_vision-main/install/rm_utils/share/rm_utils/hook/cmake_prefix_path.ps1'
[5.691s] INFO:colcon.colcon_core.shell:Creating environment descriptor '/home/xwz/1_fyt01/FYT2024_vision-main/install/rm_utils/share/rm_utils/hook/cmake_prefix_path.dsv'
[5.691s] INFO:colcon.colcon_core.shell:Creating environment hook '/home/xwz/1_fyt01/FYT2024_vision-main/install/rm_utils/share/rm_utils/hook/cmake_prefix_path.sh'
[5.691s] Level 1:colcon.colcon_core.environment:checking '/home/xwz/1_fyt01/FYT2024_vision-main/install/rm_utils/lib'
[5.692s] Level 1:colcon.colcon_core.shell:create_environment_hook('rm_utils', 'ld_library_path_lib')
[5.692s] INFO:colcon.colcon_core.shell:Creating environment hook '/home/xwz/1_fyt01/FYT2024_vision-main/install/rm_utils/share/rm_utils/hook/ld_library_path_lib.ps1'
[5.692s] INFO:colcon.colcon_core.shell:Creating environment descriptor '/home/xwz/1_fyt01/FYT2024_vision-main/install/rm_utils/share/rm_utils/hook/ld_library_path_lib.dsv'
[5.692s] INFO:colcon.colcon_core.shell:Creating environment hook '/home/xwz/1_fyt01/FYT2024_vision-main/install/rm_utils/share/rm_utils/hook/ld_library_path_lib.sh'
[5.692s] Level 1:colcon.colcon_core.environment:checking '/home/xwz/1_fyt01/FYT2024_vision-main/install/rm_utils/bin'
[5.692s] Level 1:colcon.colcon_core.environment:checking '/home/xwz/1_fyt01/FYT2024_vision-main/install/rm_utils/lib/pkgconfig/rm_utils.pc'
[5.693s] Level 1:colcon.colcon_core.environment:checking '/home/xwz/1_fyt01/FYT2024_vision-main/install/rm_utils/lib/python3.10/site-packages'
[5.693s] Level 1:colcon.colcon_core.environment:checking '/home/xwz/1_fyt01/FYT2024_vision-main/install/rm_utils/bin'
[5.693s] INFO:colcon.colcon_core.shell:Creating package script '/home/xwz/1_fyt01/FYT2024_vision-main/install/rm_utils/share/rm_utils/package.ps1'
[5.693s] INFO:colcon.colcon_core.shell:Creating package descriptor '/home/xwz/1_fyt01/FYT2024_vision-main/install/rm_utils/share/rm_utils/package.dsv'
[5.693s] INFO:colcon.colcon_core.shell:Creating package script '/home/xwz/1_fyt01/FYT2024_vision-main/install/rm_utils/share/rm_utils/package.sh'
[5.694s] INFO:colcon.colcon_core.shell:Creating package script '/home/xwz/1_fyt01/FYT2024_vision-main/install/rm_utils/share/rm_utils/package.bash'
[5.694s] INFO:colcon.colcon_core.shell:Creating package script '/home/xwz/1_fyt01/FYT2024_vision-main/install/rm_utils/share/rm_utils/package.zsh'
[5.694s] Level 1:colcon.colcon_core.environment:create_file_with_runtime_dependencies(/home/xwz/1_fyt01/FYT2024_vision-main/install/rm_utils/share/colcon-core/packages/rm_utils)
[5.722s] Level 1:colcon.colcon_core.environment:create_environment_scripts_only(rm_utils)
[5.722s] Level 1:colcon.colcon_core.environment:checking '/home/xwz/1_fyt01/FYT2024_vision-main/install/rm_utils' for CMake module files
[5.722s] Level 1:colcon.colcon_core.environment:checking '/home/xwz/1_fyt01/FYT2024_vision-main/install/rm_utils' for CMake config files
[5.722s] Level 1:colcon.colcon_core.shell:create_environment_hook('rm_utils', 'cmake_prefix_path')
[5.722s] INFO:colcon.colcon_core.shell:Creating environment hook '/home/xwz/1_fyt01/FYT2024_vision-main/install/rm_utils/share/rm_utils/hook/cmake_prefix_path.ps1'
[5.722s] INFO:colcon.colcon_core.shell:Creating environment descriptor '/home/xwz/1_fyt01/FYT2024_vision-main/install/rm_utils/share/rm_utils/hook/cmake_prefix_path.dsv'
[5.723s] INFO:colcon.colcon_core.shell:Creating environment hook '/home/xwz/1_fyt01/FYT2024_vision-main/install/rm_utils/share/rm_utils/hook/cmake_prefix_path.sh'
[5.723s] Level 1:colcon.colcon_core.environment:checking '/home/xwz/1_fyt01/FYT2024_vision-main/install/rm_utils/lib'
[5.723s] Level 1:colcon.colcon_core.shell:create_environment_hook('rm_utils', 'ld_library_path_lib')
[5.723s] INFO:colcon.colcon_core.shell:Creating environment hook '/home/xwz/1_fyt01/FYT2024_vision-main/install/rm_utils/share/rm_utils/hook/ld_library_path_lib.ps1'
[5.723s] INFO:colcon.colcon_core.shell:Creating environment descriptor '/home/xwz/1_fyt01/FYT2024_vision-main/install/rm_utils/share/rm_utils/hook/ld_library_path_lib.dsv'
[5.723s] INFO:colcon.colcon_core.shell:Creating environment hook '/home/xwz/1_fyt01/FYT2024_vision-main/install/rm_utils/share/rm_utils/hook/ld_library_path_lib.sh'
[5.723s] Level 1:colcon.colcon_core.environment:checking '/home/xwz/1_fyt01/FYT2024_vision-main/install/rm_utils/bin'
[5.724s] Level 1:colcon.colcon_core.environment:checking '/home/xwz/1_fyt01/FYT2024_vision-main/install/rm_utils/lib/pkgconfig/rm_utils.pc'
[5.724s] Level 1:colcon.colcon_core.environment:checking '/home/xwz/1_fyt01/FYT2024_vision-main/install/rm_utils/lib/python3.10/site-packages'
[5.724s] Level 1:colcon.colcon_core.environment:checking '/home/xwz/1_fyt01/FYT2024_vision-main/install/rm_utils/bin'
[5.724s] INFO:colcon.colcon_core.shell:Creating package script '/home/xwz/1_fyt01/FYT2024_vision-main/install/rm_utils/share/rm_utils/package.ps1'
[5.724s] INFO:colcon.colcon_core.shell:Creating package descriptor '/home/xwz/1_fyt01/FYT2024_vision-main/install/rm_utils/share/rm_utils/package.dsv'
[5.724s] INFO:colcon.colcon_core.shell:Creating package script '/home/xwz/1_fyt01/FYT2024_vision-main/install/rm_utils/share/rm_utils/package.sh'
[5.724s] INFO:colcon.colcon_core.shell:Creating package script '/home/xwz/1_fyt01/FYT2024_vision-main/install/rm_utils/share/rm_utils/package.bash'
[5.725s] INFO:colcon.colcon_core.shell:Creating package script '/home/xwz/1_fyt01/FYT2024_vision-main/install/rm_utils/share/rm_utils/package.zsh'
[5.725s] Level 1:colcon.colcon_core.environment:create_file_with_runtime_dependencies(/home/xwz/1_fyt01/FYT2024_vision-main/install/rm_utils/share/colcon-core/packages/rm_utils)
[5.725s] INFO:colcon.colcon_ros.task.ament_cmake.build:Building ROS package in '/home/xwz/1_fyt01/FYT2024_vision-main/src/rm_hardware_driver/rm_camera_driver' with build type 'ament_cmake'
[5.725s] INFO:colcon.colcon_cmake.task.cmake.build:Building CMake package in '/home/xwz/1_fyt01/FYT2024_vision-main/src/rm_hardware_driver/rm_camera_driver'
[5.725s] INFO:colcon.colcon_core.shell:Skip shell extension 'powershell' for command environment: Not usable outside of PowerShell
[5.725s] DEBUG:colcon.colcon_core.shell:Skip shell extension 'dsv' for command environment
[5.731s] DEBUG:colcon.colcon_core.event_handler.log_command:Invoking command in '/home/xwz/1_fyt01/FYT2024_vision-main/build/rm_camera_driver': AMENT_PREFIX_PATH=/home/xwz/1_fyt01/FYT2024_vision-main/install/rm_utils:${AMENT_PREFIX_PATH} CMAKE_PREFIX_PATH=/home/xwz/1_fyt01/FYT2024_vision-main/install/rm_utils:/opt/ros/humble LD_LIBRARY_PATH=/home/xwz/1_fyt01/FYT2024_vision-main/install/rm_utils/lib:/opt/ros/humble/opt/rviz_ogre_vendor/lib:/opt/ros/humble/lib/x86_64-linux-gnu:/opt/ros/humble/lib:/usr/local/opencv4.6.0/lib /usr/local/bin/cmake /home/xwz/1_fyt01/FYT2024_vision-main/src/rm_hardware_driver/rm_camera_driver -DAMENT_CMAKE_SYMLINK_INSTALL=1 -DCMAKE_INSTALL_PREFIX=/home/xwz/1_fyt01/FYT2024_vision-main/install/rm_camera_driver
[6.679s] DEBUG:colcon.colcon_core.event_handler.log_command:Invoked command in '/home/xwz/1_fyt01/FYT2024_vision-main/build/rm_interfaces' returned '0': CMAKE_PREFIX_PATH=/opt/ros/humble /usr/local/bin/cmake --build /home/xwz/1_fyt01/FYT2024_vision-main/build/rm_interfaces -- -j20 -l20
[6.920s] DEBUG:colcon.colcon_core.event_handler.log_command:Invoking command in '/home/xwz/1_fyt01/FYT2024_vision-main/build/rm_interfaces': CMAKE_PREFIX_PATH=/opt/ros/humble /usr/local/bin/cmake --install /home/xwz/1_fyt01/FYT2024_vision-main/build/rm_interfaces
[7.312s] DEBUG:colcon.colcon_core.event_handler.log_command:Invoked command in '/home/xwz/1_fyt01/FYT2024_vision-main/build/rm_camera_driver' returned '0': AMENT_PREFIX_PATH=/home/xwz/1_fyt01/FYT2024_vision-main/install/rm_utils:${AMENT_PREFIX_PATH} CMAKE_PREFIX_PATH=/home/xwz/1_fyt01/FYT2024_vision-main/install/rm_utils:/opt/ros/humble LD_LIBRARY_PATH=/home/xwz/1_fyt01/FYT2024_vision-main/install/rm_utils/lib:/opt/ros/humble/opt/rviz_ogre_vendor/lib:/opt/ros/humble/lib/x86_64-linux-gnu:/opt/ros/humble/lib:/usr/local/opencv4.6.0/lib /usr/local/bin/cmake /home/xwz/1_fyt01/FYT2024_vision-main/src/rm_hardware_driver/rm_camera_driver -DAMENT_CMAKE_SYMLINK_INSTALL=1 -DCMAKE_INSTALL_PREFIX=/home/xwz/1_fyt01/FYT2024_vision-main/install/rm_camera_driver
[7.313s] DEBUG:colcon.colcon_core.event_handler.log_command:Invoking command in '/home/xwz/1_fyt01/FYT2024_vision-main/build/rm_camera_driver': AMENT_PREFIX_PATH=/home/xwz/1_fyt01/FYT2024_vision-main/install/rm_utils:${AMENT_PREFIX_PATH} CMAKE_PREFIX_PATH=/home/xwz/1_fyt01/FYT2024_vision-main/install/rm_utils:/opt/ros/humble LD_LIBRARY_PATH=/home/xwz/1_fyt01/FYT2024_vision-main/install/rm_utils/lib:/opt/ros/humble/opt/rviz_ogre_vendor/lib:/opt/ros/humble/lib/x86_64-linux-gnu:/opt/ros/humble/lib:/usr/local/opencv4.6.0/lib /usr/local/bin/cmake --build /home/xwz/1_fyt01/FYT2024_vision-main/build/rm_camera_driver -- -j20 -l20
[8.236s] Level 1:colcon.colcon_core.environment:create_environment_scripts_only(rm_interfaces)
[8.236s] Level 1:colcon.colcon_core.environment:checking '/home/xwz/1_fyt01/FYT2024_vision-main/install/rm_interfaces' for CMake module files
[8.236s] DEBUG:colcon.colcon_core.event_handler.log_command:Invoked command in '/home/xwz/1_fyt01/FYT2024_vision-main/build/rm_interfaces' returned '0': CMAKE_PREFIX_PATH=/opt/ros/humble /usr/local/bin/cmake --install /home/xwz/1_fyt01/FYT2024_vision-main/build/rm_interfaces
[8.237s] Level 1:colcon.colcon_core.environment:checking '/home/xwz/1_fyt01/FYT2024_vision-main/install/rm_interfaces' for CMake config files
[8.238s] Level 1:colcon.colcon_core.shell:create_environment_hook('rm_interfaces', 'cmake_prefix_path')
[8.238s] INFO:colcon.colcon_core.shell:Creating environment hook '/home/xwz/1_fyt01/FYT2024_vision-main/install/rm_interfaces/share/rm_interfaces/hook/cmake_prefix_path.ps1'
[8.238s] INFO:colcon.colcon_core.shell:Creating environment descriptor '/home/xwz/1_fyt01/FYT2024_vision-main/install/rm_interfaces/share/rm_interfaces/hook/cmake_prefix_path.dsv'
[8.238s] INFO:colcon.colcon_core.shell:Creating environment hook '/home/xwz/1_fyt01/FYT2024_vision-main/install/rm_interfaces/share/rm_interfaces/hook/cmake_prefix_path.sh'
[8.239s] Level 1:colcon.colcon_core.environment:checking '/home/xwz/1_fyt01/FYT2024_vision-main/install/rm_interfaces/lib'
[8.239s] Level 1:colcon.colcon_core.shell:create_environment_hook('rm_interfaces', 'ld_library_path_lib')
[8.239s] INFO:colcon.colcon_core.shell:Creating environment hook '/home/xwz/1_fyt01/FYT2024_vision-main/install/rm_interfaces/share/rm_interfaces/hook/ld_library_path_lib.ps1'
[8.239s] INFO:colcon.colcon_core.shell:Creating environment descriptor '/home/xwz/1_fyt01/FYT2024_vision-main/install/rm_interfaces/share/rm_interfaces/hook/ld_library_path_lib.dsv'
[8.239s] INFO:colcon.colcon_core.shell:Creating environment hook '/home/xwz/1_fyt01/FYT2024_vision-main/install/rm_interfaces/share/rm_interfaces/hook/ld_library_path_lib.sh'
[8.239s] Level 1:colcon.colcon_core.environment:checking '/home/xwz/1_fyt01/FYT2024_vision-main/install/rm_interfaces/bin'
[8.239s] Level 1:colcon.colcon_core.environment:checking '/home/xwz/1_fyt01/FYT2024_vision-main/install/rm_interfaces/lib/pkgconfig/rm_interfaces.pc'
[8.239s] Level 1:colcon.colcon_core.environment:checking '/home/xwz/1_fyt01/FYT2024_vision-main/install/rm_interfaces/lib/python3.10/site-packages'
[8.239s] Level 1:colcon.colcon_core.environment:checking '/home/xwz/1_fyt01/FYT2024_vision-main/install/rm_interfaces/bin'
[8.240s] INFO:colcon.colcon_core.shell:Creating package script '/home/xwz/1_fyt01/FYT2024_vision-main/install/rm_interfaces/share/rm_interfaces/package.ps1'
[8.240s] INFO:colcon.colcon_core.shell:Creating package descriptor '/home/xwz/1_fyt01/FYT2024_vision-main/install/rm_interfaces/share/rm_interfaces/package.dsv'
[8.240s] INFO:colcon.colcon_core.shell:Creating package script '/home/xwz/1_fyt01/FYT2024_vision-main/install/rm_interfaces/share/rm_interfaces/package.sh'
[8.240s] INFO:colcon.colcon_core.shell:Creating package script '/home/xwz/1_fyt01/FYT2024_vision-main/install/rm_interfaces/share/rm_interfaces/package.bash'
[8.240s] INFO:colcon.colcon_core.shell:Creating package script '/home/xwz/1_fyt01/FYT2024_vision-main/install/rm_interfaces/share/rm_interfaces/package.zsh'
[8.241s] Level 1:colcon.colcon_core.environment:create_file_with_runtime_dependencies(/home/xwz/1_fyt01/FYT2024_vision-main/install/rm_interfaces/share/colcon-core/packages/rm_interfaces)
[8.479s] Level 1:colcon.colcon_core.environment:create_environment_scripts_only(rm_interfaces)
[8.479s] Level 1:colcon.colcon_core.environment:checking '/home/xwz/1_fyt01/FYT2024_vision-main/install/rm_interfaces' for CMake module files
[8.480s] Level 1:colcon.colcon_core.environment:checking '/home/xwz/1_fyt01/FYT2024_vision-main/install/rm_interfaces' for CMake config files
[8.482s] Level 1:colcon.colcon_core.shell:create_environment_hook('rm_interfaces', 'cmake_prefix_path')
[8.482s] INFO:colcon.colcon_core.shell:Creating environment hook '/home/xwz/1_fyt01/FYT2024_vision-main/install/rm_interfaces/share/rm_interfaces/hook/cmake_prefix_path.ps1'
[8.482s] INFO:colcon.colcon_core.shell:Creating environment descriptor '/home/xwz/1_fyt01/FYT2024_vision-main/install/rm_interfaces/share/rm_interfaces/hook/cmake_prefix_path.dsv'
[8.483s] INFO:colcon.colcon_core.shell:Creating environment hook '/home/xwz/1_fyt01/FYT2024_vision-main/install/rm_interfaces/share/rm_interfaces/hook/cmake_prefix_path.sh'
[8.483s] Level 1:colcon.colcon_core.environment:checking '/home/xwz/1_fyt01/FYT2024_vision-main/install/rm_interfaces/lib'
[8.483s] Level 1:colcon.colcon_core.shell:create_environment_hook('rm_interfaces', 'ld_library_path_lib')
[8.483s] INFO:colcon.colcon_core.shell:Creating environment hook '/home/xwz/1_fyt01/FYT2024_vision-main/install/rm_interfaces/share/rm_interfaces/hook/ld_library_path_lib.ps1'
[8.484s] INFO:colcon.colcon_core.shell:Creating environment descriptor '/home/xwz/1_fyt01/FYT2024_vision-main/install/rm_interfaces/share/rm_interfaces/hook/ld_library_path_lib.dsv'
[8.484s] INFO:colcon.colcon_core.shell:Creating environment hook '/home/xwz/1_fyt01/FYT2024_vision-main/install/rm_interfaces/share/rm_interfaces/hook/ld_library_path_lib.sh'
[8.484s] Level 1:colcon.colcon_core.environment:checking '/home/xwz/1_fyt01/FYT2024_vision-main/install/rm_interfaces/bin'
[8.484s] Level 1:colcon.colcon_core.environment:checking '/home/xwz/1_fyt01/FYT2024_vision-main/install/rm_interfaces/lib/pkgconfig/rm_interfaces.pc'
[8.484s] Level 1:colcon.colcon_core.environment:checking '/home/xwz/1_fyt01/FYT2024_vision-main/install/rm_interfaces/lib/python3.10/site-packages'
[8.485s] Level 1:colcon.colcon_core.environment:checking '/home/xwz/1_fyt01/FYT2024_vision-main/install/rm_interfaces/bin'
[8.485s] INFO:colcon.colcon_core.shell:Creating package script '/home/xwz/1_fyt01/FYT2024_vision-main/install/rm_interfaces/share/rm_interfaces/package.ps1'
[8.485s] INFO:colcon.colcon_core.shell:Creating package descriptor '/home/xwz/1_fyt01/FYT2024_vision-main/install/rm_interfaces/share/rm_interfaces/package.dsv'
[8.486s] INFO:colcon.colcon_core.shell:Creating package script '/home/xwz/1_fyt01/FYT2024_vision-main/install/rm_interfaces/share/rm_interfaces/package.sh'
[8.486s] INFO:colcon.colcon_core.shell:Creating package script '/home/xwz/1_fyt01/FYT2024_vision-main/install/rm_interfaces/share/rm_interfaces/package.bash'
[8.486s] INFO:colcon.colcon_core.shell:Creating package script '/home/xwz/1_fyt01/FYT2024_vision-main/install/rm_interfaces/share/rm_interfaces/package.zsh'
[8.487s] Level 1:colcon.colcon_core.environment:create_file_with_runtime_dependencies(/home/xwz/1_fyt01/FYT2024_vision-main/install/rm_interfaces/share/colcon-core/packages/rm_interfaces)
[8.487s] INFO:colcon.colcon_ros.task.ament_cmake.build:Building ROS package in '/home/xwz/1_fyt01/FYT2024_vision-main/src/rm_auto_aim/armor_detector' with build type 'ament_cmake'
[8.487s] INFO:colcon.colcon_cmake.task.cmake.build:Building CMake package in '/home/xwz/1_fyt01/FYT2024_vision-main/src/rm_auto_aim/armor_detector'
[8.487s] INFO:colcon.colcon_core.shell:Skip shell extension 'powershell' for command environment: Not usable outside of PowerShell
[8.487s] DEBUG:colcon.colcon_core.shell:Skip shell extension 'dsv' for command environment
[8.490s] INFO:colcon.colcon_ros.task.ament_cmake.build:Building ROS package in '/home/xwz/1_fyt01/FYT2024_vision-main/src/rm_auto_aim/armor_solver' with build type 'ament_cmake'
[8.490s] INFO:colcon.colcon_cmake.task.cmake.build:Building CMake package in '/home/xwz/1_fyt01/FYT2024_vision-main/src/rm_auto_aim/armor_solver'
[8.490s] INFO:colcon.colcon_core.shell:Skip shell extension 'powershell' for command environment: Not usable outside of PowerShell
[8.491s] DEBUG:colcon.colcon_core.shell:Skip shell extension 'dsv' for command environment
[8.493s] INFO:colcon.colcon_ros.task.ament_cmake.build:Building ROS package in '/home/xwz/1_fyt01/FYT2024_vision-main/src/rm_rune/rune_detector' with build type 'ament_cmake'
[8.493s] INFO:colcon.colcon_cmake.task.cmake.build:Building CMake package in '/home/xwz/1_fyt01/FYT2024_vision-main/src/rm_rune/rune_detector'
[8.493s] INFO:colcon.colcon_core.shell:Skip shell extension 'powershell' for command environment: Not usable outside of PowerShell
[8.493s] DEBUG:colcon.colcon_core.shell:Skip shell extension 'dsv' for command environment
[8.499s] DEBUG:colcon.colcon_core.event_handler.log_command:Invoking command in '/home/xwz/1_fyt01/FYT2024_vision-main/build/armor_detector': AMENT_PREFIX_PATH=/home/xwz/1_fyt01/FYT2024_vision-main/install/rm_utils:/home/xwz/1_fyt01/FYT2024_vision-main/install/rm_interfaces:${AMENT_PREFIX_PATH} CMAKE_PREFIX_PATH=/home/xwz/1_fyt01/FYT2024_vision-main/install/rm_utils:/home/xwz/1_fyt01/FYT2024_vision-main/install/rm_interfaces:/opt/ros/humble LD_LIBRARY_PATH=/home/xwz/1_fyt01/FYT2024_vision-main/install/rm_utils/lib:/home/xwz/1_fyt01/FYT2024_vision-main/install/rm_interfaces/lib:/opt/ros/humble/opt/rviz_ogre_vendor/lib:/opt/ros/humble/lib/x86_64-linux-gnu:/opt/ros/humble/lib:/usr/local/opencv4.6.0/lib PYTHONPATH=/home/xwz/1_fyt01/FYT2024_vision-main/install/rm_interfaces/local/lib/python3.10/dist-packages:${PYTHONPATH} /usr/local/bin/cmake /home/xwz/1_fyt01/FYT2024_vision-main/src/rm_auto_aim/armor_detector -DAMENT_CMAKE_SYMLINK_INSTALL=1 -DCMAKE_INSTALL_PREFIX=/home/xwz/1_fyt01/FYT2024_vision-main/install/armor_detector
[8.501s] DEBUG:colcon.colcon_core.event_handler.log_command:Invoking command in '/home/xwz/1_fyt01/FYT2024_vision-main/build/armor_solver': AMENT_PREFIX_PATH=/home/xwz/1_fyt01/FYT2024_vision-main/install/rm_utils:/home/xwz/1_fyt01/FYT2024_vision-main/install/rm_interfaces:${AMENT_PREFIX_PATH} CMAKE_PREFIX_PATH=/home/xwz/1_fyt01/FYT2024_vision-main/install/rm_utils:/home/xwz/1_fyt01/FYT2024_vision-main/install/rm_interfaces:/opt/ros/humble LD_LIBRARY_PATH=/home/xwz/1_fyt01/FYT2024_vision-main/install/rm_utils/lib:/home/xwz/1_fyt01/FYT2024_vision-main/install/rm_interfaces/lib:/opt/ros/humble/opt/rviz_ogre_vendor/lib:/opt/ros/humble/lib/x86_64-linux-gnu:/opt/ros/humble/lib:/usr/local/opencv4.6.0/lib PYTHONPATH=/home/xwz/1_fyt01/FYT2024_vision-main/install/rm_interfaces/local/lib/python3.10/dist-packages:${PYTHONPATH} /usr/local/bin/cmake /home/xwz/1_fyt01/FYT2024_vision-main/src/rm_auto_aim/armor_solver -DAMENT_CMAKE_SYMLINK_INSTALL=1 -DCMAKE_INSTALL_PREFIX=/home/xwz/1_fyt01/FYT2024_vision-main/install/armor_solver
[8.502s] DEBUG:colcon.colcon_core.event_handler.log_command:Invoking command in '/home/xwz/1_fyt01/FYT2024_vision-main/build/rune_detector': AMENT_PREFIX_PATH=/home/xwz/1_fyt01/FYT2024_vision-main/install/rm_utils:/home/xwz/1_fyt01/FYT2024_vision-main/install/rm_interfaces:${AMENT_PREFIX_PATH} CMAKE_PREFIX_PATH=/home/xwz/1_fyt01/FYT2024_vision-main/install/rm_utils:/home/xwz/1_fyt01/FYT2024_vision-main/install/rm_interfaces:/opt/ros/humble LD_LIBRARY_PATH=/home/xwz/1_fyt01/FYT2024_vision-main/install/rm_utils/lib:/home/xwz/1_fyt01/FYT2024_vision-main/install/rm_interfaces/lib:/opt/ros/humble/opt/rviz_ogre_vendor/lib:/opt/ros/humble/lib/x86_64-linux-gnu:/opt/ros/humble/lib:/usr/local/opencv4.6.0/lib PYTHONPATH=/home/xwz/1_fyt01/FYT2024_vision-main/install/rm_interfaces/local/lib/python3.10/dist-packages:${PYTHONPATH} /usr/local/bin/cmake /home/xwz/1_fyt01/FYT2024_vision-main/src/rm_rune/rune_detector -DAMENT_CMAKE_SYMLINK_INSTALL=1 -DCMAKE_INSTALL_PREFIX=/home/xwz/1_fyt01/FYT2024_vision-main/install/rune_detector
[9.093s] DEBUG:colcon.colcon_core.event_handler.log_command:Invoked command in '/home/xwz/1_fyt01/FYT2024_vision-main/build/rune_detector' returned '1': AMENT_PREFIX_PATH=/home/xwz/1_fyt01/FYT2024_vision-main/install/rm_utils:/home/xwz/1_fyt01/FYT2024_vision-main/install/rm_interfaces:${AMENT_PREFIX_PATH} CMAKE_PREFIX_PATH=/home/xwz/1_fyt01/FYT2024_vision-main/install/rm_utils:/home/xwz/1_fyt01/FYT2024_vision-main/install/rm_interfaces:/opt/ros/humble LD_LIBRARY_PATH=/home/xwz/1_fyt01/FYT2024_vision-main/install/rm_utils/lib:/home/xwz/1_fyt01/FYT2024_vision-main/install/rm_interfaces/lib:/opt/ros/humble/opt/rviz_ogre_vendor/lib:/opt/ros/humble/lib/x86_64-linux-gnu:/opt/ros/humble/lib:/usr/local/opencv4.6.0/lib PYTHONPATH=/home/xwz/1_fyt01/FYT2024_vision-main/install/rm_interfaces/local/lib/python3.10/dist-packages:${PYTHONPATH} /usr/local/bin/cmake /home/xwz/1_fyt01/FYT2024_vision-main/src/rm_rune/rune_detector -DAMENT_CMAKE_SYMLINK_INSTALL=1 -DCMAKE_INSTALL_PREFIX=/home/xwz/1_fyt01/FYT2024_vision-main/install/rune_detector
[9.101s] Level 1:colcon.colcon_core.environment:create_environment_scripts_only(rune_detector)
[9.101s] Level 1:colcon.colcon_core.environment:checking '/home/xwz/1_fyt01/FYT2024_vision-main/install/rune_detector' for CMake module files
[9.102s] Level 1:colcon.colcon_core.environment:checking '/home/xwz/1_fyt01/FYT2024_vision-main/install/rune_detector' for CMake config files
[9.102s] Level 1:colcon.colcon_core.environment:checking '/home/xwz/1_fyt01/FYT2024_vision-main/install/rune_detector/bin'
[9.102s] Level 1:colcon.colcon_core.environment:checking '/home/xwz/1_fyt01/FYT2024_vision-main/install/rune_detector/lib/pkgconfig/rune_detector.pc'
[9.102s] Level 1:colcon.colcon_core.environment:checking '/home/xwz/1_fyt01/FYT2024_vision-main/install/rune_detector/lib/python3.10/site-packages'
[9.102s] Level 1:colcon.colcon_core.environment:checking '/home/xwz/1_fyt01/FYT2024_vision-main/install/rune_detector/bin'
[9.103s] INFO:colcon.colcon_core.shell:Creating package script '/home/xwz/1_fyt01/FYT2024_vision-main/install/rune_detector/share/rune_detector/package.ps1'
[9.103s] INFO:colcon.colcon_core.shell:Creating package descriptor '/home/xwz/1_fyt01/FYT2024_vision-main/install/rune_detector/share/rune_detector/package.dsv'
[9.103s] INFO:colcon.colcon_core.shell:Creating package script '/home/xwz/1_fyt01/FYT2024_vision-main/install/rune_detector/share/rune_detector/package.sh'
[9.103s] INFO:colcon.colcon_core.shell:Creating package script '/home/xwz/1_fyt01/FYT2024_vision-main/install/rune_detector/share/rune_detector/package.bash'
[9.104s] INFO:colcon.colcon_core.shell:Creating package script '/home/xwz/1_fyt01/FYT2024_vision-main/install/rune_detector/share/rune_detector/package.zsh'
[9.104s] Level 1:colcon.colcon_core.environment:create_file_with_runtime_dependencies(/home/xwz/1_fyt01/FYT2024_vision-main/install/rune_detector/share/colcon-core/packages/rune_detector)
[11.162s] DEBUG:colcon.colcon_parallel_executor.executor.parallel:closing loop
[11.162s] DEBUG:colcon.colcon_parallel_executor.executor.parallel:loop closed
[11.162s] DEBUG:colcon.colcon_parallel_executor.executor.parallel:run_until_complete finished with '1'
[11.162s] DEBUG:colcon.colcon_core.event_reactor:joining thread
[11.167s] INFO:colcon.colcon_core.plugin_system:Skipping extension 'colcon_notification.desktop_notification.terminal_notifier': Not used on non-Darwin systems
[11.167s] INFO:colcon.colcon_core.plugin_system:Skipping extension 'colcon_notification.desktop_notification.win32': Not used on non-Windows systems
[11.167s] INFO:colcon.colcon_notification.desktop_notification:Sending desktop notification using 'notify2'
[11.182s] DEBUG:colcon.colcon_core.event_reactor:joined thread
[11.183s] INFO:colcon.colcon_core.shell:Creating prefix script '/home/xwz/1_fyt01/FYT2024_vision-main/install/local_setup.ps1'
[11.184s] INFO:colcon.colcon_core.shell:Creating prefix util module '/home/xwz/1_fyt01/FYT2024_vision-main/install/_local_setup_util_ps1.py'
[11.185s] INFO:colcon.colcon_core.shell:Creating prefix chain script '/home/xwz/1_fyt01/FYT2024_vision-main/install/setup.ps1'
[11.186s] INFO:colcon.colcon_core.shell:Creating prefix script '/home/xwz/1_fyt01/FYT2024_vision-main/install/local_setup.sh'
[11.187s] INFO:colcon.colcon_core.shell:Creating prefix util module '/home/xwz/1_fyt01/FYT2024_vision-main/install/_local_setup_util_sh.py'
[11.187s] INFO:colcon.colcon_core.shell:Creating prefix chain script '/home/xwz/1_fyt01/FYT2024_vision-main/install/setup.sh'
[11.188s] INFO:colcon.colcon_core.shell:Creating prefix script '/home/xwz/1_fyt01/FYT2024_vision-main/install/local_setup.bash'
[11.189s] INFO:colcon.colcon_core.shell:Creating prefix chain script '/home/xwz/1_fyt01/FYT2024_vision-main/install/setup.bash'
[11.190s] INFO:colcon.colcon_core.shell:Creating prefix script '/home/xwz/1_fyt01/FYT2024_vision-main/install/local_setup.zsh'
[11.190s] INFO:colcon.colcon_core.shell:Creating prefix chain script '/home/xwz/1_fyt01/FYT2024_vision-main/install/setup.zsh'
