-- The C compiler identification is GNU 11.4.0
-- The CXX compiler identification is GNU 11.4.0
-- Detecting C compiler ABI info
-- Detecting C compiler ABI info - done
-- Check for working C compiler: /usr/bin/cc - skipped
-- Detecting C compile features
-- Detecting C compile features - done
-- Detecting CXX compiler ABI info
-- Detecting CXX compiler ABI info - done
-- Check for working CXX compiler: /usr/bin/c++ - skipped
-- Detecting CXX compile features
-- Detecting CXX compile features - done
-- Found ament_cmake_auto: 1.3.10 (/opt/ros/humble/share/ament_cmake_auto/cmake)
-- Found Python3: /usr/bin/python3 (found version "3.10.12") found components: Interpreter
-- Override CMake install command with custom implementation using symlinks instead of copying resources
-- Found ament_lint_auto: 0.12.11 (/opt/ros/humble/share/ament_lint_auto/cmake)
-- Added test 'lint_cmake' to check CMake code style
-- Added test 'xmllint' to check XML markup files
-- Configuring done (0.6s)
-- Generating done (0.0s)
-- Build files have been written to: /home/xwz/1_fyt01/FYT2024_vision-main/build/rm_rune
-- Install configuration: ""
-- Execute custom install script
-- Symlinking: /home/xwz/1_fyt01/FYT2024_vision-main/install/rm_rune/share/ament_index/resource_index/package_run_dependencies/rm_rune
-- Symlinking: /home/xwz/1_fyt01/FYT2024_vision-main/install/rm_rune/share/ament_index/resource_index/parent_prefix_path/rm_rune
-- Symlinking: /home/xwz/1_fyt01/FYT2024_vision-main/install/rm_rune/share/rm_rune/environment/ament_prefix_path.sh
-- Symlinking: /home/xwz/1_fyt01/FYT2024_vision-main/install/rm_rune/share/rm_rune/environment/ament_prefix_path.dsv
-- Symlinking: /home/xwz/1_fyt01/FYT2024_vision-main/install/rm_rune/share/rm_rune/environment/path.sh
-- Symlinking: /home/xwz/1_fyt01/FYT2024_vision-main/install/rm_rune/share/rm_rune/environment/path.dsv
-- Symlinking: /home/xwz/1_fyt01/FYT2024_vision-main/install/rm_rune/share/rm_rune/local_setup.bash
-- Symlinking: /home/xwz/1_fyt01/FYT2024_vision-main/install/rm_rune/share/rm_rune/local_setup.sh
-- Symlinking: /home/xwz/1_fyt01/FYT2024_vision-main/install/rm_rune/share/rm_rune/local_setup.zsh
-- Symlinking: /home/xwz/1_fyt01/FYT2024_vision-main/install/rm_rune/share/rm_rune/local_setup.dsv
-- Symlinking: /home/xwz/1_fyt01/FYT2024_vision-main/install/rm_rune/share/rm_rune/package.dsv
-- Symlinking: /home/xwz/1_fyt01/FYT2024_vision-main/install/rm_rune/share/ament_index/resource_index/packages/rm_rune
-- Symlinking: /home/xwz/1_fyt01/FYT2024_vision-main/install/rm_rune/share/rm_rune/cmake/rm_runeConfig.cmake
-- Symlinking: /home/xwz/1_fyt01/FYT2024_vision-main/install/rm_rune/share/rm_rune/cmake/rm_runeConfig-version.cmake
-- Symlinking: /home/xwz/1_fyt01/FYT2024_vision-main/install/rm_rune/share/rm_rune/package.xml
