[0.015s] Invoking command in '/home/xwz/1_fyt01/FYT2024_vision-main/build/rm_rune': AMENT_PREFIX_PATH=/home/xwz/1_fyt01/FYT2024_vision-main/install/rune_solver:/home/xwz/1_fyt01/FYT2024_vision-main/install/rune_detector:/home/xwz/1_fyt01/FYT2024_vision-main/install/rm_utils:/home/xwz/1_fyt01/FYT2024_vision-main/install/rm_interfaces:${AMENT_PREFIX_PATH} CMAKE_PREFIX_PATH=/home/xwz/1_fyt01/FYT2024_vision-main/install/rune_solver:/home/xwz/1_fyt01/FYT2024_vision-main/install/rune_detector:/home/xwz/1_fyt01/FYT2024_vision-main/install/rm_utils:/home/xwz/1_fyt01/FYT2024_vision-main/install/rm_interfaces:/opt/ros/humble LD_LIBRARY_PATH=/home/xwz/1_fyt01/FYT2024_vision-main/install/rune_solver/lib:/home/xwz/1_fyt01/FYT2024_vision-main/install/rune_detector/lib:/home/xwz/1_fyt01/FYT2024_vision-main/install/rm_utils/lib:/home/xwz/1_fyt01/FYT2024_vision-main/install/rm_interfaces/lib:/opt/ros/humble/opt/rviz_ogre_vendor/lib:/opt/ros/humble/lib/x86_64-linux-gnu:/opt/ros/humble/lib:/opt/intel/openvino_2022.3.2/runtime/3rdparty/hddl/lib:/opt/intel/openvino_2022.3.2/runtime/lib/intel64:/usr/local/opencv4.6.0/lib PYTHONPATH=/home/xwz/1_fyt01/FYT2024_vision-main/install/rm_interfaces/local/lib/python3.10/dist-packages:${PYTHONPATH} /usr/local/bin/cmake /home/xwz/1_fyt01/FYT2024_vision-main/src/rm_rune/rm_rune -DAMENT_CMAKE_SYMLINK_INSTALL=1 -DCMAKE_INSTALL_PREFIX=/home/xwz/1_fyt01/FYT2024_vision-main/install/rm_rune
[0.092s] -- The C compiler identification is GNU 11.4.0
[0.151s] -- The CXX compiler identification is GNU 11.4.0
[0.167s] -- Detecting C compiler ABI info
[0.230s] -- Detecting C compiler ABI info - done
[0.274s] -- Check for working C compiler: /usr/bin/cc - skipped
[0.274s] -- Detecting C compile features
[0.275s] -- Detecting C compile features - done
[0.283s] -- Detecting CXX compiler ABI info
[0.356s] -- Detecting CXX compiler ABI info - done
[0.398s] -- Check for working CXX compiler: /usr/bin/c++ - skipped
[0.398s] -- Detecting CXX compile features
[0.400s] -- Detecting CXX compile features - done
[0.402s] -- Found ament_cmake_auto: 1.3.10 (/opt/ros/humble/share/ament_cmake_auto/cmake)
[0.517s] -- Found Python3: /usr/bin/python3 (found version "3.10.12") found components: Interpreter
[0.568s] -- Override CMake install command with custom implementation using symlinks instead of copying resources
[0.596s] -- Found ament_lint_auto: 0.12.11 (/opt/ros/humble/share/ament_lint_auto/cmake)
[0.656s] -- Added test 'lint_cmake' to check CMake code style
[0.658s] -- Added test 'xmllint' to check XML markup files
[0.660s] -- Configuring done (0.6s)
[0.663s] -- Generating done (0.0s)
[0.663s] -- Build files have been written to: /home/xwz/1_fyt01/FYT2024_vision-main/build/rm_rune
[0.668s] Invoked command in '/home/xwz/1_fyt01/FYT2024_vision-main/build/rm_rune' returned '0': AMENT_PREFIX_PATH=/home/xwz/1_fyt01/FYT2024_vision-main/install/rune_solver:/home/xwz/1_fyt01/FYT2024_vision-main/install/rune_detector:/home/xwz/1_fyt01/FYT2024_vision-main/install/rm_utils:/home/xwz/1_fyt01/FYT2024_vision-main/install/rm_interfaces:${AMENT_PREFIX_PATH} CMAKE_PREFIX_PATH=/home/xwz/1_fyt01/FYT2024_vision-main/install/rune_solver:/home/xwz/1_fyt01/FYT2024_vision-main/install/rune_detector:/home/xwz/1_fyt01/FYT2024_vision-main/install/rm_utils:/home/xwz/1_fyt01/FYT2024_vision-main/install/rm_interfaces:/opt/ros/humble LD_LIBRARY_PATH=/home/xwz/1_fyt01/FYT2024_vision-main/install/rune_solver/lib:/home/xwz/1_fyt01/FYT2024_vision-main/install/rune_detector/lib:/home/xwz/1_fyt01/FYT2024_vision-main/install/rm_utils/lib:/home/xwz/1_fyt01/FYT2024_vision-main/install/rm_interfaces/lib:/opt/ros/humble/opt/rviz_ogre_vendor/lib:/opt/ros/humble/lib/x86_64-linux-gnu:/opt/ros/humble/lib:/opt/intel/openvino_2022.3.2/runtime/3rdparty/hddl/lib:/opt/intel/openvino_2022.3.2/runtime/lib/intel64:/usr/local/opencv4.6.0/lib PYTHONPATH=/home/xwz/1_fyt01/FYT2024_vision-main/install/rm_interfaces/local/lib/python3.10/dist-packages:${PYTHONPATH} /usr/local/bin/cmake /home/xwz/1_fyt01/FYT2024_vision-main/src/rm_rune/rm_rune -DAMENT_CMAKE_SYMLINK_INSTALL=1 -DCMAKE_INSTALL_PREFIX=/home/xwz/1_fyt01/FYT2024_vision-main/install/rm_rune
[0.668s] Invoking command in '/home/xwz/1_fyt01/FYT2024_vision-main/build/rm_rune': AMENT_PREFIX_PATH=/home/xwz/1_fyt01/FYT2024_vision-main/install/rune_solver:/home/xwz/1_fyt01/FYT2024_vision-main/install/rune_detector:/home/xwz/1_fyt01/FYT2024_vision-main/install/rm_utils:/home/xwz/1_fyt01/FYT2024_vision-main/install/rm_interfaces:${AMENT_PREFIX_PATH} CMAKE_PREFIX_PATH=/home/xwz/1_fyt01/FYT2024_vision-main/install/rune_solver:/home/xwz/1_fyt01/FYT2024_vision-main/install/rune_detector:/home/xwz/1_fyt01/FYT2024_vision-main/install/rm_utils:/home/xwz/1_fyt01/FYT2024_vision-main/install/rm_interfaces:/opt/ros/humble LD_LIBRARY_PATH=/home/xwz/1_fyt01/FYT2024_vision-main/install/rune_solver/lib:/home/xwz/1_fyt01/FYT2024_vision-main/install/rune_detector/lib:/home/xwz/1_fyt01/FYT2024_vision-main/install/rm_utils/lib:/home/xwz/1_fyt01/FYT2024_vision-main/install/rm_interfaces/lib:/opt/ros/humble/opt/rviz_ogre_vendor/lib:/opt/ros/humble/lib/x86_64-linux-gnu:/opt/ros/humble/lib:/opt/intel/openvino_2022.3.2/runtime/3rdparty/hddl/lib:/opt/intel/openvino_2022.3.2/runtime/lib/intel64:/usr/local/opencv4.6.0/lib PYTHONPATH=/home/xwz/1_fyt01/FYT2024_vision-main/install/rm_interfaces/local/lib/python3.10/dist-packages:${PYTHONPATH} /usr/local/bin/cmake --build /home/xwz/1_fyt01/FYT2024_vision-main/build/rm_rune -- -j20 -l20
[0.687s] Invoked command in '/home/xwz/1_fyt01/FYT2024_vision-main/build/rm_rune' returned '0': AMENT_PREFIX_PATH=/home/xwz/1_fyt01/FYT2024_vision-main/install/rune_solver:/home/xwz/1_fyt01/FYT2024_vision-main/install/rune_detector:/home/xwz/1_fyt01/FYT2024_vision-main/install/rm_utils:/home/xwz/1_fyt01/FYT2024_vision-main/install/rm_interfaces:${AMENT_PREFIX_PATH} CMAKE_PREFIX_PATH=/home/xwz/1_fyt01/FYT2024_vision-main/install/rune_solver:/home/xwz/1_fyt01/FYT2024_vision-main/install/rune_detector:/home/xwz/1_fyt01/FYT2024_vision-main/install/rm_utils:/home/xwz/1_fyt01/FYT2024_vision-main/install/rm_interfaces:/opt/ros/humble LD_LIBRARY_PATH=/home/xwz/1_fyt01/FYT2024_vision-main/install/rune_solver/lib:/home/xwz/1_fyt01/FYT2024_vision-main/install/rune_detector/lib:/home/xwz/1_fyt01/FYT2024_vision-main/install/rm_utils/lib:/home/xwz/1_fyt01/FYT2024_vision-main/install/rm_interfaces/lib:/opt/ros/humble/opt/rviz_ogre_vendor/lib:/opt/ros/humble/lib/x86_64-linux-gnu:/opt/ros/humble/lib:/opt/intel/openvino_2022.3.2/runtime/3rdparty/hddl/lib:/opt/intel/openvino_2022.3.2/runtime/lib/intel64:/usr/local/opencv4.6.0/lib PYTHONPATH=/home/xwz/1_fyt01/FYT2024_vision-main/install/rm_interfaces/local/lib/python3.10/dist-packages:${PYTHONPATH} /usr/local/bin/cmake --build /home/xwz/1_fyt01/FYT2024_vision-main/build/rm_rune -- -j20 -l20
[0.707s] Invoking command in '/home/xwz/1_fyt01/FYT2024_vision-main/build/rm_rune': AMENT_PREFIX_PATH=/home/xwz/1_fyt01/FYT2024_vision-main/install/rune_solver:/home/xwz/1_fyt01/FYT2024_vision-main/install/rune_detector:/home/xwz/1_fyt01/FYT2024_vision-main/install/rm_utils:/home/xwz/1_fyt01/FYT2024_vision-main/install/rm_interfaces:${AMENT_PREFIX_PATH} CMAKE_PREFIX_PATH=/home/xwz/1_fyt01/FYT2024_vision-main/install/rune_solver:/home/xwz/1_fyt01/FYT2024_vision-main/install/rune_detector:/home/xwz/1_fyt01/FYT2024_vision-main/install/rm_utils:/home/xwz/1_fyt01/FYT2024_vision-main/install/rm_interfaces:/opt/ros/humble LD_LIBRARY_PATH=/home/xwz/1_fyt01/FYT2024_vision-main/install/rune_solver/lib:/home/xwz/1_fyt01/FYT2024_vision-main/install/rune_detector/lib:/home/xwz/1_fyt01/FYT2024_vision-main/install/rm_utils/lib:/home/xwz/1_fyt01/FYT2024_vision-main/install/rm_interfaces/lib:/opt/ros/humble/opt/rviz_ogre_vendor/lib:/opt/ros/humble/lib/x86_64-linux-gnu:/opt/ros/humble/lib:/opt/intel/openvino_2022.3.2/runtime/3rdparty/hddl/lib:/opt/intel/openvino_2022.3.2/runtime/lib/intel64:/usr/local/opencv4.6.0/lib PYTHONPATH=/home/xwz/1_fyt01/FYT2024_vision-main/install/rm_interfaces/local/lib/python3.10/dist-packages:${PYTHONPATH} /usr/local/bin/cmake --install /home/xwz/1_fyt01/FYT2024_vision-main/build/rm_rune
[0.712s] -- Install configuration: ""
[0.714s] -- Execute custom install script
[0.715s] -- Symlinking: /home/xwz/1_fyt01/FYT2024_vision-main/install/rm_rune/share/ament_index/resource_index/package_run_dependencies/rm_rune
[0.721s] -- Symlinking: /home/xwz/1_fyt01/FYT2024_vision-main/install/rm_rune/share/ament_index/resource_index/parent_prefix_path/rm_rune
[0.727s] -- Symlinking: /home/xwz/1_fyt01/FYT2024_vision-main/install/rm_rune/share/rm_rune/environment/ament_prefix_path.sh
[0.732s] -- Symlinking: /home/xwz/1_fyt01/FYT2024_vision-main/install/rm_rune/share/rm_rune/environment/ament_prefix_path.dsv
[0.738s] -- Symlinking: /home/xwz/1_fyt01/FYT2024_vision-main/install/rm_rune/share/rm_rune/environment/path.sh
[0.744s] -- Symlinking: /home/xwz/1_fyt01/FYT2024_vision-main/install/rm_rune/share/rm_rune/environment/path.dsv
[0.750s] -- Symlinking: /home/xwz/1_fyt01/FYT2024_vision-main/install/rm_rune/share/rm_rune/local_setup.bash
[0.755s] -- Symlinking: /home/xwz/1_fyt01/FYT2024_vision-main/install/rm_rune/share/rm_rune/local_setup.sh
[0.761s] -- Symlinking: /home/xwz/1_fyt01/FYT2024_vision-main/install/rm_rune/share/rm_rune/local_setup.zsh
[0.767s] -- Symlinking: /home/xwz/1_fyt01/FYT2024_vision-main/install/rm_rune/share/rm_rune/local_setup.dsv
[0.772s] -- Symlinking: /home/xwz/1_fyt01/FYT2024_vision-main/install/rm_rune/share/rm_rune/package.dsv
[0.778s] -- Symlinking: /home/xwz/1_fyt01/FYT2024_vision-main/install/rm_rune/share/ament_index/resource_index/packages/rm_rune
[0.784s] -- Symlinking: /home/xwz/1_fyt01/FYT2024_vision-main/install/rm_rune/share/rm_rune/cmake/rm_runeConfig.cmake
[0.790s] -- Symlinking: /home/xwz/1_fyt01/FYT2024_vision-main/install/rm_rune/share/rm_rune/cmake/rm_runeConfig-version.cmake
[0.795s] -- Symlinking: /home/xwz/1_fyt01/FYT2024_vision-main/install/rm_rune/share/rm_rune/package.xml
[0.803s] Invoked command in '/home/xwz/1_fyt01/FYT2024_vision-main/build/rm_rune' returned '0': AMENT_PREFIX_PATH=/home/xwz/1_fyt01/FYT2024_vision-main/install/rune_solver:/home/xwz/1_fyt01/FYT2024_vision-main/install/rune_detector:/home/xwz/1_fyt01/FYT2024_vision-main/install/rm_utils:/home/xwz/1_fyt01/FYT2024_vision-main/install/rm_interfaces:${AMENT_PREFIX_PATH} CMAKE_PREFIX_PATH=/home/xwz/1_fyt01/FYT2024_vision-main/install/rune_solver:/home/xwz/1_fyt01/FYT2024_vision-main/install/rune_detector:/home/xwz/1_fyt01/FYT2024_vision-main/install/rm_utils:/home/xwz/1_fyt01/FYT2024_vision-main/install/rm_interfaces:/opt/ros/humble LD_LIBRARY_PATH=/home/xwz/1_fyt01/FYT2024_vision-main/install/rune_solver/lib:/home/xwz/1_fyt01/FYT2024_vision-main/install/rune_detector/lib:/home/xwz/1_fyt01/FYT2024_vision-main/install/rm_utils/lib:/home/xwz/1_fyt01/FYT2024_vision-main/install/rm_interfaces/lib:/opt/ros/humble/opt/rviz_ogre_vendor/lib:/opt/ros/humble/lib/x86_64-linux-gnu:/opt/ros/humble/lib:/opt/intel/openvino_2022.3.2/runtime/3rdparty/hddl/lib:/opt/intel/openvino_2022.3.2/runtime/lib/intel64:/usr/local/opencv4.6.0/lib PYTHONPATH=/home/xwz/1_fyt01/FYT2024_vision-main/install/rm_interfaces/local/lib/python3.10/dist-packages:${PYTHONPATH} /usr/local/bin/cmake --install /home/xwz/1_fyt01/FYT2024_vision-main/build/rm_rune
