-- The C compiler identification is GNU 11.4.0
-- The CXX compiler identification is GNU 11.4.0
-- Detecting C compiler ABI info
-- Detecting C compiler ABI info - done
-- Check for working C compiler: /usr/bin/cc - skipped
-- Detecting C compile features
-- Detecting C compile features - done
-- Detecting CXX compiler ABI info
-- Detecting CXX compiler ABI info - done
-- Check for working CXX compiler: /usr/bin/c++ - skipped
-- Detecting CXX compile features
-- Detecting CXX compile features - done
-- Found ament_cmake_auto: 1.3.10 (/opt/ros/humble/share/ament_cmake_auto/cmake)
-- Found Python3: /usr/bin/python3 (found version "3.10.12") found components: Interpreter
-- Override CMake install command with custom implementation using symlinks instead of copying resources
-- Found rosidl_generator_c: 3.1.5 (/opt/ros/humble/share/rosidl_generator_c/cmake)
-- Found rosidl_adapter: 3.1.5 (/opt/ros/humble/share/rosidl_adapter/cmake)
-- Found rosidl_generator_cpp: 3.1.5 (/opt/ros/humble/share/rosidl_generator_cpp/cmake)
-- Using all available rosidl_typesupport_c: rosidl_typesupport_fastrtps_c;rosidl_typesupport_introspection_c
-- Using all available rosidl_typesupport_cpp: rosidl_typesupport_fastrtps_cpp;rosidl_typesupport_introspection_cpp
-- Found rmw_implementation_cmake: 6.1.2 (/opt/ros/humble/share/rmw_implementation_cmake/cmake)
-- Found rmw_fastrtps_cpp: 6.2.7 (/opt/ros/humble/share/rmw_fastrtps_cpp/cmake)
-- Found OpenSSL: /usr/lib/x86_64-linux-gnu/libcrypto.so (found version "3.0.2")
-- Found FastRTPS: /opt/ros/humble/include
-- Using RMW implementation 'rmw_fastrtps_cpp' as default
-- Performing Test CMAKE_HAVE_LIBC_PTHREAD
-- Performing Test CMAKE_HAVE_LIBC_PTHREAD - Success
-- Found Threads: TRUE
-- Found OpenCV: /usr (found version "4.5.4")
-- Found ament_lint_auto: 0.12.11 (/opt/ros/humble/share/ament_lint_auto/cmake)
-- Added test 'cppcheck' to perform static code analysis on C / C++ code
-- Configured cppcheck include dirs: /home/xwz/1_fyt01/FYT2024_vision-main/src/rm_hardware_driver/rm_camera_driver/hikSDK/include
-- Configured cppcheck exclude dirs and/or files: 
-- Added test 'lint_cmake' to check CMake code style
-- Added test 'xmllint' to check XML markup files
-- Configuring done (1.5s)
-- Generating done (0.0s)
-- Build files have been written to: /home/xwz/1_fyt01/FYT2024_vision-main/build/rm_camera_driver
[ 12%] [32mBuilding CXX object CMakeFiles/rm_camera_driver_node.dir/rclcpp_components/node_main_rm_camera_driver_node.cpp.o[0m
[ 25%] [32mBuilding CXX object CMakeFiles/rm_camera_driver.dir/src/recorder.cpp.o[0m
[ 37%] [32mBuilding CXX object CMakeFiles/video_player_node.dir/rclcpp_components/node_main_video_player_node.cpp.o[0m
[ 62%] [32mBuilding CXX object CMakeFiles/rm_camera_driver.dir/src/hik_camera_node.cpp.o[0m
[ 62%] [32mBuilding CXX object CMakeFiles/rm_camera_driver.dir/src/video_player.cpp.o[0m
[ 75%] [32m[1mLinking CXX executable rm_camera_driver_node[0m
[ 87%] [32m[1mLinking CXX executable video_player_node[0m
[ 87%] Built target rm_camera_driver_node
[ 87%] Built target video_player_node
[100%] [32m[1mLinking CXX shared library librm_camera_driver.so[0m
[100%] Built target rm_camera_driver
