[0.006s] Invoking command in '/home/xwz/1_fyt01/FYT2024_vision-main/build/rm_interfaces': CMAKE_PREFIX_PATH=/opt/ros/humble /usr/local/bin/cmake --build /home/xwz/1_fyt01/FYT2024_vision-main/build/rm_interfaces -- -j20 -l20
[0.036s] [  0%] Built target rm_interfaces__cpp
[0.043s] [  0%] Built target ament_cmake_python_symlink_rm_interfaces
[0.055s] [ 12%] Built target rm_interfaces__rosidl_generator_c
[0.080s] [ 24%] Built target rm_interfaces__rosidl_typesupport_c
[0.084s] [ 36%] Built target rm_interfaces__rosidl_typesupport_cpp
[0.086s] [ 48%] Built target rm_interfaces__rosidl_typesupport_introspection_cpp
[0.093s] [ 72%] Built target rm_interfaces__rosidl_typesupport_fastrtps_cpp
[0.093s] [ 72%] Built target rm_interfaces__rosidl_typesupport_introspection_c
[0.098s] [ 84%] Built target rm_interfaces__rosidl_typesupport_fastrtps_c
[0.107s] [ 84%] Built target rm_interfaces
[0.118s] [ 85%] Built target rm_interfaces__py
[0.147s] [ 96%] Built target rm_interfaces__rosidl_generator_py
[0.159s] [ 98%] Built target rm_interfaces__rosidl_typesupport_c__pyext
[0.159s] [ 98%] Built target rm_interfaces__rosidl_typesupport_fastrtps_c__pyext
[0.159s] [100%] Built target rm_interfaces__rosidl_typesupport_introspection_c__pyext
[0.181s] running egg_info
[0.181s] writing rm_interfaces.egg-info/PKG-INFO
[0.181s] writing dependency_links to rm_interfaces.egg-info/dependency_links.txt
[0.181s] writing top-level names to rm_interfaces.egg-info/top_level.txt
[0.183s] reading manifest file 'rm_interfaces.egg-info/SOURCES.txt'
[0.183s] writing manifest file 'rm_interfaces.egg-info/SOURCES.txt'
[0.197s] [100%] Built target ament_cmake_python_build_rm_interfaces_egg
[0.203s] Invoked command in '/home/xwz/1_fyt01/FYT2024_vision-main/build/rm_interfaces' returned '0': CMAKE_PREFIX_PATH=/opt/ros/humble /usr/local/bin/cmake --build /home/xwz/1_fyt01/FYT2024_vision-main/build/rm_interfaces -- -j20 -l20
[0.481s] Invoking command in '/home/xwz/1_fyt01/FYT2024_vision-main/build/rm_interfaces': CMAKE_PREFIX_PATH=/opt/ros/humble /usr/local/bin/cmake --install /home/xwz/1_fyt01/FYT2024_vision-main/build/rm_interfaces
[0.485s] -- Install configuration: ""
[0.486s] -- Execute custom install script
[0.487s] -- Up-to-date symlink: /home/xwz/1_fyt01/FYT2024_vision-main/install/rm_interfaces/share/ament_index/resource_index/rosidl_interfaces/rm_interfaces
[0.489s] -- Up-to-date symlink: /home/xwz/1_fyt01/FYT2024_vision-main/install/rm_interfaces/include/rm_interfaces/rm_interfaces/msg/armor.h
[0.489s] -- Up-to-date symlink: /home/xwz/1_fyt01/FYT2024_vision-main/install/rm_interfaces/include/rm_interfaces/rm_interfaces/msg/armors.h
[0.489s] -- Up-to-date symlink: /home/xwz/1_fyt01/FYT2024_vision-main/install/rm_interfaces/include/rm_interfaces/rm_interfaces/msg/chassis_cmd.h
[0.490s] -- Up-to-date symlink: /home/xwz/1_fyt01/FYT2024_vision-main/install/rm_interfaces/include/rm_interfaces/rm_interfaces/msg/debug_armor.h
[0.490s] -- Up-to-date symlink: /home/xwz/1_fyt01/FYT2024_vision-main/install/rm_interfaces/include/rm_interfaces/rm_interfaces/msg/debug_armors.h
[0.490s] -- Up-to-date symlink: /home/xwz/1_fyt01/FYT2024_vision-main/install/rm_interfaces/include/rm_interfaces/rm_interfaces/msg/debug_light.h
[0.491s] -- Up-to-date symlink: /home/xwz/1_fyt01/FYT2024_vision-main/install/rm_interfaces/include/rm_interfaces/rm_interfaces/msg/debug_lights.h
[0.491s] -- Up-to-date symlink: /home/xwz/1_fyt01/FYT2024_vision-main/install/rm_interfaces/include/rm_interfaces/rm_interfaces/msg/debug_rune_angle.h
[0.491s] -- Up-to-date symlink: /home/xwz/1_fyt01/FYT2024_vision-main/install/rm_interfaces/include/rm_interfaces/rm_interfaces/msg/detail/armor__functions.h
[0.491s] -- Up-to-date symlink: /home/xwz/1_fyt01/FYT2024_vision-main/install/rm_interfaces/include/rm_interfaces/rm_interfaces/msg/detail/armor__struct.h
[0.492s] -- Up-to-date symlink: /home/xwz/1_fyt01/FYT2024_vision-main/install/rm_interfaces/include/rm_interfaces/rm_interfaces/msg/detail/armor__type_support.h
[0.492s] -- Up-to-date symlink: /home/xwz/1_fyt01/FYT2024_vision-main/install/rm_interfaces/include/rm_interfaces/rm_interfaces/msg/detail/armors__functions.h
[0.492s] -- Up-to-date symlink: /home/xwz/1_fyt01/FYT2024_vision-main/install/rm_interfaces/include/rm_interfaces/rm_interfaces/msg/detail/armors__struct.h
[0.492s] -- Up-to-date symlink: /home/xwz/1_fyt01/FYT2024_vision-main/install/rm_interfaces/include/rm_interfaces/rm_interfaces/msg/detail/armors__type_support.h
[0.493s] -- Up-to-date symlink: /home/xwz/1_fyt01/FYT2024_vision-main/install/rm_interfaces/include/rm_interfaces/rm_interfaces/msg/detail/chassis_cmd__functions.h
[0.493s] -- Up-to-date symlink: /home/xwz/1_fyt01/FYT2024_vision-main/install/rm_interfaces/include/rm_interfaces/rm_interfaces/msg/detail/chassis_cmd__struct.h
[0.493s] -- Up-to-date symlink: /home/xwz/1_fyt01/FYT2024_vision-main/install/rm_interfaces/include/rm_interfaces/rm_interfaces/msg/detail/chassis_cmd__type_support.h
[0.494s] -- Up-to-date symlink: /home/xwz/1_fyt01/FYT2024_vision-main/install/rm_interfaces/include/rm_interfaces/rm_interfaces/msg/detail/debug_armor__functions.h
[0.494s] -- Up-to-date symlink: /home/xwz/1_fyt01/FYT2024_vision-main/install/rm_interfaces/include/rm_interfaces/rm_interfaces/msg/detail/debug_armor__struct.h
[0.494s] -- Up-to-date symlink: /home/xwz/1_fyt01/FYT2024_vision-main/install/rm_interfaces/include/rm_interfaces/rm_interfaces/msg/detail/debug_armor__type_support.h
[0.494s] -- Up-to-date symlink: /home/xwz/1_fyt01/FYT2024_vision-main/install/rm_interfaces/include/rm_interfaces/rm_interfaces/msg/detail/debug_armors__functions.h
[0.495s] -- Up-to-date symlink: /home/xwz/1_fyt01/FYT2024_vision-main/install/rm_interfaces/include/rm_interfaces/rm_interfaces/msg/detail/debug_armors__struct.h
[0.495s] -- Up-to-date symlink: /home/xwz/1_fyt01/FYT2024_vision-main/install/rm_interfaces/include/rm_interfaces/rm_interfaces/msg/detail/debug_armors__type_support.h
[0.495s] -- Up-to-date symlink: /home/xwz/1_fyt01/FYT2024_vision-main/install/rm_interfaces/include/rm_interfaces/rm_interfaces/msg/detail/debug_light__functions.h
[0.495s] -- Up-to-date symlink: /home/xwz/1_fyt01/FYT2024_vision-main/install/rm_interfaces/include/rm_interfaces/rm_interfaces/msg/detail/debug_light__struct.h
[0.496s] -- Up-to-date symlink: /home/xwz/1_fyt01/FYT2024_vision-main/install/rm_interfaces/include/rm_interfaces/rm_interfaces/msg/detail/debug_light__type_support.h
[0.496s] -- Up-to-date symlink: /home/xwz/1_fyt01/FYT2024_vision-main/install/rm_interfaces/include/rm_interfaces/rm_interfaces/msg/detail/debug_lights__functions.h
[0.496s] -- Up-to-date symlink: /home/xwz/1_fyt01/FYT2024_vision-main/install/rm_interfaces/include/rm_interfaces/rm_interfaces/msg/detail/debug_lights__struct.h
[0.497s] -- Up-to-date symlink: /home/xwz/1_fyt01/FYT2024_vision-main/install/rm_interfaces/include/rm_interfaces/rm_interfaces/msg/detail/debug_lights__type_support.h
[0.497s] -- Up-to-date symlink: /home/xwz/1_fyt01/FYT2024_vision-main/install/rm_interfaces/include/rm_interfaces/rm_interfaces/msg/detail/debug_rune_angle__functions.h
[0.497s] -- Up-to-date symlink: /home/xwz/1_fyt01/FYT2024_vision-main/install/rm_interfaces/include/rm_interfaces/rm_interfaces/msg/detail/debug_rune_angle__struct.h
[0.498s] -- Up-to-date symlink: /home/xwz/1_fyt01/FYT2024_vision-main/install/rm_interfaces/include/rm_interfaces/rm_interfaces/msg/detail/debug_rune_angle__type_support.h
[0.498s] -- Up-to-date symlink: /home/xwz/1_fyt01/FYT2024_vision-main/install/rm_interfaces/include/rm_interfaces/rm_interfaces/msg/detail/gimbal_cmd__functions.h
[0.498s] -- Up-to-date symlink: /home/xwz/1_fyt01/FYT2024_vision-main/install/rm_interfaces/include/rm_interfaces/rm_interfaces/msg/detail/gimbal_cmd__struct.h
[0.498s] -- Up-to-date symlink: /home/xwz/1_fyt01/FYT2024_vision-main/install/rm_interfaces/include/rm_interfaces/rm_interfaces/msg/detail/gimbal_cmd__type_support.h
[0.499s] -- Up-to-date symlink: /home/xwz/1_fyt01/FYT2024_vision-main/install/rm_interfaces/include/rm_interfaces/rm_interfaces/msg/detail/judge_system_data__functions.h
[0.499s] -- Up-to-date symlink: /home/xwz/1_fyt01/FYT2024_vision-main/install/rm_interfaces/include/rm_interfaces/rm_interfaces/msg/detail/judge_system_data__struct.h
[0.499s] -- Up-to-date symlink: /home/xwz/1_fyt01/FYT2024_vision-main/install/rm_interfaces/include/rm_interfaces/rm_interfaces/msg/detail/judge_system_data__type_support.h
[0.500s] -- Up-to-date symlink: /home/xwz/1_fyt01/FYT2024_vision-main/install/rm_interfaces/include/rm_interfaces/rm_interfaces/msg/detail/measurement__functions.h
[0.500s] -- Up-to-date symlink: /home/xwz/1_fyt01/FYT2024_vision-main/install/rm_interfaces/include/rm_interfaces/rm_interfaces/msg/detail/measurement__struct.h
[0.500s] -- Up-to-date symlink: /home/xwz/1_fyt01/FYT2024_vision-main/install/rm_interfaces/include/rm_interfaces/rm_interfaces/msg/detail/measurement__type_support.h
[0.500s] -- Up-to-date symlink: /home/xwz/1_fyt01/FYT2024_vision-main/install/rm_interfaces/include/rm_interfaces/rm_interfaces/msg/detail/operator_command__functions.h
[0.500s] -- Up-to-date symlink: /home/xwz/1_fyt01/FYT2024_vision-main/install/rm_interfaces/include/rm_interfaces/rm_interfaces/msg/detail/operator_command__struct.h
[0.501s] -- Up-to-date symlink: /home/xwz/1_fyt01/FYT2024_vision-main/install/rm_interfaces/include/rm_interfaces/rm_interfaces/msg/detail/operator_command__type_support.h
[0.501s] -- Up-to-date symlink: /home/xwz/1_fyt01/FYT2024_vision-main/install/rm_interfaces/include/rm_interfaces/rm_interfaces/msg/detail/point2d__functions.h
[0.501s] -- Up-to-date symlink: /home/xwz/1_fyt01/FYT2024_vision-main/install/rm_interfaces/include/rm_interfaces/rm_interfaces/msg/detail/point2d__struct.h
[0.501s] -- Up-to-date symlink: /home/xwz/1_fyt01/FYT2024_vision-main/install/rm_interfaces/include/rm_interfaces/rm_interfaces/msg/detail/point2d__type_support.h
[0.501s] -- Up-to-date symlink: /home/xwz/1_fyt01/FYT2024_vision-main/install/rm_interfaces/include/rm_interfaces/rm_interfaces/msg/detail/rune_target__functions.h
[0.501s] -- Up-to-date symlink: /home/xwz/1_fyt01/FYT2024_vision-main/install/rm_interfaces/include/rm_interfaces/rm_interfaces/msg/detail/rune_target__struct.h
[0.501s] -- Up-to-date symlink: /home/xwz/1_fyt01/FYT2024_vision-main/install/rm_interfaces/include/rm_interfaces/rm_interfaces/msg/detail/rune_target__type_support.h
[0.502s] -- Up-to-date symlink: /home/xwz/1_fyt01/FYT2024_vision-main/install/rm_interfaces/include/rm_interfaces/rm_interfaces/msg/detail/serial_receive_data__functions.h
[0.502s] -- Up-to-date symlink: /home/xwz/1_fyt01/FYT2024_vision-main/install/rm_interfaces/include/rm_interfaces/rm_interfaces/msg/detail/serial_receive_data__struct.h
[0.502s] -- Up-to-date symlink: /home/xwz/1_fyt01/FYT2024_vision-main/install/rm_interfaces/include/rm_interfaces/rm_interfaces/msg/detail/serial_receive_data__type_support.h
[0.502s] -- Up-to-date symlink: /home/xwz/1_fyt01/FYT2024_vision-main/install/rm_interfaces/include/rm_interfaces/rm_interfaces/msg/detail/target__functions.h
[0.502s] -- Up-to-date symlink: /home/xwz/1_fyt01/FYT2024_vision-main/install/rm_interfaces/include/rm_interfaces/rm_interfaces/msg/detail/target__struct.h
[0.502s] -- Up-to-date symlink: /home/xwz/1_fyt01/FYT2024_vision-main/install/rm_interfaces/include/rm_interfaces/rm_interfaces/msg/detail/target__type_support.h
[0.502s] -- Up-to-date symlink: /home/xwz/1_fyt01/FYT2024_vision-main/install/rm_interfaces/include/rm_interfaces/rm_interfaces/msg/gimbal_cmd.h
[0.503s] -- Up-to-date symlink: /home/xwz/1_fyt01/FYT2024_vision-main/install/rm_interfaces/include/rm_interfaces/rm_interfaces/msg/judge_system_data.h
[0.503s] -- Up-to-date symlink: /home/xwz/1_fyt01/FYT2024_vision-main/install/rm_interfaces/include/rm_interfaces/rm_interfaces/msg/measurement.h
[0.503s] -- Up-to-date symlink: /home/xwz/1_fyt01/FYT2024_vision-main/install/rm_interfaces/include/rm_interfaces/rm_interfaces/msg/operator_command.h
[0.503s] -- Up-to-date symlink: /home/xwz/1_fyt01/FYT2024_vision-main/install/rm_interfaces/include/rm_interfaces/rm_interfaces/msg/point2d.h
[0.503s] -- Up-to-date symlink: /home/xwz/1_fyt01/FYT2024_vision-main/install/rm_interfaces/include/rm_interfaces/rm_interfaces/msg/rosidl_generator_c__visibility_control.h
[0.503s] -- Up-to-date symlink: /home/xwz/1_fyt01/FYT2024_vision-main/install/rm_interfaces/include/rm_interfaces/rm_interfaces/msg/rune_target.h
[0.504s] -- Up-to-date symlink: /home/xwz/1_fyt01/FYT2024_vision-main/install/rm_interfaces/include/rm_interfaces/rm_interfaces/msg/serial_receive_data.h
[0.504s] -- Up-to-date symlink: /home/xwz/1_fyt01/FYT2024_vision-main/install/rm_interfaces/include/rm_interfaces/rm_interfaces/msg/target.h
[0.504s] -- Up-to-date symlink: /home/xwz/1_fyt01/FYT2024_vision-main/install/rm_interfaces/include/rm_interfaces/rm_interfaces/srv/detail/set_mode__functions.h
[0.504s] -- Up-to-date symlink: /home/xwz/1_fyt01/FYT2024_vision-main/install/rm_interfaces/include/rm_interfaces/rm_interfaces/srv/detail/set_mode__struct.h
[0.504s] -- Up-to-date symlink: /home/xwz/1_fyt01/FYT2024_vision-main/install/rm_interfaces/include/rm_interfaces/rm_interfaces/srv/detail/set_mode__type_support.h
[0.504s] -- Up-to-date symlink: /home/xwz/1_fyt01/FYT2024_vision-main/install/rm_interfaces/include/rm_interfaces/rm_interfaces/srv/set_mode.h
[0.505s] -- Up-to-date symlink: /home/xwz/1_fyt01/FYT2024_vision-main/install/rm_interfaces/share/rm_interfaces/environment/library_path.sh
[0.505s] -- Up-to-date symlink: /home/xwz/1_fyt01/FYT2024_vision-main/install/rm_interfaces/share/rm_interfaces/environment/library_path.dsv
[0.506s] -- Up-to-date symlink: /home/xwz/1_fyt01/FYT2024_vision-main/install/rm_interfaces/include/rm_interfaces/rm_interfaces/msg/detail/armor__rosidl_typesupport_fastrtps_c.h
[0.506s] -- Up-to-date symlink: /home/xwz/1_fyt01/FYT2024_vision-main/install/rm_interfaces/include/rm_interfaces/rm_interfaces/msg/detail/armors__rosidl_typesupport_fastrtps_c.h
[0.506s] -- Up-to-date symlink: /home/xwz/1_fyt01/FYT2024_vision-main/install/rm_interfaces/include/rm_interfaces/rm_interfaces/msg/detail/chassis_cmd__rosidl_typesupport_fastrtps_c.h
[0.507s] -- Up-to-date symlink: /home/xwz/1_fyt01/FYT2024_vision-main/install/rm_interfaces/include/rm_interfaces/rm_interfaces/msg/detail/debug_armor__rosidl_typesupport_fastrtps_c.h
[0.507s] -- Up-to-date symlink: /home/xwz/1_fyt01/FYT2024_vision-main/install/rm_interfaces/include/rm_interfaces/rm_interfaces/msg/detail/debug_armors__rosidl_typesupport_fastrtps_c.h
[0.507s] -- Up-to-date symlink: /home/xwz/1_fyt01/FYT2024_vision-main/install/rm_interfaces/include/rm_interfaces/rm_interfaces/msg/detail/debug_light__rosidl_typesupport_fastrtps_c.h
[0.507s] -- Up-to-date symlink: /home/xwz/1_fyt01/FYT2024_vision-main/install/rm_interfaces/include/rm_interfaces/rm_interfaces/msg/detail/debug_lights__rosidl_typesupport_fastrtps_c.h
[0.507s] -- Up-to-date symlink: /home/xwz/1_fyt01/FYT2024_vision-main/install/rm_interfaces/include/rm_interfaces/rm_interfaces/msg/detail/debug_rune_angle__rosidl_typesupport_fastrtps_c.h
[0.507s] -- Up-to-date symlink: /home/xwz/1_fyt01/FYT2024_vision-main/install/rm_interfaces/include/rm_interfaces/rm_interfaces/msg/detail/gimbal_cmd__rosidl_typesupport_fastrtps_c.h
[0.508s] -- Up-to-date symlink: /home/xwz/1_fyt01/FYT2024_vision-main/install/rm_interfaces/include/rm_interfaces/rm_interfaces/msg/detail/judge_system_data__rosidl_typesupport_fastrtps_c.h
[0.508s] -- Up-to-date symlink: /home/xwz/1_fyt01/FYT2024_vision-main/install/rm_interfaces/include/rm_interfaces/rm_interfaces/msg/detail/measurement__rosidl_typesupport_fastrtps_c.h
[0.508s] -- Up-to-date symlink: /home/xwz/1_fyt01/FYT2024_vision-main/install/rm_interfaces/include/rm_interfaces/rm_interfaces/msg/detail/operator_command__rosidl_typesupport_fastrtps_c.h
[0.508s] -- Up-to-date symlink: /home/xwz/1_fyt01/FYT2024_vision-main/install/rm_interfaces/include/rm_interfaces/rm_interfaces/msg/detail/point2d__rosidl_typesupport_fastrtps_c.h
[0.508s] -- Up-to-date symlink: /home/xwz/1_fyt01/FYT2024_vision-main/install/rm_interfaces/include/rm_interfaces/rm_interfaces/msg/detail/rune_target__rosidl_typesupport_fastrtps_c.h
[0.508s] -- Up-to-date symlink: /home/xwz/1_fyt01/FYT2024_vision-main/install/rm_interfaces/include/rm_interfaces/rm_interfaces/msg/detail/serial_receive_data__rosidl_typesupport_fastrtps_c.h
[0.508s] -- Up-to-date symlink: /home/xwz/1_fyt01/FYT2024_vision-main/install/rm_interfaces/include/rm_interfaces/rm_interfaces/msg/detail/target__rosidl_typesupport_fastrtps_c.h
[0.509s] -- Up-to-date symlink: /home/xwz/1_fyt01/FYT2024_vision-main/install/rm_interfaces/include/rm_interfaces/rm_interfaces/msg/rosidl_typesupport_fastrtps_c__visibility_control.h
[0.509s] -- Up-to-date symlink: /home/xwz/1_fyt01/FYT2024_vision-main/install/rm_interfaces/include/rm_interfaces/rm_interfaces/srv/detail/set_mode__rosidl_typesupport_fastrtps_c.h
[0.509s] -- Up-to-date symlink: /home/xwz/1_fyt01/FYT2024_vision-main/install/rm_interfaces/include/rm_interfaces/rm_interfaces/msg/detail/armor__rosidl_typesupport_introspection_c.h
[0.510s] -- Up-to-date symlink: /home/xwz/1_fyt01/FYT2024_vision-main/install/rm_interfaces/include/rm_interfaces/rm_interfaces/msg/detail/armors__rosidl_typesupport_introspection_c.h
[0.510s] -- Up-to-date symlink: /home/xwz/1_fyt01/FYT2024_vision-main/install/rm_interfaces/include/rm_interfaces/rm_interfaces/msg/detail/chassis_cmd__rosidl_typesupport_introspection_c.h
[0.510s] -- Up-to-date symlink: /home/xwz/1_fyt01/FYT2024_vision-main/install/rm_interfaces/include/rm_interfaces/rm_interfaces/msg/detail/debug_armor__rosidl_typesupport_introspection_c.h
[0.510s] -- Up-to-date symlink: /home/xwz/1_fyt01/FYT2024_vision-main/install/rm_interfaces/include/rm_interfaces/rm_interfaces/msg/detail/debug_armors__rosidl_typesupport_introspection_c.h
[0.510s] -- Up-to-date symlink: /home/xwz/1_fyt01/FYT2024_vision-main/install/rm_interfaces/include/rm_interfaces/rm_interfaces/msg/detail/debug_light__rosidl_typesupport_introspection_c.h
[0.510s] -- Up-to-date symlink: /home/xwz/1_fyt01/FYT2024_vision-main/install/rm_interfaces/include/rm_interfaces/rm_interfaces/msg/detail/debug_lights__rosidl_typesupport_introspection_c.h
[0.511s] -- Up-to-date symlink: /home/xwz/1_fyt01/FYT2024_vision-main/install/rm_interfaces/include/rm_interfaces/rm_interfaces/msg/detail/debug_rune_angle__rosidl_typesupport_introspection_c.h
[0.511s] -- Up-to-date symlink: /home/xwz/1_fyt01/FYT2024_vision-main/install/rm_interfaces/include/rm_interfaces/rm_interfaces/msg/detail/gimbal_cmd__rosidl_typesupport_introspection_c.h
[0.511s] -- Up-to-date symlink: /home/xwz/1_fyt01/FYT2024_vision-main/install/rm_interfaces/include/rm_interfaces/rm_interfaces/msg/detail/judge_system_data__rosidl_typesupport_introspection_c.h
[0.511s] -- Up-to-date symlink: /home/xwz/1_fyt01/FYT2024_vision-main/install/rm_interfaces/include/rm_interfaces/rm_interfaces/msg/detail/measurement__rosidl_typesupport_introspection_c.h
[0.511s] -- Up-to-date symlink: /home/xwz/1_fyt01/FYT2024_vision-main/install/rm_interfaces/include/rm_interfaces/rm_interfaces/msg/detail/operator_command__rosidl_typesupport_introspection_c.h
[0.511s] -- Up-to-date symlink: /home/xwz/1_fyt01/FYT2024_vision-main/install/rm_interfaces/include/rm_interfaces/rm_interfaces/msg/detail/point2d__rosidl_typesupport_introspection_c.h
[0.511s] -- Up-to-date symlink: /home/xwz/1_fyt01/FYT2024_vision-main/install/rm_interfaces/include/rm_interfaces/rm_interfaces/msg/detail/rune_target__rosidl_typesupport_introspection_c.h
[0.512s] -- Up-to-date symlink: /home/xwz/1_fyt01/FYT2024_vision-main/install/rm_interfaces/include/rm_interfaces/rm_interfaces/msg/detail/serial_receive_data__rosidl_typesupport_introspection_c.h
[0.512s] -- Up-to-date symlink: /home/xwz/1_fyt01/FYT2024_vision-main/install/rm_interfaces/include/rm_interfaces/rm_interfaces/msg/detail/target__rosidl_typesupport_introspection_c.h
[0.512s] -- Up-to-date symlink: /home/xwz/1_fyt01/FYT2024_vision-main/install/rm_interfaces/include/rm_interfaces/rm_interfaces/msg/rosidl_typesupport_introspection_c__visibility_control.h
[0.512s] -- Up-to-date symlink: /home/xwz/1_fyt01/FYT2024_vision-main/install/rm_interfaces/include/rm_interfaces/rm_interfaces/srv/detail/set_mode__rosidl_typesupport_introspection_c.h
[0.513s] -- Up-to-date symlink: /home/xwz/1_fyt01/FYT2024_vision-main/install/rm_interfaces/include/rm_interfaces/rm_interfaces/msg/armor.hpp
[0.513s] -- Up-to-date symlink: /home/xwz/1_fyt01/FYT2024_vision-main/install/rm_interfaces/include/rm_interfaces/rm_interfaces/msg/armors.hpp
[0.514s] -- Up-to-date symlink: /home/xwz/1_fyt01/FYT2024_vision-main/install/rm_interfaces/include/rm_interfaces/rm_interfaces/msg/chassis_cmd.hpp
[0.514s] -- Up-to-date symlink: /home/xwz/1_fyt01/FYT2024_vision-main/install/rm_interfaces/include/rm_interfaces/rm_interfaces/msg/debug_armor.hpp
[0.514s] -- Up-to-date symlink: /home/xwz/1_fyt01/FYT2024_vision-main/install/rm_interfaces/include/rm_interfaces/rm_interfaces/msg/debug_armors.hpp
[0.514s] -- Up-to-date symlink: /home/xwz/1_fyt01/FYT2024_vision-main/install/rm_interfaces/include/rm_interfaces/rm_interfaces/msg/debug_light.hpp
[0.514s] -- Up-to-date symlink: /home/xwz/1_fyt01/FYT2024_vision-main/install/rm_interfaces/include/rm_interfaces/rm_interfaces/msg/debug_lights.hpp
[0.514s] -- Up-to-date symlink: /home/xwz/1_fyt01/FYT2024_vision-main/install/rm_interfaces/include/rm_interfaces/rm_interfaces/msg/debug_rune_angle.hpp
[0.514s] -- Up-to-date symlink: /home/xwz/1_fyt01/FYT2024_vision-main/install/rm_interfaces/include/rm_interfaces/rm_interfaces/msg/detail/armor__builder.hpp
[0.515s] -- Up-to-date symlink: /home/xwz/1_fyt01/FYT2024_vision-main/install/rm_interfaces/include/rm_interfaces/rm_interfaces/msg/detail/armor__struct.hpp
[0.515s] -- Up-to-date symlink: /home/xwz/1_fyt01/FYT2024_vision-main/install/rm_interfaces/include/rm_interfaces/rm_interfaces/msg/detail/armor__traits.hpp
[0.515s] -- Up-to-date symlink: /home/xwz/1_fyt01/FYT2024_vision-main/install/rm_interfaces/include/rm_interfaces/rm_interfaces/msg/detail/armors__builder.hpp
[0.515s] -- Up-to-date symlink: /home/xwz/1_fyt01/FYT2024_vision-main/install/rm_interfaces/include/rm_interfaces/rm_interfaces/msg/detail/armors__struct.hpp
[0.515s] -- Up-to-date symlink: /home/xwz/1_fyt01/FYT2024_vision-main/install/rm_interfaces/include/rm_interfaces/rm_interfaces/msg/detail/armors__traits.hpp
[0.515s] -- Up-to-date symlink: /home/xwz/1_fyt01/FYT2024_vision-main/install/rm_interfaces/include/rm_interfaces/rm_interfaces/msg/detail/chassis_cmd__builder.hpp
[0.516s] -- Up-to-date symlink: /home/xwz/1_fyt01/FYT2024_vision-main/install/rm_interfaces/include/rm_interfaces/rm_interfaces/msg/detail/chassis_cmd__struct.hpp
[0.516s] -- Up-to-date symlink: /home/xwz/1_fyt01/FYT2024_vision-main/install/rm_interfaces/include/rm_interfaces/rm_interfaces/msg/detail/chassis_cmd__traits.hpp
[0.516s] -- Up-to-date symlink: /home/xwz/1_fyt01/FYT2024_vision-main/install/rm_interfaces/include/rm_interfaces/rm_interfaces/msg/detail/debug_armor__builder.hpp
[0.516s] -- Up-to-date symlink: /home/xwz/1_fyt01/FYT2024_vision-main/install/rm_interfaces/include/rm_interfaces/rm_interfaces/msg/detail/debug_armor__struct.hpp
[0.516s] -- Up-to-date symlink: /home/xwz/1_fyt01/FYT2024_vision-main/install/rm_interfaces/include/rm_interfaces/rm_interfaces/msg/detail/debug_armor__traits.hpp
[0.516s] -- Up-to-date symlink: /home/xwz/1_fyt01/FYT2024_vision-main/install/rm_interfaces/include/rm_interfaces/rm_interfaces/msg/detail/debug_armors__builder.hpp
[0.516s] -- Up-to-date symlink: /home/xwz/1_fyt01/FYT2024_vision-main/install/rm_interfaces/include/rm_interfaces/rm_interfaces/msg/detail/debug_armors__struct.hpp
[0.517s] -- Up-to-date symlink: /home/xwz/1_fyt01/FYT2024_vision-main/install/rm_interfaces/include/rm_interfaces/rm_interfaces/msg/detail/debug_armors__traits.hpp
[0.517s] -- Up-to-date symlink: /home/xwz/1_fyt01/FYT2024_vision-main/install/rm_interfaces/include/rm_interfaces/rm_interfaces/msg/detail/debug_light__builder.hpp
[0.517s] -- Up-to-date symlink: /home/xwz/1_fyt01/FYT2024_vision-main/install/rm_interfaces/include/rm_interfaces/rm_interfaces/msg/detail/debug_light__struct.hpp
[0.517s] -- Up-to-date symlink: /home/xwz/1_fyt01/FYT2024_vision-main/install/rm_interfaces/include/rm_interfaces/rm_interfaces/msg/detail/debug_light__traits.hpp
[0.517s] -- Up-to-date symlink: /home/xwz/1_fyt01/FYT2024_vision-main/install/rm_interfaces/include/rm_interfaces/rm_interfaces/msg/detail/debug_lights__builder.hpp
[0.517s] -- Up-to-date symlink: /home/xwz/1_fyt01/FYT2024_vision-main/install/rm_interfaces/include/rm_interfaces/rm_interfaces/msg/detail/debug_lights__struct.hpp
[0.518s] -- Up-to-date symlink: /home/xwz/1_fyt01/FYT2024_vision-main/install/rm_interfaces/include/rm_interfaces/rm_interfaces/msg/detail/debug_lights__traits.hpp
[0.518s] -- Up-to-date symlink: /home/xwz/1_fyt01/FYT2024_vision-main/install/rm_interfaces/include/rm_interfaces/rm_interfaces/msg/detail/debug_rune_angle__builder.hpp
[0.518s] -- Up-to-date symlink: /home/xwz/1_fyt01/FYT2024_vision-main/install/rm_interfaces/include/rm_interfaces/rm_interfaces/msg/detail/debug_rune_angle__struct.hpp
[0.518s] -- Up-to-date symlink: /home/xwz/1_fyt01/FYT2024_vision-main/install/rm_interfaces/include/rm_interfaces/rm_interfaces/msg/detail/debug_rune_angle__traits.hpp
[0.518s] -- Up-to-date symlink: /home/xwz/1_fyt01/FYT2024_vision-main/install/rm_interfaces/include/rm_interfaces/rm_interfaces/msg/detail/gimbal_cmd__builder.hpp
[0.518s] -- Up-to-date symlink: /home/xwz/1_fyt01/FYT2024_vision-main/install/rm_interfaces/include/rm_interfaces/rm_interfaces/msg/detail/gimbal_cmd__struct.hpp
[0.519s] -- Up-to-date symlink: /home/xwz/1_fyt01/FYT2024_vision-main/install/rm_interfaces/include/rm_interfaces/rm_interfaces/msg/detail/gimbal_cmd__traits.hpp
[0.519s] -- Up-to-date symlink: /home/xwz/1_fyt01/FYT2024_vision-main/install/rm_interfaces/include/rm_interfaces/rm_interfaces/msg/detail/judge_system_data__builder.hpp
[0.519s] -- Up-to-date symlink: /home/xwz/1_fyt01/FYT2024_vision-main/install/rm_interfaces/include/rm_interfaces/rm_interfaces/msg/detail/judge_system_data__struct.hpp
[0.519s] -- Up-to-date symlink: /home/xwz/1_fyt01/FYT2024_vision-main/install/rm_interfaces/include/rm_interfaces/rm_interfaces/msg/detail/judge_system_data__traits.hpp
[0.519s] -- Up-to-date symlink: /home/xwz/1_fyt01/FYT2024_vision-main/install/rm_interfaces/include/rm_interfaces/rm_interfaces/msg/detail/measurement__builder.hpp
[0.519s] -- Up-to-date symlink: /home/xwz/1_fyt01/FYT2024_vision-main/install/rm_interfaces/include/rm_interfaces/rm_interfaces/msg/detail/measurement__struct.hpp
[0.519s] -- Up-to-date symlink: /home/xwz/1_fyt01/FYT2024_vision-main/install/rm_interfaces/include/rm_interfaces/rm_interfaces/msg/detail/measurement__traits.hpp
[0.520s] -- Up-to-date symlink: /home/xwz/1_fyt01/FYT2024_vision-main/install/rm_interfaces/include/rm_interfaces/rm_interfaces/msg/detail/operator_command__builder.hpp
[0.520s] -- Up-to-date symlink: /home/xwz/1_fyt01/FYT2024_vision-main/install/rm_interfaces/include/rm_interfaces/rm_interfaces/msg/detail/operator_command__struct.hpp
[0.520s] -- Up-to-date symlink: /home/xwz/1_fyt01/FYT2024_vision-main/install/rm_interfaces/include/rm_interfaces/rm_interfaces/msg/detail/operator_command__traits.hpp
[0.520s] -- Up-to-date symlink: /home/xwz/1_fyt01/FYT2024_vision-main/install/rm_interfaces/include/rm_interfaces/rm_interfaces/msg/detail/point2d__builder.hpp
[0.520s] -- Up-to-date symlink: /home/xwz/1_fyt01/FYT2024_vision-main/install/rm_interfaces/include/rm_interfaces/rm_interfaces/msg/detail/point2d__struct.hpp
[0.520s] -- Up-to-date symlink: /home/xwz/1_fyt01/FYT2024_vision-main/install/rm_interfaces/include/rm_interfaces/rm_interfaces/msg/detail/point2d__traits.hpp
[0.520s] -- Up-to-date symlink: /home/xwz/1_fyt01/FYT2024_vision-main/install/rm_interfaces/include/rm_interfaces/rm_interfaces/msg/detail/rune_target__builder.hpp
[0.521s] -- Up-to-date symlink: /home/xwz/1_fyt01/FYT2024_vision-main/install/rm_interfaces/include/rm_interfaces/rm_interfaces/msg/detail/rune_target__struct.hpp
[0.521s] -- Up-to-date symlink: /home/xwz/1_fyt01/FYT2024_vision-main/install/rm_interfaces/include/rm_interfaces/rm_interfaces/msg/detail/rune_target__traits.hpp
[0.521s] -- Up-to-date symlink: /home/xwz/1_fyt01/FYT2024_vision-main/install/rm_interfaces/include/rm_interfaces/rm_interfaces/msg/detail/serial_receive_data__builder.hpp
[0.521s] -- Up-to-date symlink: /home/xwz/1_fyt01/FYT2024_vision-main/install/rm_interfaces/include/rm_interfaces/rm_interfaces/msg/detail/serial_receive_data__struct.hpp
[0.521s] -- Up-to-date symlink: /home/xwz/1_fyt01/FYT2024_vision-main/install/rm_interfaces/include/rm_interfaces/rm_interfaces/msg/detail/serial_receive_data__traits.hpp
[0.521s] -- Up-to-date symlink: /home/xwz/1_fyt01/FYT2024_vision-main/install/rm_interfaces/include/rm_interfaces/rm_interfaces/msg/detail/target__builder.hpp
[0.521s] -- Up-to-date symlink: /home/xwz/1_fyt01/FYT2024_vision-main/install/rm_interfaces/include/rm_interfaces/rm_interfaces/msg/detail/target__struct.hpp
[0.522s] -- Up-to-date symlink: /home/xwz/1_fyt01/FYT2024_vision-main/install/rm_interfaces/include/rm_interfaces/rm_interfaces/msg/detail/target__traits.hpp
[0.522s] -- Up-to-date symlink: /home/xwz/1_fyt01/FYT2024_vision-main/install/rm_interfaces/include/rm_interfaces/rm_interfaces/msg/gimbal_cmd.hpp
[0.522s] -- Up-to-date symlink: /home/xwz/1_fyt01/FYT2024_vision-main/install/rm_interfaces/include/rm_interfaces/rm_interfaces/msg/judge_system_data.hpp
[0.522s] -- Up-to-date symlink: /home/xwz/1_fyt01/FYT2024_vision-main/install/rm_interfaces/include/rm_interfaces/rm_interfaces/msg/measurement.hpp
[0.522s] -- Up-to-date symlink: /home/xwz/1_fyt01/FYT2024_vision-main/install/rm_interfaces/include/rm_interfaces/rm_interfaces/msg/operator_command.hpp
[0.522s] -- Up-to-date symlink: /home/xwz/1_fyt01/FYT2024_vision-main/install/rm_interfaces/include/rm_interfaces/rm_interfaces/msg/point2d.hpp
[0.522s] -- Up-to-date symlink: /home/xwz/1_fyt01/FYT2024_vision-main/install/rm_interfaces/include/rm_interfaces/rm_interfaces/msg/rune_target.hpp
[0.523s] -- Up-to-date symlink: /home/xwz/1_fyt01/FYT2024_vision-main/install/rm_interfaces/include/rm_interfaces/rm_interfaces/msg/serial_receive_data.hpp
[0.523s] -- Up-to-date symlink: /home/xwz/1_fyt01/FYT2024_vision-main/install/rm_interfaces/include/rm_interfaces/rm_interfaces/msg/target.hpp
[0.523s] -- Up-to-date symlink: /home/xwz/1_fyt01/FYT2024_vision-main/install/rm_interfaces/include/rm_interfaces/rm_interfaces/srv/detail/set_mode__builder.hpp
[0.523s] -- Up-to-date symlink: /home/xwz/1_fyt01/FYT2024_vision-main/install/rm_interfaces/include/rm_interfaces/rm_interfaces/srv/detail/set_mode__struct.hpp
[0.523s] -- Up-to-date symlink: /home/xwz/1_fyt01/FYT2024_vision-main/install/rm_interfaces/include/rm_interfaces/rm_interfaces/srv/detail/set_mode__traits.hpp
[0.523s] -- Up-to-date symlink: /home/xwz/1_fyt01/FYT2024_vision-main/install/rm_interfaces/include/rm_interfaces/rm_interfaces/srv/set_mode.hpp
[0.525s] -- Up-to-date symlink: /home/xwz/1_fyt01/FYT2024_vision-main/install/rm_interfaces/include/rm_interfaces/rm_interfaces/msg/detail/armor__rosidl_typesupport_fastrtps_cpp.hpp
[0.525s] -- Up-to-date symlink: /home/xwz/1_fyt01/FYT2024_vision-main/install/rm_interfaces/include/rm_interfaces/rm_interfaces/msg/detail/armors__rosidl_typesupport_fastrtps_cpp.hpp
[0.525s] -- Up-to-date symlink: /home/xwz/1_fyt01/FYT2024_vision-main/install/rm_interfaces/include/rm_interfaces/rm_interfaces/msg/detail/chassis_cmd__rosidl_typesupport_fastrtps_cpp.hpp
[0.525s] -- Up-to-date symlink: /home/xwz/1_fyt01/FYT2024_vision-main/install/rm_interfaces/include/rm_interfaces/rm_interfaces/msg/detail/debug_armor__rosidl_typesupport_fastrtps_cpp.hpp
[0.525s] -- Up-to-date symlink: /home/xwz/1_fyt01/FYT2024_vision-main/install/rm_interfaces/include/rm_interfaces/rm_interfaces/msg/detail/debug_armors__rosidl_typesupport_fastrtps_cpp.hpp
[0.525s] -- Up-to-date symlink: /home/xwz/1_fyt01/FYT2024_vision-main/install/rm_interfaces/include/rm_interfaces/rm_interfaces/msg/detail/debug_light__rosidl_typesupport_fastrtps_cpp.hpp
[0.526s] -- Up-to-date symlink: /home/xwz/1_fyt01/FYT2024_vision-main/install/rm_interfaces/include/rm_interfaces/rm_interfaces/msg/detail/debug_lights__rosidl_typesupport_fastrtps_cpp.hpp
[0.526s] -- Up-to-date symlink: /home/xwz/1_fyt01/FYT2024_vision-main/install/rm_interfaces/include/rm_interfaces/rm_interfaces/msg/detail/debug_rune_angle__rosidl_typesupport_fastrtps_cpp.hpp
[0.526s] -- Up-to-date symlink: /home/xwz/1_fyt01/FYT2024_vision-main/install/rm_interfaces/include/rm_interfaces/rm_interfaces/msg/detail/gimbal_cmd__rosidl_typesupport_fastrtps_cpp.hpp
[0.526s] -- Up-to-date symlink: /home/xwz/1_fyt01/FYT2024_vision-main/install/rm_interfaces/include/rm_interfaces/rm_interfaces/msg/detail/judge_system_data__rosidl_typesupport_fastrtps_cpp.hpp
[0.526s] -- Up-to-date symlink: /home/xwz/1_fyt01/FYT2024_vision-main/install/rm_interfaces/include/rm_interfaces/rm_interfaces/msg/detail/measurement__rosidl_typesupport_fastrtps_cpp.hpp
[0.526s] -- Up-to-date symlink: /home/xwz/1_fyt01/FYT2024_vision-main/install/rm_interfaces/include/rm_interfaces/rm_interfaces/msg/detail/operator_command__rosidl_typesupport_fastrtps_cpp.hpp
[0.527s] -- Up-to-date symlink: /home/xwz/1_fyt01/FYT2024_vision-main/install/rm_interfaces/include/rm_interfaces/rm_interfaces/msg/detail/point2d__rosidl_typesupport_fastrtps_cpp.hpp
[0.527s] -- Up-to-date symlink: /home/xwz/1_fyt01/FYT2024_vision-main/install/rm_interfaces/include/rm_interfaces/rm_interfaces/msg/detail/rune_target__rosidl_typesupport_fastrtps_cpp.hpp
[0.527s] -- Up-to-date symlink: /home/xwz/1_fyt01/FYT2024_vision-main/install/rm_interfaces/include/rm_interfaces/rm_interfaces/msg/detail/serial_receive_data__rosidl_typesupport_fastrtps_cpp.hpp
[0.527s] -- Up-to-date symlink: /home/xwz/1_fyt01/FYT2024_vision-main/install/rm_interfaces/include/rm_interfaces/rm_interfaces/msg/detail/target__rosidl_typesupport_fastrtps_cpp.hpp
[0.527s] -- Up-to-date symlink: /home/xwz/1_fyt01/FYT2024_vision-main/install/rm_interfaces/include/rm_interfaces/rm_interfaces/msg/rosidl_typesupport_fastrtps_cpp__visibility_control.h
[0.527s] -- Up-to-date symlink: /home/xwz/1_fyt01/FYT2024_vision-main/install/rm_interfaces/include/rm_interfaces/rm_interfaces/srv/detail/set_mode__rosidl_typesupport_fastrtps_cpp.hpp
[0.528s] -- Up-to-date symlink: /home/xwz/1_fyt01/FYT2024_vision-main/install/rm_interfaces/include/rm_interfaces/rm_interfaces/msg/detail/armor__rosidl_typesupport_introspection_cpp.hpp
[0.528s] -- Up-to-date symlink: /home/xwz/1_fyt01/FYT2024_vision-main/install/rm_interfaces/include/rm_interfaces/rm_interfaces/msg/detail/armors__rosidl_typesupport_introspection_cpp.hpp
[0.528s] -- Up-to-date symlink: /home/xwz/1_fyt01/FYT2024_vision-main/install/rm_interfaces/include/rm_interfaces/rm_interfaces/msg/detail/chassis_cmd__rosidl_typesupport_introspection_cpp.hpp
[0.528s] -- Up-to-date symlink: /home/xwz/1_fyt01/FYT2024_vision-main/install/rm_interfaces/include/rm_interfaces/rm_interfaces/msg/detail/debug_armor__rosidl_typesupport_introspection_cpp.hpp
[0.529s] -- Up-to-date symlink: /home/xwz/1_fyt01/FYT2024_vision-main/install/rm_interfaces/include/rm_interfaces/rm_interfaces/msg/detail/debug_armors__rosidl_typesupport_introspection_cpp.hpp
[0.529s] -- Up-to-date symlink: /home/xwz/1_fyt01/FYT2024_vision-main/install/rm_interfaces/include/rm_interfaces/rm_interfaces/msg/detail/debug_light__rosidl_typesupport_introspection_cpp.hpp
[0.529s] -- Up-to-date symlink: /home/xwz/1_fyt01/FYT2024_vision-main/install/rm_interfaces/include/rm_interfaces/rm_interfaces/msg/detail/debug_lights__rosidl_typesupport_introspection_cpp.hpp
[0.529s] -- Up-to-date symlink: /home/xwz/1_fyt01/FYT2024_vision-main/install/rm_interfaces/include/rm_interfaces/rm_interfaces/msg/detail/debug_rune_angle__rosidl_typesupport_introspection_cpp.hpp
[0.529s] -- Up-to-date symlink: /home/xwz/1_fyt01/FYT2024_vision-main/install/rm_interfaces/include/rm_interfaces/rm_interfaces/msg/detail/gimbal_cmd__rosidl_typesupport_introspection_cpp.hpp
[0.529s] -- Up-to-date symlink: /home/xwz/1_fyt01/FYT2024_vision-main/install/rm_interfaces/include/rm_interfaces/rm_interfaces/msg/detail/judge_system_data__rosidl_typesupport_introspection_cpp.hpp
[0.529s] -- Up-to-date symlink: /home/xwz/1_fyt01/FYT2024_vision-main/install/rm_interfaces/include/rm_interfaces/rm_interfaces/msg/detail/measurement__rosidl_typesupport_introspection_cpp.hpp
[0.530s] -- Up-to-date symlink: /home/xwz/1_fyt01/FYT2024_vision-main/install/rm_interfaces/include/rm_interfaces/rm_interfaces/msg/detail/operator_command__rosidl_typesupport_introspection_cpp.hpp
[0.530s] -- Up-to-date symlink: /home/xwz/1_fyt01/FYT2024_vision-main/install/rm_interfaces/include/rm_interfaces/rm_interfaces/msg/detail/point2d__rosidl_typesupport_introspection_cpp.hpp
[0.530s] -- Up-to-date symlink: /home/xwz/1_fyt01/FYT2024_vision-main/install/rm_interfaces/include/rm_interfaces/rm_interfaces/msg/detail/rune_target__rosidl_typesupport_introspection_cpp.hpp
[0.530s] -- Up-to-date symlink: /home/xwz/1_fyt01/FYT2024_vision-main/install/rm_interfaces/include/rm_interfaces/rm_interfaces/msg/detail/serial_receive_data__rosidl_typesupport_introspection_cpp.hpp
[0.530s] -- Up-to-date symlink: /home/xwz/1_fyt01/FYT2024_vision-main/install/rm_interfaces/include/rm_interfaces/rm_interfaces/msg/detail/target__rosidl_typesupport_introspection_cpp.hpp
[0.530s] -- Up-to-date symlink: /home/xwz/1_fyt01/FYT2024_vision-main/install/rm_interfaces/include/rm_interfaces/rm_interfaces/srv/detail/set_mode__rosidl_typesupport_introspection_cpp.hpp
[0.531s] -- Up-to-date symlink: /home/xwz/1_fyt01/FYT2024_vision-main/install/rm_interfaces/share/rm_interfaces/environment/pythonpath.sh
[0.531s] -- Up-to-date symlink: /home/xwz/1_fyt01/FYT2024_vision-main/install/rm_interfaces/share/rm_interfaces/environment/pythonpath.dsv
[0.532s] -- Up-to-date symlink: /home/xwz/1_fyt01/FYT2024_vision-main/install/rm_interfaces/local/lib/python3.10/dist-packages/rm_interfaces-0.0.0-py3.10.egg-info/PKG-INFO
[0.532s] -- Up-to-date symlink: /home/xwz/1_fyt01/FYT2024_vision-main/install/rm_interfaces/local/lib/python3.10/dist-packages/rm_interfaces-0.0.0-py3.10.egg-info/SOURCES.txt
[0.532s] -- Up-to-date symlink: /home/xwz/1_fyt01/FYT2024_vision-main/install/rm_interfaces/local/lib/python3.10/dist-packages/rm_interfaces-0.0.0-py3.10.egg-info/dependency_links.txt
[0.532s] -- Up-to-date symlink: /home/xwz/1_fyt01/FYT2024_vision-main/install/rm_interfaces/local/lib/python3.10/dist-packages/rm_interfaces-0.0.0-py3.10.egg-info/top_level.txt
[0.533s] -- Up-to-date symlink: /home/xwz/1_fyt01/FYT2024_vision-main/install/rm_interfaces/local/lib/python3.10/dist-packages/rm_interfaces/__init__.py
[0.533s] -- Up-to-date symlink: /home/xwz/1_fyt01/FYT2024_vision-main/install/rm_interfaces/local/lib/python3.10/dist-packages/rm_interfaces/_rm_interfaces_s.ep.rosidl_typesupport_c.c
[0.534s] -- Up-to-date symlink: /home/xwz/1_fyt01/FYT2024_vision-main/install/rm_interfaces/local/lib/python3.10/dist-packages/rm_interfaces/_rm_interfaces_s.ep.rosidl_typesupport_fastrtps_c.c
[0.534s] -- Up-to-date symlink: /home/xwz/1_fyt01/FYT2024_vision-main/install/rm_interfaces/local/lib/python3.10/dist-packages/rm_interfaces/_rm_interfaces_s.ep.rosidl_typesupport_introspection_c.c
[0.534s] -- Up-to-date symlink: /home/xwz/1_fyt01/FYT2024_vision-main/install/rm_interfaces/local/lib/python3.10/dist-packages/rm_interfaces/librm_interfaces__rosidl_generator_py.so
[0.534s] -- Up-to-date symlink: /home/xwz/1_fyt01/FYT2024_vision-main/install/rm_interfaces/local/lib/python3.10/dist-packages/rm_interfaces/msg/__init__.py
[0.534s] -- Up-to-date symlink: /home/xwz/1_fyt01/FYT2024_vision-main/install/rm_interfaces/local/lib/python3.10/dist-packages/rm_interfaces/msg/_armor.py
[0.534s] -- Up-to-date symlink: /home/xwz/1_fyt01/FYT2024_vision-main/install/rm_interfaces/local/lib/python3.10/dist-packages/rm_interfaces/msg/_armor_s.c
[0.534s] -- Up-to-date symlink: /home/xwz/1_fyt01/FYT2024_vision-main/install/rm_interfaces/local/lib/python3.10/dist-packages/rm_interfaces/msg/_armors.py
[0.535s] -- Up-to-date symlink: /home/xwz/1_fyt01/FYT2024_vision-main/install/rm_interfaces/local/lib/python3.10/dist-packages/rm_interfaces/msg/_armors_s.c
[0.535s] -- Up-to-date symlink: /home/xwz/1_fyt01/FYT2024_vision-main/install/rm_interfaces/local/lib/python3.10/dist-packages/rm_interfaces/msg/_chassis_cmd.py
[0.535s] -- Up-to-date symlink: /home/xwz/1_fyt01/FYT2024_vision-main/install/rm_interfaces/local/lib/python3.10/dist-packages/rm_interfaces/msg/_chassis_cmd_s.c
[0.535s] -- Up-to-date symlink: /home/xwz/1_fyt01/FYT2024_vision-main/install/rm_interfaces/local/lib/python3.10/dist-packages/rm_interfaces/msg/_debug_armor.py
[0.535s] -- Up-to-date symlink: /home/xwz/1_fyt01/FYT2024_vision-main/install/rm_interfaces/local/lib/python3.10/dist-packages/rm_interfaces/msg/_debug_armor_s.c
[0.535s] -- Up-to-date symlink: /home/xwz/1_fyt01/FYT2024_vision-main/install/rm_interfaces/local/lib/python3.10/dist-packages/rm_interfaces/msg/_debug_armors.py
[0.535s] -- Up-to-date symlink: /home/xwz/1_fyt01/FYT2024_vision-main/install/rm_interfaces/local/lib/python3.10/dist-packages/rm_interfaces/msg/_debug_armors_s.c
[0.536s] -- Up-to-date symlink: /home/xwz/1_fyt01/FYT2024_vision-main/install/rm_interfaces/local/lib/python3.10/dist-packages/rm_interfaces/msg/_debug_light.py
[0.536s] -- Up-to-date symlink: /home/xwz/1_fyt01/FYT2024_vision-main/install/rm_interfaces/local/lib/python3.10/dist-packages/rm_interfaces/msg/_debug_light_s.c
[0.536s] -- Up-to-date symlink: /home/xwz/1_fyt01/FYT2024_vision-main/install/rm_interfaces/local/lib/python3.10/dist-packages/rm_interfaces/msg/_debug_lights.py
[0.536s] -- Up-to-date symlink: /home/xwz/1_fyt01/FYT2024_vision-main/install/rm_interfaces/local/lib/python3.10/dist-packages/rm_interfaces/msg/_debug_lights_s.c
[0.536s] -- Up-to-date symlink: /home/xwz/1_fyt01/FYT2024_vision-main/install/rm_interfaces/local/lib/python3.10/dist-packages/rm_interfaces/msg/_debug_rune_angle.py
[0.536s] -- Up-to-date symlink: /home/xwz/1_fyt01/FYT2024_vision-main/install/rm_interfaces/local/lib/python3.10/dist-packages/rm_interfaces/msg/_debug_rune_angle_s.c
[0.536s] -- Up-to-date symlink: /home/xwz/1_fyt01/FYT2024_vision-main/install/rm_interfaces/local/lib/python3.10/dist-packages/rm_interfaces/msg/_gimbal_cmd.py
[0.537s] -- Up-to-date symlink: /home/xwz/1_fyt01/FYT2024_vision-main/install/rm_interfaces/local/lib/python3.10/dist-packages/rm_interfaces/msg/_gimbal_cmd_s.c
[0.537s] -- Up-to-date symlink: /home/xwz/1_fyt01/FYT2024_vision-main/install/rm_interfaces/local/lib/python3.10/dist-packages/rm_interfaces/msg/_judge_system_data.py
[0.537s] -- Up-to-date symlink: /home/xwz/1_fyt01/FYT2024_vision-main/install/rm_interfaces/local/lib/python3.10/dist-packages/rm_interfaces/msg/_judge_system_data_s.c
[0.537s] -- Up-to-date symlink: /home/xwz/1_fyt01/FYT2024_vision-main/install/rm_interfaces/local/lib/python3.10/dist-packages/rm_interfaces/msg/_measurement.py
[0.537s] -- Up-to-date symlink: /home/xwz/1_fyt01/FYT2024_vision-main/install/rm_interfaces/local/lib/python3.10/dist-packages/rm_interfaces/msg/_measurement_s.c
[0.537s] -- Up-to-date symlink: /home/xwz/1_fyt01/FYT2024_vision-main/install/rm_interfaces/local/lib/python3.10/dist-packages/rm_interfaces/msg/_operator_command.py
[0.537s] -- Up-to-date symlink: /home/xwz/1_fyt01/FYT2024_vision-main/install/rm_interfaces/local/lib/python3.10/dist-packages/rm_interfaces/msg/_operator_command_s.c
[0.538s] -- Up-to-date symlink: /home/xwz/1_fyt01/FYT2024_vision-main/install/rm_interfaces/local/lib/python3.10/dist-packages/rm_interfaces/msg/_point2d.py
[0.538s] -- Up-to-date symlink: /home/xwz/1_fyt01/FYT2024_vision-main/install/rm_interfaces/local/lib/python3.10/dist-packages/rm_interfaces/msg/_point2d_s.c
[0.538s] -- Up-to-date symlink: /home/xwz/1_fyt01/FYT2024_vision-main/install/rm_interfaces/local/lib/python3.10/dist-packages/rm_interfaces/msg/_rune_target.py
[0.538s] -- Up-to-date symlink: /home/xwz/1_fyt01/FYT2024_vision-main/install/rm_interfaces/local/lib/python3.10/dist-packages/rm_interfaces/msg/_rune_target_s.c
[0.538s] -- Up-to-date symlink: /home/xwz/1_fyt01/FYT2024_vision-main/install/rm_interfaces/local/lib/python3.10/dist-packages/rm_interfaces/msg/_serial_receive_data.py
[0.538s] -- Up-to-date symlink: /home/xwz/1_fyt01/FYT2024_vision-main/install/rm_interfaces/local/lib/python3.10/dist-packages/rm_interfaces/msg/_serial_receive_data_s.c
[0.538s] -- Up-to-date symlink: /home/xwz/1_fyt01/FYT2024_vision-main/install/rm_interfaces/local/lib/python3.10/dist-packages/rm_interfaces/msg/_target.py
[0.539s] -- Up-to-date symlink: /home/xwz/1_fyt01/FYT2024_vision-main/install/rm_interfaces/local/lib/python3.10/dist-packages/rm_interfaces/msg/_target_s.c
[0.539s] -- Up-to-date symlink: /home/xwz/1_fyt01/FYT2024_vision-main/install/rm_interfaces/local/lib/python3.10/dist-packages/rm_interfaces/rm_interfaces_s__rosidl_typesupport_c.cpython-310-x86_64-linux-gnu.so
[0.539s] -- Up-to-date symlink: /home/xwz/1_fyt01/FYT2024_vision-main/install/rm_interfaces/local/lib/python3.10/dist-packages/rm_interfaces/rm_interfaces_s__rosidl_typesupport_fastrtps_c.cpython-310-x86_64-linux-gnu.so
[0.539s] -- Up-to-date symlink: /home/xwz/1_fyt01/FYT2024_vision-main/install/rm_interfaces/local/lib/python3.10/dist-packages/rm_interfaces/rm_interfaces_s__rosidl_typesupport_introspection_c.cpython-310-x86_64-linux-gnu.so
[0.539s] -- Up-to-date symlink: /home/xwz/1_fyt01/FYT2024_vision-main/install/rm_interfaces/local/lib/python3.10/dist-packages/rm_interfaces/srv/__init__.py
[0.539s] -- Up-to-date symlink: /home/xwz/1_fyt01/FYT2024_vision-main/install/rm_interfaces/local/lib/python3.10/dist-packages/rm_interfaces/srv/_set_mode.py
[0.539s] -- Up-to-date symlink: /home/xwz/1_fyt01/FYT2024_vision-main/install/rm_interfaces/local/lib/python3.10/dist-packages/rm_interfaces/srv/_set_mode_s.c
[0.540s] -- Up-to-date symlink: /home/xwz/1_fyt01/FYT2024_vision-main/install/rm_interfaces/local/lib/python3.10/dist-packages/rm_interfaces/rm_interfaces_s__rosidl_typesupport_fastrtps_c.cpython-310-x86_64-linux-gnu.so
[0.540s] -- Up-to-date symlink: /home/xwz/1_fyt01/FYT2024_vision-main/install/rm_interfaces/local/lib/python3.10/dist-packages/rm_interfaces/rm_interfaces_s__rosidl_typesupport_introspection_c.cpython-310-x86_64-linux-gnu.so
[0.541s] -- Up-to-date symlink: /home/xwz/1_fyt01/FYT2024_vision-main/install/rm_interfaces/local/lib/python3.10/dist-packages/rm_interfaces/rm_interfaces_s__rosidl_typesupport_c.cpython-310-x86_64-linux-gnu.so
[0.541s] -- Up-to-date symlink: /home/xwz/1_fyt01/FYT2024_vision-main/install/rm_interfaces/share/rm_interfaces/msg/Armor.idl
[0.541s] -- Up-to-date symlink: /home/xwz/1_fyt01/FYT2024_vision-main/install/rm_interfaces/share/rm_interfaces/msg/Armors.idl
[0.542s] -- Up-to-date symlink: /home/xwz/1_fyt01/FYT2024_vision-main/install/rm_interfaces/share/rm_interfaces/msg/Target.idl
[0.542s] -- Up-to-date symlink: /home/xwz/1_fyt01/FYT2024_vision-main/install/rm_interfaces/share/rm_interfaces/msg/RuneTarget.idl
[0.542s] -- Up-to-date symlink: /home/xwz/1_fyt01/FYT2024_vision-main/install/rm_interfaces/share/rm_interfaces/msg/Point2d.idl
[0.542s] -- Up-to-date symlink: /home/xwz/1_fyt01/FYT2024_vision-main/install/rm_interfaces/share/rm_interfaces/msg/GimbalCmd.idl
[0.543s] -- Up-to-date symlink: /home/xwz/1_fyt01/FYT2024_vision-main/install/rm_interfaces/share/rm_interfaces/msg/ChassisCmd.idl
[0.543s] -- Up-to-date symlink: /home/xwz/1_fyt01/FYT2024_vision-main/install/rm_interfaces/share/rm_interfaces/msg/DebugLight.idl
[0.543s] -- Up-to-date symlink: /home/xwz/1_fyt01/FYT2024_vision-main/install/rm_interfaces/share/rm_interfaces/msg/DebugLights.idl
[0.543s] -- Up-to-date symlink: /home/xwz/1_fyt01/FYT2024_vision-main/install/rm_interfaces/share/rm_interfaces/msg/DebugArmor.idl
[0.544s] -- Up-to-date symlink: /home/xwz/1_fyt01/FYT2024_vision-main/install/rm_interfaces/share/rm_interfaces/msg/DebugArmors.idl
[0.544s] -- Up-to-date symlink: /home/xwz/1_fyt01/FYT2024_vision-main/install/rm_interfaces/share/rm_interfaces/msg/DebugRuneAngle.idl
[0.544s] -- Up-to-date symlink: /home/xwz/1_fyt01/FYT2024_vision-main/install/rm_interfaces/share/rm_interfaces/msg/Measurement.idl
[0.545s] -- Up-to-date symlink: /home/xwz/1_fyt01/FYT2024_vision-main/install/rm_interfaces/share/rm_interfaces/msg/JudgeSystemData.idl
[0.545s] -- Up-to-date symlink: /home/xwz/1_fyt01/FYT2024_vision-main/install/rm_interfaces/share/rm_interfaces/msg/OperatorCommand.idl
[0.545s] -- Up-to-date symlink: /home/xwz/1_fyt01/FYT2024_vision-main/install/rm_interfaces/share/rm_interfaces/msg/SerialReceiveData.idl
[0.545s] -- Up-to-date symlink: /home/xwz/1_fyt01/FYT2024_vision-main/install/rm_interfaces/share/rm_interfaces/srv/SetMode.idl
[0.546s] -- Up-to-date symlink: /home/xwz/1_fyt01/FYT2024_vision-main/install/rm_interfaces/share/rm_interfaces/msg/Armor.msg
[0.546s] -- Up-to-date symlink: /home/xwz/1_fyt01/FYT2024_vision-main/install/rm_interfaces/share/rm_interfaces/msg/Armors.msg
[0.546s] -- Up-to-date symlink: /home/xwz/1_fyt01/FYT2024_vision-main/install/rm_interfaces/share/rm_interfaces/msg/Target.msg
[0.546s] -- Up-to-date symlink: /home/xwz/1_fyt01/FYT2024_vision-main/install/rm_interfaces/share/rm_interfaces/msg/RuneTarget.msg
[0.547s] -- Up-to-date symlink: /home/xwz/1_fyt01/FYT2024_vision-main/install/rm_interfaces/share/rm_interfaces/msg/Point2d.msg
[0.547s] -- Up-to-date symlink: /home/xwz/1_fyt01/FYT2024_vision-main/install/rm_interfaces/share/rm_interfaces/msg/GimbalCmd.msg
[0.547s] -- Up-to-date symlink: /home/xwz/1_fyt01/FYT2024_vision-main/install/rm_interfaces/share/rm_interfaces/msg/ChassisCmd.msg
[0.547s] -- Up-to-date symlink: /home/xwz/1_fyt01/FYT2024_vision-main/install/rm_interfaces/share/rm_interfaces/msg/DebugLight.msg
[0.548s] -- Up-to-date symlink: /home/xwz/1_fyt01/FYT2024_vision-main/install/rm_interfaces/share/rm_interfaces/msg/DebugLights.msg
[0.548s] -- Up-to-date symlink: /home/xwz/1_fyt01/FYT2024_vision-main/install/rm_interfaces/share/rm_interfaces/msg/DebugArmor.msg
[0.548s] -- Up-to-date symlink: /home/xwz/1_fyt01/FYT2024_vision-main/install/rm_interfaces/share/rm_interfaces/msg/DebugArmors.msg
[0.548s] -- Up-to-date symlink: /home/xwz/1_fyt01/FYT2024_vision-main/install/rm_interfaces/share/rm_interfaces/msg/DebugRuneAngle.msg
[0.549s] -- Up-to-date symlink: /home/xwz/1_fyt01/FYT2024_vision-main/install/rm_interfaces/share/rm_interfaces/msg/Measurement.msg
[0.549s] -- Up-to-date symlink: /home/xwz/1_fyt01/FYT2024_vision-main/install/rm_interfaces/share/rm_interfaces/msg/JudgeSystemData.msg
[0.549s] -- Up-to-date symlink: /home/xwz/1_fyt01/FYT2024_vision-main/install/rm_interfaces/share/rm_interfaces/msg/OperatorCommand.msg
[0.549s] -- Up-to-date symlink: /home/xwz/1_fyt01/FYT2024_vision-main/install/rm_interfaces/share/rm_interfaces/msg/SerialReceiveData.msg
[0.550s] -- Up-to-date symlink: /home/xwz/1_fyt01/FYT2024_vision-main/install/rm_interfaces/share/rm_interfaces/srv/SetMode.srv
[0.550s] -- Up-to-date symlink: /home/xwz/1_fyt01/FYT2024_vision-main/install/rm_interfaces/share/rm_interfaces/srv/SetMode_Request.msg
[0.550s] -- Up-to-date symlink: /home/xwz/1_fyt01/FYT2024_vision-main/install/rm_interfaces/share/rm_interfaces/srv/SetMode_Response.msg
[0.551s] -- Up-to-date symlink: /home/xwz/1_fyt01/FYT2024_vision-main/install/rm_interfaces/share/ament_index/resource_index/package_run_dependencies/rm_interfaces
[0.551s] -- Up-to-date symlink: /home/xwz/1_fyt01/FYT2024_vision-main/install/rm_interfaces/share/ament_index/resource_index/parent_prefix_path/rm_interfaces
[0.551s] -- Up-to-date symlink: /home/xwz/1_fyt01/FYT2024_vision-main/install/rm_interfaces/share/rm_interfaces/environment/ament_prefix_path.sh
[0.551s] -- Up-to-date symlink: /home/xwz/1_fyt01/FYT2024_vision-main/install/rm_interfaces/share/rm_interfaces/environment/ament_prefix_path.dsv
[0.552s] -- Up-to-date symlink: /home/xwz/1_fyt01/FYT2024_vision-main/install/rm_interfaces/share/rm_interfaces/environment/path.sh
[0.552s] -- Up-to-date symlink: /home/xwz/1_fyt01/FYT2024_vision-main/install/rm_interfaces/share/rm_interfaces/environment/path.dsv
[0.552s] -- Up-to-date symlink: /home/xwz/1_fyt01/FYT2024_vision-main/install/rm_interfaces/share/rm_interfaces/local_setup.bash
[0.552s] -- Up-to-date symlink: /home/xwz/1_fyt01/FYT2024_vision-main/install/rm_interfaces/share/rm_interfaces/local_setup.sh
[0.553s] -- Up-to-date symlink: /home/xwz/1_fyt01/FYT2024_vision-main/install/rm_interfaces/share/rm_interfaces/local_setup.zsh
[0.553s] -- Up-to-date symlink: /home/xwz/1_fyt01/FYT2024_vision-main/install/rm_interfaces/share/rm_interfaces/local_setup.dsv
[0.553s] -- Symlinking: /home/xwz/1_fyt01/FYT2024_vision-main/install/rm_interfaces/share/rm_interfaces/package.dsv
[0.558s] -- Up-to-date symlink: /home/xwz/1_fyt01/FYT2024_vision-main/install/rm_interfaces/share/ament_index/resource_index/packages/rm_interfaces
[0.558s] -- Up-to-date symlink: /home/xwz/1_fyt01/FYT2024_vision-main/install/rm_interfaces/share/rm_interfaces/cmake/rosidl_cmake-extras.cmake
[0.558s] -- Up-to-date symlink: /home/xwz/1_fyt01/FYT2024_vision-main/install/rm_interfaces/share/rm_interfaces/cmake/ament_cmake_export_dependencies-extras.cmake
[0.559s] -- Up-to-date symlink: /home/xwz/1_fyt01/FYT2024_vision-main/install/rm_interfaces/share/rm_interfaces/cmake/ament_cmake_export_include_directories-extras.cmake
[0.559s] -- Up-to-date symlink: /home/xwz/1_fyt01/FYT2024_vision-main/install/rm_interfaces/share/rm_interfaces/cmake/ament_cmake_export_libraries-extras.cmake
[0.559s] -- Up-to-date symlink: /home/xwz/1_fyt01/FYT2024_vision-main/install/rm_interfaces/share/rm_interfaces/cmake/ament_cmake_export_targets-extras.cmake
[0.560s] -- Up-to-date symlink: /home/xwz/1_fyt01/FYT2024_vision-main/install/rm_interfaces/share/rm_interfaces/cmake/rosidl_cmake_export_typesupport_targets-extras.cmake
[0.560s] -- Up-to-date symlink: /home/xwz/1_fyt01/FYT2024_vision-main/install/rm_interfaces/share/rm_interfaces/cmake/rosidl_cmake_export_typesupport_libraries-extras.cmake
[0.560s] -- Up-to-date symlink: /home/xwz/1_fyt01/FYT2024_vision-main/install/rm_interfaces/share/rm_interfaces/cmake/rm_interfacesConfig.cmake
[0.560s] -- Up-to-date symlink: /home/xwz/1_fyt01/FYT2024_vision-main/install/rm_interfaces/share/rm_interfaces/cmake/rm_interfacesConfig-version.cmake
[0.560s] -- Up-to-date symlink: /home/xwz/1_fyt01/FYT2024_vision-main/install/rm_interfaces/share/rm_interfaces/package.xml
[0.561s] -- Up-to-date: /home/xwz/1_fyt01/FYT2024_vision-main/install/rm_interfaces/lib/librm_interfaces__rosidl_generator_c.so
[0.561s] -- Up-to-date: /home/xwz/1_fyt01/FYT2024_vision-main/install/rm_interfaces/lib/librm_interfaces__rosidl_typesupport_fastrtps_c.so
[0.561s] -- Up-to-date: /home/xwz/1_fyt01/FYT2024_vision-main/install/rm_interfaces/lib/librm_interfaces__rosidl_typesupport_introspection_c.so
[0.561s] -- Up-to-date: /home/xwz/1_fyt01/FYT2024_vision-main/install/rm_interfaces/lib/librm_interfaces__rosidl_typesupport_c.so
[0.562s] -- Up-to-date: /home/xwz/1_fyt01/FYT2024_vision-main/install/rm_interfaces/lib/librm_interfaces__rosidl_typesupport_fastrtps_cpp.so
[0.562s] -- Up-to-date: /home/xwz/1_fyt01/FYT2024_vision-main/install/rm_interfaces/lib/librm_interfaces__rosidl_typesupport_introspection_cpp.so
[0.562s] -- Up-to-date: /home/xwz/1_fyt01/FYT2024_vision-main/install/rm_interfaces/lib/librm_interfaces__rosidl_typesupport_cpp.so
[0.583s] Listing '/home/xwz/1_fyt01/FYT2024_vision-main/install/rm_interfaces/local/lib/python3.10/dist-packages/rm_interfaces'...
[0.583s] Listing '/home/xwz/1_fyt01/FYT2024_vision-main/install/rm_interfaces/local/lib/python3.10/dist-packages/rm_interfaces/msg'...
[0.583s] Listing '/home/xwz/1_fyt01/FYT2024_vision-main/install/rm_interfaces/local/lib/python3.10/dist-packages/rm_interfaces/srv'...
[0.586s] -- Up-to-date: /home/xwz/1_fyt01/FYT2024_vision-main/install/rm_interfaces/lib/librm_interfaces__rosidl_generator_py.so
[0.586s] -- Up-to-date: /home/xwz/1_fyt01/FYT2024_vision-main/install/rm_interfaces/share/rm_interfaces/cmake/export_rm_interfaces__rosidl_generator_cExport.cmake
[0.586s] -- Up-to-date: /home/xwz/1_fyt01/FYT2024_vision-main/install/rm_interfaces/share/rm_interfaces/cmake/export_rm_interfaces__rosidl_generator_cExport-noconfig.cmake
[0.586s] -- Up-to-date: /home/xwz/1_fyt01/FYT2024_vision-main/install/rm_interfaces/share/rm_interfaces/cmake/export_rm_interfaces__rosidl_typesupport_fastrtps_cExport.cmake
[0.586s] -- Up-to-date: /home/xwz/1_fyt01/FYT2024_vision-main/install/rm_interfaces/share/rm_interfaces/cmake/export_rm_interfaces__rosidl_typesupport_fastrtps_cExport-noconfig.cmake
[0.586s] -- Up-to-date: /home/xwz/1_fyt01/FYT2024_vision-main/install/rm_interfaces/share/rm_interfaces/cmake/rm_interfaces__rosidl_typesupport_introspection_cExport.cmake
[0.586s] -- Up-to-date: /home/xwz/1_fyt01/FYT2024_vision-main/install/rm_interfaces/share/rm_interfaces/cmake/rm_interfaces__rosidl_typesupport_introspection_cExport-noconfig.cmake
[0.586s] -- Up-to-date: /home/xwz/1_fyt01/FYT2024_vision-main/install/rm_interfaces/share/rm_interfaces/cmake/rm_interfaces__rosidl_typesupport_cExport.cmake
[0.586s] -- Up-to-date: /home/xwz/1_fyt01/FYT2024_vision-main/install/rm_interfaces/share/rm_interfaces/cmake/rm_interfaces__rosidl_typesupport_cExport-noconfig.cmake
[0.586s] -- Up-to-date: /home/xwz/1_fyt01/FYT2024_vision-main/install/rm_interfaces/share/rm_interfaces/cmake/export_rm_interfaces__rosidl_generator_cppExport.cmake
[0.586s] -- Up-to-date: /home/xwz/1_fyt01/FYT2024_vision-main/install/rm_interfaces/share/rm_interfaces/cmake/export_rm_interfaces__rosidl_typesupport_fastrtps_cppExport.cmake
[0.587s] -- Up-to-date: /home/xwz/1_fyt01/FYT2024_vision-main/install/rm_interfaces/share/rm_interfaces/cmake/export_rm_interfaces__rosidl_typesupport_fastrtps_cppExport-noconfig.cmake
[0.587s] -- Up-to-date: /home/xwz/1_fyt01/FYT2024_vision-main/install/rm_interfaces/share/rm_interfaces/cmake/rm_interfaces__rosidl_typesupport_introspection_cppExport.cmake
[0.587s] -- Up-to-date: /home/xwz/1_fyt01/FYT2024_vision-main/install/rm_interfaces/share/rm_interfaces/cmake/rm_interfaces__rosidl_typesupport_introspection_cppExport-noconfig.cmake
[0.587s] -- Up-to-date: /home/xwz/1_fyt01/FYT2024_vision-main/install/rm_interfaces/share/rm_interfaces/cmake/rm_interfaces__rosidl_typesupport_cppExport.cmake
[0.587s] -- Up-to-date: /home/xwz/1_fyt01/FYT2024_vision-main/install/rm_interfaces/share/rm_interfaces/cmake/rm_interfaces__rosidl_typesupport_cppExport-noconfig.cmake
[0.587s] -- Up-to-date: /home/xwz/1_fyt01/FYT2024_vision-main/install/rm_interfaces/share/rm_interfaces/cmake/export_rm_interfaces__rosidl_generator_pyExport.cmake
[0.587s] -- Up-to-date: /home/xwz/1_fyt01/FYT2024_vision-main/install/rm_interfaces/share/rm_interfaces/cmake/export_rm_interfaces__rosidl_generator_pyExport-noconfig.cmake
[0.589s] Invoked command in '/home/xwz/1_fyt01/FYT2024_vision-main/build/rm_interfaces' returned '0': CMAKE_PREFIX_PATH=/opt/ros/humble /usr/local/bin/cmake --install /home/xwz/1_fyt01/FYT2024_vision-main/build/rm_interfaces
