[0.012s] Invoking command in '/home/xwz/1_fyt01/FYT2024_vision-main/build/rm_auto_aim': AMENT_PREFIX_PATH=/home/xwz/1_fyt01/FYT2024_vision-main/install/armor_solver:/home/xwz/1_fyt01/FYT2024_vision-main/install/armor_detector:/home/xwz/1_fyt01/FYT2024_vision-main/install/rm_utils:/home/xwz/1_fyt01/FYT2024_vision-main/install/rm_interfaces:${AMENT_PREFIX_PATH} CMAKE_PREFIX_PATH=/home/xwz/1_fyt01/FYT2024_vision-main/install/armor_solver:/home/xwz/1_fyt01/FYT2024_vision-main/install/armor_detector:/home/xwz/1_fyt01/FYT2024_vision-main/install/rm_utils:/home/xwz/1_fyt01/FYT2024_vision-main/install/rm_interfaces:/opt/ros/humble LD_LIBRARY_PATH=/home/xwz/1_fyt01/FYT2024_vision-main/install/armor_solver/lib:/home/xwz/1_fyt01/FYT2024_vision-main/install/armor_detector/lib:/home/xwz/1_fyt01/FYT2024_vision-main/install/rm_utils/lib:/home/xwz/1_fyt01/FYT2024_vision-main/install/rm_interfaces/lib:/opt/ros/humble/opt/rviz_ogre_vendor/lib:/opt/ros/humble/lib/x86_64-linux-gnu:/opt/ros/humble/lib:/opt/intel/openvino_2022.3.2/runtime/3rdparty/hddl/lib:/opt/intel/openvino_2022.3.2/runtime/lib/intel64:/usr/local/opencv4.6.0/lib PYTHONPATH=/home/xwz/1_fyt01/FYT2024_vision-main/install/rm_interfaces/local/lib/python3.10/dist-packages:${PYTHONPATH} /usr/local/bin/cmake /home/xwz/1_fyt01/FYT2024_vision-main/src/rm_auto_aim/rm_auto_aim -DAMENT_CMAKE_SYMLINK_INSTALL=1 -DCMAKE_INSTALL_PREFIX=/home/xwz/1_fyt01/FYT2024_vision-main/install/rm_auto_aim
[0.085s] -- The C compiler identification is GNU 11.4.0
[0.173s] -- The CXX compiler identification is GNU 11.4.0
[0.195s] -- Detecting C compiler ABI info
[0.258s] -- Detecting C compiler ABI info - done
[0.302s] -- Check for working C compiler: /usr/bin/cc - skipped
[0.303s] -- Detecting C compile features
[0.305s] -- Detecting C compile features - done
[0.320s] -- Detecting CXX compiler ABI info
[0.397s] -- Detecting CXX compiler ABI info - done
[0.449s] -- Check for working CXX compiler: /usr/bin/c++ - skipped
[0.450s] -- Detecting CXX compile features
[0.453s] -- Detecting CXX compile features - done
[0.457s] -- Found ament_cmake_auto: 1.3.10 (/opt/ros/humble/share/ament_cmake_auto/cmake)
[0.577s] -- Found Python3: /usr/bin/python3 (found version "3.10.12") found components: Interpreter
[0.617s] -- Override CMake install command with custom implementation using symlinks instead of copying resources
[0.648s] -- Found ament_lint_auto: 0.12.11 (/opt/ros/humble/share/ament_lint_auto/cmake)
[0.756s] -- Added test 'lint_cmake' to check CMake code style
[0.759s] -- Added test 'xmllint' to check XML markup files
[0.764s] -- Configuring done (0.7s)
[0.770s] -- Generating done (0.0s)
[0.770s] -- Build files have been written to: /home/xwz/1_fyt01/FYT2024_vision-main/build/rm_auto_aim
[0.776s] Invoked command in '/home/xwz/1_fyt01/FYT2024_vision-main/build/rm_auto_aim' returned '0': AMENT_PREFIX_PATH=/home/xwz/1_fyt01/FYT2024_vision-main/install/armor_solver:/home/xwz/1_fyt01/FYT2024_vision-main/install/armor_detector:/home/xwz/1_fyt01/FYT2024_vision-main/install/rm_utils:/home/xwz/1_fyt01/FYT2024_vision-main/install/rm_interfaces:${AMENT_PREFIX_PATH} CMAKE_PREFIX_PATH=/home/xwz/1_fyt01/FYT2024_vision-main/install/armor_solver:/home/xwz/1_fyt01/FYT2024_vision-main/install/armor_detector:/home/xwz/1_fyt01/FYT2024_vision-main/install/rm_utils:/home/xwz/1_fyt01/FYT2024_vision-main/install/rm_interfaces:/opt/ros/humble LD_LIBRARY_PATH=/home/xwz/1_fyt01/FYT2024_vision-main/install/armor_solver/lib:/home/xwz/1_fyt01/FYT2024_vision-main/install/armor_detector/lib:/home/xwz/1_fyt01/FYT2024_vision-main/install/rm_utils/lib:/home/xwz/1_fyt01/FYT2024_vision-main/install/rm_interfaces/lib:/opt/ros/humble/opt/rviz_ogre_vendor/lib:/opt/ros/humble/lib/x86_64-linux-gnu:/opt/ros/humble/lib:/opt/intel/openvino_2022.3.2/runtime/3rdparty/hddl/lib:/opt/intel/openvino_2022.3.2/runtime/lib/intel64:/usr/local/opencv4.6.0/lib PYTHONPATH=/home/xwz/1_fyt01/FYT2024_vision-main/install/rm_interfaces/local/lib/python3.10/dist-packages:${PYTHONPATH} /usr/local/bin/cmake /home/xwz/1_fyt01/FYT2024_vision-main/src/rm_auto_aim/rm_auto_aim -DAMENT_CMAKE_SYMLINK_INSTALL=1 -DCMAKE_INSTALL_PREFIX=/home/xwz/1_fyt01/FYT2024_vision-main/install/rm_auto_aim
[0.778s] Invoking command in '/home/xwz/1_fyt01/FYT2024_vision-main/build/rm_auto_aim': AMENT_PREFIX_PATH=/home/xwz/1_fyt01/FYT2024_vision-main/install/armor_solver:/home/xwz/1_fyt01/FYT2024_vision-main/install/armor_detector:/home/xwz/1_fyt01/FYT2024_vision-main/install/rm_utils:/home/xwz/1_fyt01/FYT2024_vision-main/install/rm_interfaces:${AMENT_PREFIX_PATH} CMAKE_PREFIX_PATH=/home/xwz/1_fyt01/FYT2024_vision-main/install/armor_solver:/home/xwz/1_fyt01/FYT2024_vision-main/install/armor_detector:/home/xwz/1_fyt01/FYT2024_vision-main/install/rm_utils:/home/xwz/1_fyt01/FYT2024_vision-main/install/rm_interfaces:/opt/ros/humble LD_LIBRARY_PATH=/home/xwz/1_fyt01/FYT2024_vision-main/install/armor_solver/lib:/home/xwz/1_fyt01/FYT2024_vision-main/install/armor_detector/lib:/home/xwz/1_fyt01/FYT2024_vision-main/install/rm_utils/lib:/home/xwz/1_fyt01/FYT2024_vision-main/install/rm_interfaces/lib:/opt/ros/humble/opt/rviz_ogre_vendor/lib:/opt/ros/humble/lib/x86_64-linux-gnu:/opt/ros/humble/lib:/opt/intel/openvino_2022.3.2/runtime/3rdparty/hddl/lib:/opt/intel/openvino_2022.3.2/runtime/lib/intel64:/usr/local/opencv4.6.0/lib PYTHONPATH=/home/xwz/1_fyt01/FYT2024_vision-main/install/rm_interfaces/local/lib/python3.10/dist-packages:${PYTHONPATH} /usr/local/bin/cmake --build /home/xwz/1_fyt01/FYT2024_vision-main/build/rm_auto_aim -- -j20 -l20
[0.800s] Invoked command in '/home/xwz/1_fyt01/FYT2024_vision-main/build/rm_auto_aim' returned '0': AMENT_PREFIX_PATH=/home/xwz/1_fyt01/FYT2024_vision-main/install/armor_solver:/home/xwz/1_fyt01/FYT2024_vision-main/install/armor_detector:/home/xwz/1_fyt01/FYT2024_vision-main/install/rm_utils:/home/xwz/1_fyt01/FYT2024_vision-main/install/rm_interfaces:${AMENT_PREFIX_PATH} CMAKE_PREFIX_PATH=/home/xwz/1_fyt01/FYT2024_vision-main/install/armor_solver:/home/xwz/1_fyt01/FYT2024_vision-main/install/armor_detector:/home/xwz/1_fyt01/FYT2024_vision-main/install/rm_utils:/home/xwz/1_fyt01/FYT2024_vision-main/install/rm_interfaces:/opt/ros/humble LD_LIBRARY_PATH=/home/xwz/1_fyt01/FYT2024_vision-main/install/armor_solver/lib:/home/xwz/1_fyt01/FYT2024_vision-main/install/armor_detector/lib:/home/xwz/1_fyt01/FYT2024_vision-main/install/rm_utils/lib:/home/xwz/1_fyt01/FYT2024_vision-main/install/rm_interfaces/lib:/opt/ros/humble/opt/rviz_ogre_vendor/lib:/opt/ros/humble/lib/x86_64-linux-gnu:/opt/ros/humble/lib:/opt/intel/openvino_2022.3.2/runtime/3rdparty/hddl/lib:/opt/intel/openvino_2022.3.2/runtime/lib/intel64:/usr/local/opencv4.6.0/lib PYTHONPATH=/home/xwz/1_fyt01/FYT2024_vision-main/install/rm_interfaces/local/lib/python3.10/dist-packages:${PYTHONPATH} /usr/local/bin/cmake --build /home/xwz/1_fyt01/FYT2024_vision-main/build/rm_auto_aim -- -j20 -l20
[0.816s] Invoking command in '/home/xwz/1_fyt01/FYT2024_vision-main/build/rm_auto_aim': AMENT_PREFIX_PATH=/home/xwz/1_fyt01/FYT2024_vision-main/install/armor_solver:/home/xwz/1_fyt01/FYT2024_vision-main/install/armor_detector:/home/xwz/1_fyt01/FYT2024_vision-main/install/rm_utils:/home/xwz/1_fyt01/FYT2024_vision-main/install/rm_interfaces:${AMENT_PREFIX_PATH} CMAKE_PREFIX_PATH=/home/xwz/1_fyt01/FYT2024_vision-main/install/armor_solver:/home/xwz/1_fyt01/FYT2024_vision-main/install/armor_detector:/home/xwz/1_fyt01/FYT2024_vision-main/install/rm_utils:/home/xwz/1_fyt01/FYT2024_vision-main/install/rm_interfaces:/opt/ros/humble LD_LIBRARY_PATH=/home/xwz/1_fyt01/FYT2024_vision-main/install/armor_solver/lib:/home/xwz/1_fyt01/FYT2024_vision-main/install/armor_detector/lib:/home/xwz/1_fyt01/FYT2024_vision-main/install/rm_utils/lib:/home/xwz/1_fyt01/FYT2024_vision-main/install/rm_interfaces/lib:/opt/ros/humble/opt/rviz_ogre_vendor/lib:/opt/ros/humble/lib/x86_64-linux-gnu:/opt/ros/humble/lib:/opt/intel/openvino_2022.3.2/runtime/3rdparty/hddl/lib:/opt/intel/openvino_2022.3.2/runtime/lib/intel64:/usr/local/opencv4.6.0/lib PYTHONPATH=/home/xwz/1_fyt01/FYT2024_vision-main/install/rm_interfaces/local/lib/python3.10/dist-packages:${PYTHONPATH} /usr/local/bin/cmake --install /home/xwz/1_fyt01/FYT2024_vision-main/build/rm_auto_aim
[0.820s] -- Install configuration: ""
[0.821s] -- Execute custom install script
[0.823s] -- Symlinking: /home/xwz/1_fyt01/FYT2024_vision-main/install/rm_auto_aim/share/ament_index/resource_index/package_run_dependencies/rm_auto_aim
[0.828s] -- Symlinking: /home/xwz/1_fyt01/FYT2024_vision-main/install/rm_auto_aim/share/ament_index/resource_index/parent_prefix_path/rm_auto_aim
[0.833s] -- Symlinking: /home/xwz/1_fyt01/FYT2024_vision-main/install/rm_auto_aim/share/rm_auto_aim/environment/ament_prefix_path.sh
[0.838s] -- Symlinking: /home/xwz/1_fyt01/FYT2024_vision-main/install/rm_auto_aim/share/rm_auto_aim/environment/ament_prefix_path.dsv
[0.843s] -- Symlinking: /home/xwz/1_fyt01/FYT2024_vision-main/install/rm_auto_aim/share/rm_auto_aim/environment/path.sh
[0.847s] -- Symlinking: /home/xwz/1_fyt01/FYT2024_vision-main/install/rm_auto_aim/share/rm_auto_aim/environment/path.dsv
[0.852s] -- Symlinking: /home/xwz/1_fyt01/FYT2024_vision-main/install/rm_auto_aim/share/rm_auto_aim/local_setup.bash
[0.857s] -- Symlinking: /home/xwz/1_fyt01/FYT2024_vision-main/install/rm_auto_aim/share/rm_auto_aim/local_setup.sh
[0.862s] -- Symlinking: /home/xwz/1_fyt01/FYT2024_vision-main/install/rm_auto_aim/share/rm_auto_aim/local_setup.zsh
[0.867s] -- Symlinking: /home/xwz/1_fyt01/FYT2024_vision-main/install/rm_auto_aim/share/rm_auto_aim/local_setup.dsv
[0.871s] -- Symlinking: /home/xwz/1_fyt01/FYT2024_vision-main/install/rm_auto_aim/share/rm_auto_aim/package.dsv
[0.876s] -- Symlinking: /home/xwz/1_fyt01/FYT2024_vision-main/install/rm_auto_aim/share/ament_index/resource_index/packages/rm_auto_aim
[0.882s] -- Symlinking: /home/xwz/1_fyt01/FYT2024_vision-main/install/rm_auto_aim/share/rm_auto_aim/cmake/rm_auto_aimConfig.cmake
[0.886s] -- Symlinking: /home/xwz/1_fyt01/FYT2024_vision-main/install/rm_auto_aim/share/rm_auto_aim/cmake/rm_auto_aimConfig-version.cmake
[0.891s] -- Symlinking: /home/xwz/1_fyt01/FYT2024_vision-main/install/rm_auto_aim/share/rm_auto_aim/package.xml
[0.897s] Invoked command in '/home/xwz/1_fyt01/FYT2024_vision-main/build/rm_auto_aim' returned '0': AMENT_PREFIX_PATH=/home/xwz/1_fyt01/FYT2024_vision-main/install/armor_solver:/home/xwz/1_fyt01/FYT2024_vision-main/install/armor_detector:/home/xwz/1_fyt01/FYT2024_vision-main/install/rm_utils:/home/xwz/1_fyt01/FYT2024_vision-main/install/rm_interfaces:${AMENT_PREFIX_PATH} CMAKE_PREFIX_PATH=/home/xwz/1_fyt01/FYT2024_vision-main/install/armor_solver:/home/xwz/1_fyt01/FYT2024_vision-main/install/armor_detector:/home/xwz/1_fyt01/FYT2024_vision-main/install/rm_utils:/home/xwz/1_fyt01/FYT2024_vision-main/install/rm_interfaces:/opt/ros/humble LD_LIBRARY_PATH=/home/xwz/1_fyt01/FYT2024_vision-main/install/armor_solver/lib:/home/xwz/1_fyt01/FYT2024_vision-main/install/armor_detector/lib:/home/xwz/1_fyt01/FYT2024_vision-main/install/rm_utils/lib:/home/xwz/1_fyt01/FYT2024_vision-main/install/rm_interfaces/lib:/opt/ros/humble/opt/rviz_ogre_vendor/lib:/opt/ros/humble/lib/x86_64-linux-gnu:/opt/ros/humble/lib:/opt/intel/openvino_2022.3.2/runtime/3rdparty/hddl/lib:/opt/intel/openvino_2022.3.2/runtime/lib/intel64:/usr/local/opencv4.6.0/lib PYTHONPATH=/home/xwz/1_fyt01/FYT2024_vision-main/install/rm_interfaces/local/lib/python3.10/dist-packages:${PYTHONPATH} /usr/local/bin/cmake --install /home/xwz/1_fyt01/FYT2024_vision-main/build/rm_auto_aim
