[0.006s] Invoking command in '/home/xwz/1_fyt01/FYT2024_vision-main/build/rm_robot_description': CMAKE_PREFIX_PATH=/opt/ros/humble /usr/local/bin/cmake /home/xwz/1_fyt01/FYT2024_vision-main/src/rm_robot_description -DAMENT_CMAKE_SYMLINK_INSTALL=1 -DCMAKE_INSTALL_PREFIX=/home/xwz/1_fyt01/FYT2024_vision-main/install/rm_robot_description
[0.053s] -- The C compiler identification is GNU 11.4.0
[0.106s] -- The CXX compiler identification is GNU 11.4.0
[0.123s] -- Detecting C compiler ABI info
[0.176s] -- Detecting C compiler ABI info - done
[0.217s] -- Check for working C compiler: /usr/bin/cc - skipped
[0.217s] -- Detecting C compile features
[0.219s] -- Detecting C compile features - done
[0.227s] -- Detecting CXX compiler ABI info
[0.288s] -- Detecting CXX compiler ABI info - done
[0.328s] -- Check for working CXX compiler: /usr/bin/c++ - skipped
[0.329s] -- Detecting CXX compile features
[0.331s] -- Detecting CXX compile features - done
[0.332s] -- Found ament_cmake: 1.3.10 (/opt/ros/humble/share/ament_cmake/cmake)
[0.430s] -- Found Python3: /usr/bin/python3 (found version "3.10.12") found components: Interpreter
[0.468s] -- Override CMake install command with custom implementation using symlinks instead of copying resources
[0.492s] -- Found ament_lint_auto: 0.12.11 (/opt/ros/humble/share/ament_lint_auto/cmake)
[0.548s] -- Added test 'lint_cmake' to check CMake code style
[0.550s] -- Added test 'xmllint' to check XML markup files
[0.552s] -- Configuring done (0.5s)
[0.555s] -- Generating done (0.0s)
[0.555s] -- Build files have been written to: /home/xwz/1_fyt01/FYT2024_vision-main/build/rm_robot_description
[0.560s] Invoked command in '/home/xwz/1_fyt01/FYT2024_vision-main/build/rm_robot_description' returned '0': CMAKE_PREFIX_PATH=/opt/ros/humble /usr/local/bin/cmake /home/xwz/1_fyt01/FYT2024_vision-main/src/rm_robot_description -DAMENT_CMAKE_SYMLINK_INSTALL=1 -DCMAKE_INSTALL_PREFIX=/home/xwz/1_fyt01/FYT2024_vision-main/install/rm_robot_description
[0.560s] Invoking command in '/home/xwz/1_fyt01/FYT2024_vision-main/build/rm_robot_description': CMAKE_PREFIX_PATH=/opt/ros/humble /usr/local/bin/cmake --build /home/xwz/1_fyt01/FYT2024_vision-main/build/rm_robot_description -- -j20 -l20
[0.577s] Invoked command in '/home/xwz/1_fyt01/FYT2024_vision-main/build/rm_robot_description' returned '0': CMAKE_PREFIX_PATH=/opt/ros/humble /usr/local/bin/cmake --build /home/xwz/1_fyt01/FYT2024_vision-main/build/rm_robot_description -- -j20 -l20
[0.594s] Invoking command in '/home/xwz/1_fyt01/FYT2024_vision-main/build/rm_robot_description': CMAKE_PREFIX_PATH=/opt/ros/humble /usr/local/bin/cmake --install /home/xwz/1_fyt01/FYT2024_vision-main/build/rm_robot_description
[0.597s] -- Install configuration: ""
[0.599s] -- Execute custom install script
[0.600s] -- Symlinking: /home/xwz/1_fyt01/FYT2024_vision-main/install/rm_robot_description/share/rm_robot_description/urdf/rm_gimbal.urdf.xacro
[0.603s] -- Symlinking: /home/xwz/1_fyt01/FYT2024_vision-main/install/rm_robot_description/share/rm_robot_description/urdf/sentry.urdf.xacro
[0.607s] -- Symlinking: /home/xwz/1_fyt01/FYT2024_vision-main/install/rm_robot_description/share/ament_index/resource_index/package_run_dependencies/rm_robot_description
[0.610s] -- Symlinking: /home/xwz/1_fyt01/FYT2024_vision-main/install/rm_robot_description/share/ament_index/resource_index/parent_prefix_path/rm_robot_description
[0.613s] -- Symlinking: /home/xwz/1_fyt01/FYT2024_vision-main/install/rm_robot_description/share/rm_robot_description/environment/ament_prefix_path.sh
[0.617s] -- Symlinking: /home/xwz/1_fyt01/FYT2024_vision-main/install/rm_robot_description/share/rm_robot_description/environment/ament_prefix_path.dsv
[0.621s] -- Symlinking: /home/xwz/1_fyt01/FYT2024_vision-main/install/rm_robot_description/share/rm_robot_description/environment/path.sh
[0.624s] -- Symlinking: /home/xwz/1_fyt01/FYT2024_vision-main/install/rm_robot_description/share/rm_robot_description/environment/path.dsv
[0.628s] -- Symlinking: /home/xwz/1_fyt01/FYT2024_vision-main/install/rm_robot_description/share/rm_robot_description/local_setup.bash
[0.632s] -- Symlinking: /home/xwz/1_fyt01/FYT2024_vision-main/install/rm_robot_description/share/rm_robot_description/local_setup.sh
[0.635s] -- Symlinking: /home/xwz/1_fyt01/FYT2024_vision-main/install/rm_robot_description/share/rm_robot_description/local_setup.zsh
[0.639s] -- Symlinking: /home/xwz/1_fyt01/FYT2024_vision-main/install/rm_robot_description/share/rm_robot_description/local_setup.dsv
[0.642s] -- Symlinking: /home/xwz/1_fyt01/FYT2024_vision-main/install/rm_robot_description/share/rm_robot_description/package.dsv
[0.646s] -- Symlinking: /home/xwz/1_fyt01/FYT2024_vision-main/install/rm_robot_description/share/ament_index/resource_index/packages/rm_robot_description
[0.649s] -- Symlinking: /home/xwz/1_fyt01/FYT2024_vision-main/install/rm_robot_description/share/rm_robot_description/cmake/rm_robot_descriptionConfig.cmake
[0.652s] -- Symlinking: /home/xwz/1_fyt01/FYT2024_vision-main/install/rm_robot_description/share/rm_robot_description/cmake/rm_robot_descriptionConfig-version.cmake
[0.656s] -- Symlinking: /home/xwz/1_fyt01/FYT2024_vision-main/install/rm_robot_description/share/rm_robot_description/package.xml
[0.660s] Invoked command in '/home/xwz/1_fyt01/FYT2024_vision-main/build/rm_robot_description' returned '0': CMAKE_PREFIX_PATH=/opt/ros/humble /usr/local/bin/cmake --install /home/xwz/1_fyt01/FYT2024_vision-main/build/rm_robot_description
